-- The C compiler identification is GNU 9.4.0
-- The CXX compiler identification is GNU 9.4.0
-- Check for working C compiler: /usr/bin/cc
-- Check for working C compiler: /usr/bin/cc -- works
-- Detecting C compiler ABI info
-- Detecting C compiler ABI info - done
-- Detecting C compile features
-- Detecting C compile features - done
-- Check for working CXX compiler: /usr/bin/c++
-- Check for working CXX compiler: /usr/bin/c++ -- works
-- Detecting CXX compiler ABI info
-- Detecting CXX compiler ABI info - done
-- Detecting CXX compile features
-- Detecting CXX compile features - done
-- Looking for pthread.h
-- Looking for pthread.h - found
-- Performing Test CMAKE_HAVE_LIBC_PTHREAD
-- Performing Test CMAKE_HAVE_LIBC_PTHREAD - Failed
-- Looking for pthread_create in pthreads
-- Looking for pthread_create in pthreads - not found
-- Looking for pthread_create in pthread
-- Looking for pthread_create in pthread - found
-- Found Threads: TRUE  
-- Found ament_cmake: 0.9.12 (/opt/ros/foxy/share/ament_cmake/cmake)
-- Found PythonInterp: /usr/bin/python3 (found suitable version "3.8.10", minimum required is "3") 
-- Using PYTHON_EXECUTABLE: /usr/bin/python3
-- Override CMake install command with custom implementation using symlinks instead of copying resources
-- Found rclcpp: 2.4.3 (/opt/ros/foxy/share/rclcpp/cmake)
-- Using all available rosidl_typesupport_c: rosidl_typesupport_fastrtps_c;rosidl_typesupport_introspection_c
-- Found rosidl_adapter: 1.3.1 (/opt/ros/foxy/share/rosidl_adapter/cmake)
-- Found OpenSSL: /usr/lib/x86_64-linux-gnu/libcrypto.so (found version "1.1.1f")  
-- Found FastRTPS: /opt/ros/foxy/include  
-- Using all available rosidl_typesupport_cpp: rosidl_typesupport_fastrtps_cpp;rosidl_typesupport_introspection_cpp
-- Found rmw_implementation_cmake: 1.0.4 (/opt/ros/foxy/share/rmw_implementation_cmake/cmake)
-- Using RMW implementation 'rmw_fastrtps_cpp' as default
-- Found rclcpp_action: 2.4.3 (/opt/ros/foxy/share/rclcpp_action/cmake)
-- Found rclcpp_lifecycle: 2.4.3 (/opt/ros/foxy/share/rclcpp_lifecycle/cmake)
-- Found ament_index_cpp: 1.1.0 (/opt/ros/foxy/share/ament_index_cpp/cmake)
-- Found plansys2_pddl_parser: 1.0.10 (/root/ros2_ws/src/install/plansys2_pddl_parser/share/plansys2_pddl_parser/cmake)
-- Found plansys2_core: 1.0.10 (/root/ros2_ws/src/install/plansys2_core/share/plansys2_core/cmake)
-- Found plansys2_domain_expert: 1.0.10 (/root/ros2_ws/src/install/plansys2_domain_expert/share/plansys2_domain_expert/cmake)
-- Found ament_lint_auto: 0.9.8 (/opt/ros/foxy/share/ament_lint_auto/cmake)
-- Found gtest sources under '/opt/ros/foxy/src/gtest_vendor': C++ tests using 'Google Test' will be built
-- Check if compiler accepts -pthread
-- Check if compiler accepts -pthread - yes
-- Added test 'copyright' to check source files copyright and LICENSE
-- Added test 'cppcheck' to perform static code analysis on C / C++ code
-- Configured cppcheck include dirs: /root/ros2_ws/src/ros2_planning_system/plansys2_problem_expert/include
-- Configured cppcheck exclude dirs and/or files: 
-- Added test 'cpplint' to check C / C++ code against the Google style
-- Configured cpplint exclude dirs and/or files: 
-- Added test 'flake8' to check Python code syntax and style conventions
-- Added test 'lint_cmake' to check CMake code style
-- Added test 'pep257' to check Python code against some of the style conventions in PEP 257
-- Added test 'uncrustify' to check C / C++ code style
-- Configured uncrustify additional arguments: 
-- Added test 'xmllint' to check XML markup files
-- Configuring done
-- Generating done
-- Build files have been written to: /root/ros2_ws/src/build/plansys2_problem_expert
[35m[1mScanning dependencies of target gtest[0m
[35m[1mScanning dependencies of target plansys2_problem_expert[0m
[35m[1mScanning dependencies of target gtest_main[0m
[  5%] [32mBuilding CXX object gtest/CMakeFiles/gtest_main.dir/src/gtest_main.cc.o[0m
[ 11%] [32mBuilding CXX object gtest/CMakeFiles/gtest.dir/src/gtest-all.cc.o[0m
[ 17%] [32mBuilding CXX object CMakeFiles/plansys2_problem_expert.dir/src/plansys2_problem_expert/ProblemExpert.cpp.o[0m
[ 23%] [32mBuilding CXX object CMakeFiles/plansys2_problem_expert.dir/src/plansys2_problem_expert/ProblemExpertClient.cpp.o[0m
[ 29%] [32mBuilding CXX object CMakeFiles/plansys2_problem_expert.dir/src/plansys2_problem_expert/ProblemExpertNode.cpp.o[0m
[ 35%] [32mBuilding CXX object CMakeFiles/plansys2_problem_expert.dir/src/plansys2_problem_expert/Utils.cpp.o[0m
[ 41%] [32m[1mLinking CXX static library libgtest_main.a[0m
[ 41%] Built target gtest_main
[ 47%] [32m[1mLinking CXX static library libgtest.a[0m
[ 47%] Built target gtest
[ 52%] [32m[1mLinking CXX shared library libplansys2_problem_expert.so[0m
[ 52%] Built target plansys2_problem_expert
[35m[1mScanning dependencies of target problem_expert_node[0m
[35m[1mScanning dependencies of target problem_expert_test[0m
[35m[1mScanning dependencies of target problem_expert_node_test[0m
[35m[1mScanning dependencies of target utils_test[0m
[ 58%] [32mBuilding CXX object test/unit/CMakeFiles/problem_expert_test.dir/problem_expert_test.cpp.o[0m
[ 64%] [32mBuilding CXX object CMakeFiles/problem_expert_node.dir/src/problem_expert_node.cpp.o[0m
[ 76%] [32mBuilding CXX object test/unit/CMakeFiles/problem_expert_node_test.dir/problem_expert_node_test.cpp.o[0m
[ 76%] [32mBuilding CXX object test/unit/CMakeFiles/utils_test.dir/utils_test.cpp.o[0m
[ 82%] [32m[1mLinking CXX executable problem_expert_test[0m
[ 88%] [32m[1mLinking CXX executable problem_expert_node[0m
[ 88%] Built target problem_expert_node
[ 88%] Built target problem_expert_test
[ 94%] [32m[1mLinking CXX executable utils_test[0m
[ 94%] Built target utils_test
[100%] [32m[1mLinking CXX executable problem_expert_node_test[0m
[100%] Built target problem_expert_node_test
-- Install configuration: ""
-- Execute custom install script
-- Symlinking: /root/ros2_ws/src/install/plansys2_problem_expert/include//plansys2_problem_expert/ProblemExpert.hpp
-- Symlinking: /root/ros2_ws/src/install/plansys2_problem_expert/include//plansys2_problem_expert/ProblemExpertClient.hpp
-- Symlinking: /root/ros2_ws/src/install/plansys2_problem_expert/include//plansys2_problem_expert/ProblemExpertInterface.hpp
-- Symlinking: /root/ros2_ws/src/install/plansys2_problem_expert/include//plansys2_problem_expert/ProblemExpertNode.hpp
-- Symlinking: /root/ros2_ws/src/install/plansys2_problem_expert/include//plansys2_problem_expert/Utils.hpp
-- Symlinking: /root/ros2_ws/src/install/plansys2_problem_expert/share/plansys2_problem_expert/launch/problem_expert_launch.py
-- Symlinking: /root/ros2_ws/src/install/plansys2_problem_expert/lib/libplansys2_problem_expert.so
-- Symlinking: /root/ros2_ws/src/install/plansys2_problem_expert/lib/plansys2_problem_expert/problem_expert_node
-- Symlinking: /root/ros2_ws/src/install/plansys2_problem_expert/share/plansys2_problem_expert/pddl/domain_charging.pddl
-- Symlinking: /root/ros2_ws/src/install/plansys2_problem_expert/share/plansys2_problem_expert/pddl/domain_simple.pddl
-- Symlinking: /root/ros2_ws/src/install/plansys2_problem_expert/share/plansys2_problem_expert/pddl/problem_charging.pddl
-- Symlinking: /root/ros2_ws/src/install/plansys2_problem_expert/share/plansys2_problem_expert/pddl/problem_empty_domain.pddl
-- Symlinking: /root/ros2_ws/src/install/plansys2_problem_expert/share/plansys2_problem_expert/pddl/problem_simple_1.pddl
-- Symlinking: /root/ros2_ws/src/install/plansys2_problem_expert/share/plansys2_problem_expert/pddl/problem_unexpected_syntax.pddl
-- Symlinking: /root/ros2_ws/src/install/plansys2_problem_expert/share/plansys2_problem_expert/environment/library_path.sh
-- Symlinking: /root/ros2_ws/src/install/plansys2_problem_expert/share/plansys2_problem_expert/environment/library_path.dsv
-- Symlinking: /root/ros2_ws/src/install/plansys2_problem_expert/share/ament_index/resource_index/package_run_dependencies/plansys2_problem_expert
-- Symlinking: /root/ros2_ws/src/install/plansys2_problem_expert/share/ament_index/resource_index/parent_prefix_path/plansys2_problem_expert
-- Symlinking: /root/ros2_ws/src/install/plansys2_problem_expert/share/plansys2_problem_expert/environment/ament_prefix_path.sh
-- Symlinking: /root/ros2_ws/src/install/plansys2_problem_expert/share/plansys2_problem_expert/environment/ament_prefix_path.dsv
-- Symlinking: /root/ros2_ws/src/install/plansys2_problem_expert/share/plansys2_problem_expert/environment/path.sh
-- Symlinking: /root/ros2_ws/src/install/plansys2_problem_expert/share/plansys2_problem_expert/environment/path.dsv
-- Symlinking: /root/ros2_ws/src/install/plansys2_problem_expert/share/plansys2_problem_expert/local_setup.bash
-- Symlinking: /root/ros2_ws/src/install/plansys2_problem_expert/share/plansys2_problem_expert/local_setup.sh
-- Symlinking: /root/ros2_ws/src/install/plansys2_problem_expert/share/plansys2_problem_expert/local_setup.zsh
-- Symlinking: /root/ros2_ws/src/install/plansys2_problem_expert/share/plansys2_problem_expert/local_setup.dsv
-- Symlinking: /root/ros2_ws/src/install/plansys2_problem_expert/share/plansys2_problem_expert/package.dsv
-- Symlinking: /root/ros2_ws/src/install/plansys2_problem_expert/share/ament_index/resource_index/packages/plansys2_problem_expert
-- Symlinking: /root/ros2_ws/src/install/plansys2_problem_expert/share/plansys2_problem_expert/cmake/ament_cmake_export_include_directories-extras.cmake
-- Symlinking: /root/ros2_ws/src/install/plansys2_problem_expert/share/plansys2_problem_expert/cmake/ament_cmake_export_libraries-extras.cmake
-- Symlinking: /root/ros2_ws/src/install/plansys2_problem_expert/share/plansys2_problem_expert/cmake/ament_cmake_export_dependencies-extras.cmake
-- Symlinking: /root/ros2_ws/src/install/plansys2_problem_expert/share/plansys2_problem_expert/cmake/plansys2_problem_expertConfig.cmake
-- Symlinking: /root/ros2_ws/src/install/plansys2_problem_expert/share/plansys2_problem_expert/cmake/plansys2_problem_expertConfig-version.cmake
-- Symlinking: /root/ros2_ws/src/install/plansys2_problem_expert/share/plansys2_problem_expert/package.xml
