[0.015s] Invoking command in '/root/ros2_ws/src/build/plansys2_popf_plan_solver': AMENT_PREFIX_PATH=/root/ros2_ws/src/install/plansys2_core:/root/ros2_ws/src/install/plansys2_pddl_parser:/root/ros2_ws/src/install/plansys2_msgs:${AMENT_PREFIX_PATH} CMAKE_PREFIX_PATH=/root/ros2_ws/src/install/plansys2_core:/root/ros2_ws/src/install/plansys2_pddl_parser:/root/ros2_ws/src/install/plansys2_msgs:/root/ros2_ws/install/ros2_aruco_interfaces:/root/ros2_ws/install/robot_urdf:/root/ros2_ws/install/plansys2_planner:/root/ros2_ws/install/plansys2_problem_expert:/root/ros2_ws/install/plansys2_domain_expert:/root/ros2_ws/install/plansys2_popf_plan_solver:/root/ros2_ws/install/plansys2_core:/root/ros2_ws/install/plansys2_pddl_parser:/root/ros2_ws/install/plansys2_msgs:/root/ros2_ws/install/plansys2_lifecycle_manager:/root/ros2_ws/install/ros2_aruco:/opt/ros/foxy LD_LIBRARY_PATH=/root/ros2_ws/src/install/plansys2_core/lib:/root/ros2_ws/src/install/plansys2_pddl_parser/lib:/root/ros2_ws/src/install/plansys2_msgs/lib:${LD_LIBRARY_PATH} PYTHONPATH=/root/ros2_ws/src/install/plansys2_msgs/lib/python3.8/site-packages:${PYTHONPATH} /usr/bin/cmake /root/ros2_ws/src/ros2_planning_system/plansys2_popf_plan_solver -DAMENT_CMAKE_SYMLINK_INSTALL=1 -DCMAKE_INSTALL_PREFIX=/root/ros2_ws/src/install/plansys2_popf_plan_solver
[0.060s] -- The C compiler identification is GNU 9.4.0
[0.105s] -- The CXX compiler identification is GNU 9.4.0
[0.110s] -- Check for working C compiler: /usr/bin/cc
[0.161s] -- Check for working C compiler: /usr/bin/cc -- works
[0.161s] -- Detecting C compiler ABI info
[0.214s] -- Detecting C compiler ABI info - done
[0.223s] -- Detecting C compile features
[0.224s] -- Detecting C compile features - done
[0.226s] -- Check for working CXX compiler: /usr/bin/c++
[0.289s] -- Check for working CXX compiler: /usr/bin/c++ -- works
[0.290s] -- Detecting CXX compiler ABI info
[0.351s] -- Detecting CXX compiler ABI info - done
[0.360s] -- Detecting CXX compile features
[0.360s] -- Detecting CXX compile features - done
[0.361s] -- Looking for pthread.h
[0.414s] -- Looking for pthread.h - found
[0.415s] -- Performing Test CMAKE_HAVE_LIBC_PTHREAD
[0.470s] -- Performing Test CMAKE_HAVE_LIBC_PTHREAD - Failed
[0.470s] -- Looking for pthread_create in pthreads
[0.514s] -- Looking for pthread_create in pthreads - not found
[0.514s] -- Looking for pthread_create in pthread
[0.595s] -- Looking for pthread_create in pthread - found
[0.599s] -- Found Threads: TRUE  
[0.618s] -- Found ament_cmake: 0.9.12 (/opt/ros/foxy/share/ament_cmake/cmake)
[0.698s] -- Found PythonInterp: /usr/bin/python3 (found suitable version "3.8.10", minimum required is "3") 
[0.698s] -- Using PYTHON_EXECUTABLE: /usr/bin/python3
[0.836s] -- Override CMake install command with custom implementation using symlinks instead of copying resources
[0.876s] -- Found rclcpp: 2.4.3 (/opt/ros/foxy/share/rclcpp/cmake)
[0.926s] -- Using all available rosidl_typesupport_c: rosidl_typesupport_fastrtps_c;rosidl_typesupport_introspection_c
[0.935s] -- Found rosidl_adapter: 1.3.1 (/opt/ros/foxy/share/rosidl_adapter/cmake)
[1.007s] -- Found OpenSSL: /usr/lib/x86_64-linux-gnu/libcrypto.so (found version "1.1.1f")  
[1.038s] -- Found FastRTPS: /opt/ros/foxy/include  
[1.115s] -- Using all available rosidl_typesupport_cpp: rosidl_typesupport_fastrtps_cpp;rosidl_typesupport_introspection_cpp
[1.163s] -- Found rmw_implementation_cmake: 1.0.4 (/opt/ros/foxy/share/rmw_implementation_cmake/cmake)
[1.164s] -- Using RMW implementation 'rmw_fastrtps_cpp' as default
[1.279s] -- Found ament_index_cpp: 1.1.0 (/opt/ros/foxy/share/ament_index_cpp/cmake)
[1.281s] -- Found plansys2_core: 1.0.10 (/root/ros2_ws/src/install/plansys2_core/share/plansys2_core/cmake)
[1.513s] -- Found ament_lint_auto: 0.9.8 (/opt/ros/foxy/share/ament_lint_auto/cmake)
[1.613s] -- Found gtest sources under '/opt/ros/foxy/src/gtest_vendor': C++ tests using 'Google Test' will be built
[1.615s] -- Check if compiler accepts -pthread
[1.669s] -- Check if compiler accepts -pthread - yes
[1.675s] -- Added test 'copyright' to check source files copyright and LICENSE
[1.679s] -- Added test 'cppcheck' to perform static code analysis on C / C++ code
[1.679s] -- Configured cppcheck include dirs: /root/ros2_ws/src/ros2_planning_system/plansys2_popf_plan_solver/include
[1.679s] -- Configured cppcheck exclude dirs and/or files: 
[1.680s] -- Added test 'cpplint' to check C / C++ code against the Google style
[1.680s] -- Configured cpplint exclude dirs and/or files: 
[1.681s] -- Added test 'lint_cmake' to check CMake code style
[1.682s] -- Added test 'uncrustify' to check C / C++ code style
[1.682s] -- Configured uncrustify additional arguments: 
[1.682s] -- Added test 'xmllint' to check XML markup files
[1.687s] -- Configuring done
[1.714s] -- Generating done
[1.721s] -- Build files have been written to: /root/ros2_ws/src/build/plansys2_popf_plan_solver
[1.729s] Invoked command in '/root/ros2_ws/src/build/plansys2_popf_plan_solver' returned '0': AMENT_PREFIX_PATH=/root/ros2_ws/src/install/plansys2_core:/root/ros2_ws/src/install/plansys2_pddl_parser:/root/ros2_ws/src/install/plansys2_msgs:${AMENT_PREFIX_PATH} CMAKE_PREFIX_PATH=/root/ros2_ws/src/install/plansys2_core:/root/ros2_ws/src/install/plansys2_pddl_parser:/root/ros2_ws/src/install/plansys2_msgs:/root/ros2_ws/install/ros2_aruco_interfaces:/root/ros2_ws/install/robot_urdf:/root/ros2_ws/install/plansys2_planner:/root/ros2_ws/install/plansys2_problem_expert:/root/ros2_ws/install/plansys2_domain_expert:/root/ros2_ws/install/plansys2_popf_plan_solver:/root/ros2_ws/install/plansys2_core:/root/ros2_ws/install/plansys2_pddl_parser:/root/ros2_ws/install/plansys2_msgs:/root/ros2_ws/install/plansys2_lifecycle_manager:/root/ros2_ws/install/ros2_aruco:/opt/ros/foxy LD_LIBRARY_PATH=/root/ros2_ws/src/install/plansys2_core/lib:/root/ros2_ws/src/install/plansys2_pddl_parser/lib:/root/ros2_ws/src/install/plansys2_msgs/lib:${LD_LIBRARY_PATH} PYTHONPATH=/root/ros2_ws/src/install/plansys2_msgs/lib/python3.8/site-packages:${PYTHONPATH} /usr/bin/cmake /root/ros2_ws/src/ros2_planning_system/plansys2_popf_plan_solver -DAMENT_CMAKE_SYMLINK_INSTALL=1 -DCMAKE_INSTALL_PREFIX=/root/ros2_ws/src/install/plansys2_popf_plan_solver
[1.731s] Invoking command in '/root/ros2_ws/src/build/plansys2_popf_plan_solver': AMENT_PREFIX_PATH=/root/ros2_ws/src/install/plansys2_core:/root/ros2_ws/src/install/plansys2_pddl_parser:/root/ros2_ws/src/install/plansys2_msgs:${AMENT_PREFIX_PATH} CMAKE_PREFIX_PATH=/root/ros2_ws/src/install/plansys2_core:/root/ros2_ws/src/install/plansys2_pddl_parser:/root/ros2_ws/src/install/plansys2_msgs:/root/ros2_ws/install/ros2_aruco_interfaces:/root/ros2_ws/install/robot_urdf:/root/ros2_ws/install/plansys2_planner:/root/ros2_ws/install/plansys2_problem_expert:/root/ros2_ws/install/plansys2_domain_expert:/root/ros2_ws/install/plansys2_popf_plan_solver:/root/ros2_ws/install/plansys2_core:/root/ros2_ws/install/plansys2_pddl_parser:/root/ros2_ws/install/plansys2_msgs:/root/ros2_ws/install/plansys2_lifecycle_manager:/root/ros2_ws/install/ros2_aruco:/opt/ros/foxy LD_LIBRARY_PATH=/root/ros2_ws/src/install/plansys2_core/lib:/root/ros2_ws/src/install/plansys2_pddl_parser/lib:/root/ros2_ws/src/install/plansys2_msgs/lib:${LD_LIBRARY_PATH} PYTHONPATH=/root/ros2_ws/src/install/plansys2_msgs/lib/python3.8/site-packages:${PYTHONPATH} /usr/bin/cmake --build /root/ros2_ws/src/build/plansys2_popf_plan_solver -- -j16 -l16
[1.764s] [35m[1mScanning dependencies of target plansys2_popf_plan_solver[0m
[1.764s] [35m[1mScanning dependencies of target gtest[0m
[1.764s] [35m[1mScanning dependencies of target gtest_main[0m
[1.775s] [ 12%] [32mBuilding CXX object gtest/CMakeFiles/gtest_main.dir/src/gtest_main.cc.o[0m
[1.776s] [ 25%] [32mBuilding CXX object gtest/CMakeFiles/gtest.dir/src/gtest-all.cc.o[0m
[1.805s] [ 37%] [32mBuilding CXX object CMakeFiles/plansys2_popf_plan_solver.dir/src/plansys2_popf_plan_solver/popf_plan_solver.cpp.o[0m
[2.363s] [ 50%] [32m[1mLinking CXX static library libgtest_main.a[0m
[2.389s] [ 50%] Built target gtest_main
[3.234s] [ 62%] [32m[1mLinking CXX shared library libplansys2_popf_plan_solver.so[0m
[3.332s] [ 62%] Built target plansys2_popf_plan_solver
[3.915s] [ 75%] [32m[1mLinking CXX static library libgtest.a[0m
[3.952s] [ 75%] Built target gtest
[3.960s] [35m[1mScanning dependencies of target popf_test[0m
[3.995s] [ 87%] [32mBuilding CXX object test/unit/CMakeFiles/popf_test.dir/popf_test.cpp.o[0m
[7.385s] [100%] [32m[1mLinking CXX executable popf_test[0m
[7.596s] [100%] Built target popf_test
[7.605s] Invoked command in '/root/ros2_ws/src/build/plansys2_popf_plan_solver' returned '0': AMENT_PREFIX_PATH=/root/ros2_ws/src/install/plansys2_core:/root/ros2_ws/src/install/plansys2_pddl_parser:/root/ros2_ws/src/install/plansys2_msgs:${AMENT_PREFIX_PATH} CMAKE_PREFIX_PATH=/root/ros2_ws/src/install/plansys2_core:/root/ros2_ws/src/install/plansys2_pddl_parser:/root/ros2_ws/src/install/plansys2_msgs:/root/ros2_ws/install/ros2_aruco_interfaces:/root/ros2_ws/install/robot_urdf:/root/ros2_ws/install/plansys2_planner:/root/ros2_ws/install/plansys2_problem_expert:/root/ros2_ws/install/plansys2_domain_expert:/root/ros2_ws/install/plansys2_popf_plan_solver:/root/ros2_ws/install/plansys2_core:/root/ros2_ws/install/plansys2_pddl_parser:/root/ros2_ws/install/plansys2_msgs:/root/ros2_ws/install/plansys2_lifecycle_manager:/root/ros2_ws/install/ros2_aruco:/opt/ros/foxy LD_LIBRARY_PATH=/root/ros2_ws/src/install/plansys2_core/lib:/root/ros2_ws/src/install/plansys2_pddl_parser/lib:/root/ros2_ws/src/install/plansys2_msgs/lib:${LD_LIBRARY_PATH} PYTHONPATH=/root/ros2_ws/src/install/plansys2_msgs/lib/python3.8/site-packages:${PYTHONPATH} /usr/bin/cmake --build /root/ros2_ws/src/build/plansys2_popf_plan_solver -- -j16 -l16
[7.607s] Invoking command in '/root/ros2_ws/src/build/plansys2_popf_plan_solver': AMENT_PREFIX_PATH=/root/ros2_ws/src/install/plansys2_core:/root/ros2_ws/src/install/plansys2_pddl_parser:/root/ros2_ws/src/install/plansys2_msgs:${AMENT_PREFIX_PATH} CMAKE_PREFIX_PATH=/root/ros2_ws/src/install/plansys2_core:/root/ros2_ws/src/install/plansys2_pddl_parser:/root/ros2_ws/src/install/plansys2_msgs:/root/ros2_ws/install/ros2_aruco_interfaces:/root/ros2_ws/install/robot_urdf:/root/ros2_ws/install/plansys2_planner:/root/ros2_ws/install/plansys2_problem_expert:/root/ros2_ws/install/plansys2_domain_expert:/root/ros2_ws/install/plansys2_popf_plan_solver:/root/ros2_ws/install/plansys2_core:/root/ros2_ws/install/plansys2_pddl_parser:/root/ros2_ws/install/plansys2_msgs:/root/ros2_ws/install/plansys2_lifecycle_manager:/root/ros2_ws/install/ros2_aruco:/opt/ros/foxy LD_LIBRARY_PATH=/root/ros2_ws/src/install/plansys2_core/lib:/root/ros2_ws/src/install/plansys2_pddl_parser/lib:/root/ros2_ws/src/install/plansys2_msgs/lib:${LD_LIBRARY_PATH} PYTHONPATH=/root/ros2_ws/src/install/plansys2_msgs/lib/python3.8/site-packages:${PYTHONPATH} /usr/bin/cmake --install /root/ros2_ws/src/build/plansys2_popf_plan_solver
[7.613s] -- Install configuration: ""
[7.614s] -- Execute custom install script
[7.614s] -- Symlinking: /root/ros2_ws/src/install/plansys2_popf_plan_solver/share/plansys2_popf_plan_solver//plansys2_popf_plan_solver_plugin.xml
[7.621s] -- Symlinking: /root/ros2_ws/src/install/plansys2_popf_plan_solver/include//plansys2_popf_plan_solver/popf_plan_solver.hpp
[7.628s] -- Up-to-date symlink: /root/ros2_ws/src/install/plansys2_popf_plan_solver/share/plansys2_popf_plan_solver/plansys2_popf_plan_solver_plugin.xml
[7.628s] -- Symlinking: /root/ros2_ws/src/install/plansys2_popf_plan_solver/lib/libplansys2_popf_plan_solver.so
[7.635s] -- Symlinking: /root/ros2_ws/src/install/plansys2_popf_plan_solver/share/plansys2_popf_plan_solver/pddl/domain_1_ok.pddl
[7.641s] -- Symlinking: /root/ros2_ws/src/install/plansys2_popf_plan_solver/share/plansys2_popf_plan_solver/pddl/domain_2_error.pddl
[7.648s] -- Symlinking: /root/ros2_ws/src/install/plansys2_popf_plan_solver/share/plansys2_popf_plan_solver/pddl/domain_simple.pddl
[7.654s] -- Symlinking: /root/ros2_ws/src/install/plansys2_popf_plan_solver/share/plansys2_popf_plan_solver/pddl/problem_simple_1.pddl
[7.660s] -- Symlinking: /root/ros2_ws/src/install/plansys2_popf_plan_solver/share/plansys2_popf_plan_solver/pddl/problem_simple_2.pddl
[7.667s] -- Symlinking: /root/ros2_ws/src/install/plansys2_popf_plan_solver/share/plansys2_popf_plan_solver/pddl/problem_simple_3.pddl
[7.673s] -- Symlinking: /root/ros2_ws/src/install/plansys2_popf_plan_solver/share/plansys2_popf_plan_solver/environment/library_path.sh
[7.680s] -- Symlinking: /root/ros2_ws/src/install/plansys2_popf_plan_solver/share/plansys2_popf_plan_solver/environment/library_path.dsv
[7.687s] -- Symlinking: /root/ros2_ws/src/install/plansys2_popf_plan_solver/share/ament_index/resource_index/package_run_dependencies/plansys2_popf_plan_solver
[7.694s] -- Symlinking: /root/ros2_ws/src/install/plansys2_popf_plan_solver/share/ament_index/resource_index/parent_prefix_path/plansys2_popf_plan_solver
[7.700s] -- Symlinking: /root/ros2_ws/src/install/plansys2_popf_plan_solver/share/plansys2_popf_plan_solver/environment/ament_prefix_path.sh
[7.706s] -- Symlinking: /root/ros2_ws/src/install/plansys2_popf_plan_solver/share/plansys2_popf_plan_solver/environment/ament_prefix_path.dsv
[7.713s] -- Symlinking: /root/ros2_ws/src/install/plansys2_popf_plan_solver/share/plansys2_popf_plan_solver/environment/path.sh
[7.719s] -- Symlinking: /root/ros2_ws/src/install/plansys2_popf_plan_solver/share/plansys2_popf_plan_solver/environment/path.dsv
[7.725s] -- Symlinking: /root/ros2_ws/src/install/plansys2_popf_plan_solver/share/plansys2_popf_plan_solver/local_setup.bash
[7.732s] -- Symlinking: /root/ros2_ws/src/install/plansys2_popf_plan_solver/share/plansys2_popf_plan_solver/local_setup.sh
[7.738s] -- Symlinking: /root/ros2_ws/src/install/plansys2_popf_plan_solver/share/plansys2_popf_plan_solver/local_setup.zsh
[7.745s] -- Symlinking: /root/ros2_ws/src/install/plansys2_popf_plan_solver/share/plansys2_popf_plan_solver/local_setup.dsv
[7.751s] -- Symlinking: /root/ros2_ws/src/install/plansys2_popf_plan_solver/share/plansys2_popf_plan_solver/package.dsv
[7.758s] -- Symlinking: /root/ros2_ws/src/install/plansys2_popf_plan_solver/share/ament_index/resource_index/packages/plansys2_popf_plan_solver
[7.764s] -- Symlinking: /root/ros2_ws/src/install/plansys2_popf_plan_solver/share/ament_index/resource_index/plansys2_core__pluginlib__plugin/plansys2_popf_plan_solver
[7.770s] -- Symlinking: /root/ros2_ws/src/install/plansys2_popf_plan_solver/share/plansys2_popf_plan_solver/cmake/ament_cmake_export_include_directories-extras.cmake
[7.777s] -- Symlinking: /root/ros2_ws/src/install/plansys2_popf_plan_solver/share/plansys2_popf_plan_solver/cmake/ament_cmake_export_libraries-extras.cmake
[7.784s] -- Symlinking: /root/ros2_ws/src/install/plansys2_popf_plan_solver/share/plansys2_popf_plan_solver/cmake/ament_cmake_export_dependencies-extras.cmake
[7.791s] -- Symlinking: /root/ros2_ws/src/install/plansys2_popf_plan_solver/share/plansys2_popf_plan_solver/cmake/plansys2_popf_plan_solverConfig.cmake
[7.797s] -- Symlinking: /root/ros2_ws/src/install/plansys2_popf_plan_solver/share/plansys2_popf_plan_solver/cmake/plansys2_popf_plan_solverConfig-version.cmake
[7.803s] -- Symlinking: /root/ros2_ws/src/install/plansys2_popf_plan_solver/share/plansys2_popf_plan_solver/package.xml
[7.812s] Invoked command in '/root/ros2_ws/src/build/plansys2_popf_plan_solver' returned '0': AMENT_PREFIX_PATH=/root/ros2_ws/src/install/plansys2_core:/root/ros2_ws/src/install/plansys2_pddl_parser:/root/ros2_ws/src/install/plansys2_msgs:${AMENT_PREFIX_PATH} CMAKE_PREFIX_PATH=/root/ros2_ws/src/install/plansys2_core:/root/ros2_ws/src/install/plansys2_pddl_parser:/root/ros2_ws/src/install/plansys2_msgs:/root/ros2_ws/install/ros2_aruco_interfaces:/root/ros2_ws/install/robot_urdf:/root/ros2_ws/install/plansys2_planner:/root/ros2_ws/install/plansys2_problem_expert:/root/ros2_ws/install/plansys2_domain_expert:/root/ros2_ws/install/plansys2_popf_plan_solver:/root/ros2_ws/install/plansys2_core:/root/ros2_ws/install/plansys2_pddl_parser:/root/ros2_ws/install/plansys2_msgs:/root/ros2_ws/install/plansys2_lifecycle_manager:/root/ros2_ws/install/ros2_aruco:/opt/ros/foxy LD_LIBRARY_PATH=/root/ros2_ws/src/install/plansys2_core/lib:/root/ros2_ws/src/install/plansys2_pddl_parser/lib:/root/ros2_ws/src/install/plansys2_msgs/lib:${LD_LIBRARY_PATH} PYTHONPATH=/root/ros2_ws/src/install/plansys2_msgs/lib/python3.8/site-packages:${PYTHONPATH} /usr/bin/cmake --install /root/ros2_ws/src/build/plansys2_popf_plan_solver
