[0.039s] Invoking command in '/root/ros2_ws/src/build/robot_urdf': CMAKE_PREFIX_PATH=${CMAKE_PREFIX_PATH}:/root/ros2_ws/install/ros2_aruco:/opt/ros/foxy /usr/bin/cmake /root/ros2_ws/src/robot_urdf -DAMENT_CMAKE_SYMLINK_INSTALL=1 -DCMAKE_INSTALL_PREFIX=/root/ros2_ws/src/install/robot_urdf
[0.232s] -- The C compiler identification is GNU 9.4.0
[0.346s] -- The CXX compiler identification is GNU 9.4.0
[0.350s] -- Check for working C compiler: /usr/bin/cc
[0.411s] -- Check for working C compiler: /usr/bin/cc -- works
[0.413s] -- Detecting C compiler ABI info
[0.473s] -- Detecting C compiler ABI info - done
[0.481s] -- Detecting C compile features
[0.482s] -- Detecting C compile features - done
[0.484s] -- Check for working CXX compiler: /usr/bin/c++
[0.547s] -- Check for working CXX compiler: /usr/bin/c++ -- works
[0.548s] -- Detecting CXX compiler ABI info
[0.613s] -- Detecting CXX compiler ABI info - done
[0.621s] -- Detecting CXX compile features
[0.622s] -- Detecting CXX compile features - done
[0.639s] -- Found ament_cmake: 0.9.12 (/opt/ros/foxy/share/ament_cmake/cmake)
[0.676s] -- Found PythonInterp: /usr/bin/python3 (found suitable version "3.8.10", minimum required is "3") 
[0.677s] -- Using PYTHON_EXECUTABLE: /usr/bin/python3
[0.811s] -- Override CMake install command with custom implementation using symlinks instead of copying resources
[0.875s] -- Found ament_lint_auto: 0.9.8 (/opt/ros/foxy/share/ament_lint_auto/cmake)
[0.961s] -- Added test 'copyright' to check source files copyright and LICENSE
[0.973s] -- Added test 'flake8' to check Python code syntax and style conventions
[0.974s] -- Added test 'lint_cmake' to check CMake code style
[0.975s] -- Added test 'pep257' to check Python code against some of the style conventions in PEP 257
[0.978s] -- Added test 'xmllint' to check XML markup files
[0.980s] -- Configuring done
[0.982s] -- Generating done
[0.984s] -- Build files have been written to: /root/ros2_ws/src/build/robot_urdf
[0.987s] Invoked command in '/root/ros2_ws/src/build/robot_urdf' returned '0': CMAKE_PREFIX_PATH=${CMAKE_PREFIX_PATH}:/root/ros2_ws/install/ros2_aruco:/opt/ros/foxy /usr/bin/cmake /root/ros2_ws/src/robot_urdf -DAMENT_CMAKE_SYMLINK_INSTALL=1 -DCMAKE_INSTALL_PREFIX=/root/ros2_ws/src/install/robot_urdf
[0.989s] Invoking command in '/root/ros2_ws/src/build/robot_urdf': CMAKE_PREFIX_PATH=${CMAKE_PREFIX_PATH}:/root/ros2_ws/install/ros2_aruco:/opt/ros/foxy /usr/bin/cmake --build /root/ros2_ws/src/build/robot_urdf -- -j16 -l16
[1.006s] -- Found ament_cmake: 0.9.12 (/opt/ros/foxy/share/ament_cmake/cmake)
[1.028s] -- Using PYTHON_EXECUTABLE: /usr/bin/python3
[1.168s] -- Override CMake install command with custom implementation using symlinks instead of copying resources
[1.173s] -- Found ament_lint_auto: 0.9.8 (/opt/ros/foxy/share/ament_lint_auto/cmake)
[1.223s] -- Added test 'copyright' to check source files copyright and LICENSE
[1.227s] -- Added test 'flake8' to check Python code syntax and style conventions
[1.228s] -- Added test 'lint_cmake' to check CMake code style
[1.228s] -- Added test 'pep257' to check Python code against some of the style conventions in PEP 257
[1.231s] -- Added test 'xmllint' to check XML markup files
[1.232s] -- Configuring done
[1.233s] -- Generating done
[1.234s] -- Build files have been written to: /root/ros2_ws/src/build/robot_urdf
[1.250s] Invoked command in '/root/ros2_ws/src/build/robot_urdf' returned '0': CMAKE_PREFIX_PATH=${CMAKE_PREFIX_PATH}:/root/ros2_ws/install/ros2_aruco:/opt/ros/foxy /usr/bin/cmake --build /root/ros2_ws/src/build/robot_urdf -- -j16 -l16
[1.261s] Invoking command in '/root/ros2_ws/src/build/robot_urdf': CMAKE_PREFIX_PATH=${CMAKE_PREFIX_PATH}:/root/ros2_ws/install/ros2_aruco:/opt/ros/foxy /usr/bin/cmake --install /root/ros2_ws/src/build/robot_urdf
[1.266s] -- Install configuration: ""
[1.266s] -- Execute custom install script
[1.268s] -- Symlinking: /root/ros2_ws/src/install/robot_urdf/share/robot_urdf//launch/__pycache__/gazebo.launch.cpython-38.pyc
[1.274s] -- Symlinking: /root/ros2_ws/src/install/robot_urdf/share/robot_urdf//launch/__pycache__/gazebo2.launch.cpython-38.pyc
[1.281s] -- Symlinking: /root/ros2_ws/src/install/robot_urdf/share/robot_urdf//launch/__pycache__/gazebo_arm.launch.cpython-38.pyc
[1.287s] -- Symlinking: /root/ros2_ws/src/install/robot_urdf/share/robot_urdf//launch/gazebo.launch.py
[1.294s] -- Symlinking: /root/ros2_ws/src/install/robot_urdf/share/robot_urdf//launch/gazebo2.launch.py
[1.303s] -- Symlinking: /root/ros2_ws/src/install/robot_urdf/share/robot_urdf//launch/gazebo_arm.launch.py
[1.310s] -- Symlinking: /root/ros2_ws/src/install/robot_urdf/share/robot_urdf//launch/gazebo_aruco.launch.py
[1.316s] -- Symlinking: /root/ros2_ws/src/install/robot_urdf/share/robot_urdf//launch/gazebo_assignment.launch.py
[1.323s] -- Symlinking: /root/ros2_ws/src/install/robot_urdf/share/robot_urdf//urdf/m2wr_arm2.gazebo
[1.329s] -- Symlinking: /root/ros2_ws/src/install/robot_urdf/share/robot_urdf//urdf/m2wr_arm2.xacro
[1.336s] -- Symlinking: /root/ros2_ws/src/install/robot_urdf/share/robot_urdf//urdf/materials.xacro
[1.342s] -- Symlinking: /root/ros2_ws/src/install/robot_urdf/share/robot_urdf//urdf/robot4.gazebo
[1.349s] -- Symlinking: /root/ros2_ws/src/install/robot_urdf/share/robot_urdf//urdf/robot4.xacro
[1.355s] -- Symlinking: /root/ros2_ws/src/install/robot_urdf/share/robot_urdf//urdf/robot5.gazebo
[1.362s] -- Symlinking: /root/ros2_ws/src/install/robot_urdf/share/robot_urdf//urdf/robot5.xacro
[1.369s] -- Symlinking: /root/ros2_ws/src/install/robot_urdf/share/robot_urdf//config/config.yaml
[1.375s] -- Symlinking: /root/ros2_ws/src/install/robot_urdf/share/robot_urdf//config/config_camera.yaml
[1.381s] -- Symlinking: /root/ros2_ws/src/install/robot_urdf/share/robot_urdf//config/config_old.yaml
[1.387s] -- Symlinking: /root/ros2_ws/src/install/robot_urdf/share/robot_urdf//config/rviz.rviz
[1.393s] -- Symlinking: /root/ros2_ws/src/install/robot_urdf/share/robot_urdf//worlds/aruco_assignment.world
[1.401s] -- Symlinking: /root/ros2_ws/src/install/robot_urdf/share/robot_urdf//worlds/aruco_test.world
[1.407s] -- Symlinking: /root/ros2_ws/src/install/robot_urdf/share/robot_urdf//worlds/gazebo_ass.world
[1.413s] -- Symlinking: /root/ros2_ws/src/install/robot_urdf/share/robot_urdf//worlds/gazebo_assignment.world
[1.419s] -- Symlinking: /root/ros2_ws/src/install/robot_urdf/share/robot_urdf//worlds/mytest.world
[1.425s] -- Symlinking: /root/ros2_ws/src/install/robot_urdf/share/robot_urdf//worlds/new_world_2.world
[1.432s] -- Symlinking: /root/ros2_ws/src/install/robot_urdf/share/ament_index/resource_index/package_run_dependencies/robot_urdf
[1.438s] -- Symlinking: /root/ros2_ws/src/install/robot_urdf/share/ament_index/resource_index/parent_prefix_path/robot_urdf
[1.445s] -- Symlinking: /root/ros2_ws/src/install/robot_urdf/share/robot_urdf/environment/ament_prefix_path.sh
[1.451s] -- Symlinking: /root/ros2_ws/src/install/robot_urdf/share/robot_urdf/environment/ament_prefix_path.dsv
[1.458s] -- Symlinking: /root/ros2_ws/src/install/robot_urdf/share/robot_urdf/environment/path.sh
[1.464s] -- Symlinking: /root/ros2_ws/src/install/robot_urdf/share/robot_urdf/environment/path.dsv
[1.470s] -- Symlinking: /root/ros2_ws/src/install/robot_urdf/share/robot_urdf/local_setup.bash
[1.477s] -- Symlinking: /root/ros2_ws/src/install/robot_urdf/share/robot_urdf/local_setup.sh
[1.483s] -- Symlinking: /root/ros2_ws/src/install/robot_urdf/share/robot_urdf/local_setup.zsh
[1.489s] -- Symlinking: /root/ros2_ws/src/install/robot_urdf/share/robot_urdf/local_setup.dsv
[1.498s] -- Symlinking: /root/ros2_ws/src/install/robot_urdf/share/robot_urdf/package.dsv
[1.504s] -- Symlinking: /root/ros2_ws/src/install/robot_urdf/share/ament_index/resource_index/packages/robot_urdf
[1.510s] -- Symlinking: /root/ros2_ws/src/install/robot_urdf/share/robot_urdf/cmake/robot_urdfConfig.cmake
[1.516s] -- Symlinking: /root/ros2_ws/src/install/robot_urdf/share/robot_urdf/cmake/robot_urdfConfig-version.cmake
[1.524s] -- Symlinking: /root/ros2_ws/src/install/robot_urdf/share/robot_urdf/package.xml
[1.533s] Invoked command in '/root/ros2_ws/src/build/robot_urdf' returned '0': CMAKE_PREFIX_PATH=${CMAKE_PREFIX_PATH}:/root/ros2_ws/install/ros2_aruco:/opt/ros/foxy /usr/bin/cmake --install /root/ros2_ws/src/build/robot_urdf
