[0.079s] Invoking command in '/root/ros2_ws/src/build/plansys2_bringup': AMENT_PREFIX_PATH=/root/ros2_ws/src/install/plansys2_executor:/root/ros2_ws/src/install/plansys2_planner:/root/ros2_ws/src/install/plansys2_problem_expert:/root/ros2_ws/src/install/plansys2_domain_expert:/root/ros2_ws/src/install/plansys2_popf_plan_solver:/root/ros2_ws/src/install/plansys2_core:/root/ros2_ws/src/install/rclcpp_cascade_lifecycle:/root/ros2_ws/src/install/plansys2_pddl_parser:/root/ros2_ws/src/install/plansys2_msgs:/root/ros2_ws/src/install/plansys2_lifecycle_manager:/root/ros2_ws/src/install/cascade_lifecycle_msgs:${AMENT_PREFIX_PATH} CMAKE_PREFIX_PATH=/root/ros2_ws/src/install/plansys2_executor:/root/ros2_ws/src/install/plansys2_planner:/root/ros2_ws/src/install/plansys2_problem_expert:/root/ros2_ws/src/install/plansys2_domain_expert:/root/ros2_ws/src/install/plansys2_popf_plan_solver:/root/ros2_ws/src/install/plansys2_core:/root/ros2_ws/src/install/rclcpp_cascade_lifecycle:/root/ros2_ws/src/install/plansys2_pddl_parser:/root/ros2_ws/src/install/plansys2_msgs:/root/ros2_ws/src/install/plansys2_lifecycle_manager:/root/ros2_ws/src/install/cascade_lifecycle_msgs:/root/ros2_ws/install/ros2_aruco_interfaces:/root/ros2_ws/install/robot_urdf:/root/ros2_ws/install/plansys2_planner:/root/ros2_ws/install/plansys2_problem_expert:/root/ros2_ws/install/plansys2_domain_expert:/root/ros2_ws/install/plansys2_popf_plan_solver:/root/ros2_ws/install/plansys2_core:/root/ros2_ws/install/plansys2_pddl_parser:/root/ros2_ws/install/plansys2_msgs:/root/ros2_ws/install/plansys2_lifecycle_manager:/root/ros2_ws/install/ros2_aruco:/opt/ros/foxy LD_LIBRARY_PATH=/root/ros2_ws/src/install/plansys2_executor/lib:/root/ros2_ws/src/install/plansys2_planner/lib:/root/ros2_ws/src/install/plansys2_problem_expert/lib:/root/ros2_ws/src/install/plansys2_domain_expert/lib:/root/ros2_ws/src/install/plansys2_popf_plan_solver/lib:/root/ros2_ws/src/install/plansys2_core/lib:/root/ros2_ws/src/install/rclcpp_cascade_lifecycle/lib:/root/ros2_ws/src/install/plansys2_pddl_parser/lib:/root/ros2_ws/src/install/plansys2_msgs/lib:/root/ros2_ws/src/install/plansys2_lifecycle_manager/lib:/root/ros2_ws/src/install/cascade_lifecycle_msgs/lib:${LD_LIBRARY_PATH} PYTHONPATH=/root/ros2_ws/src/install/plansys2_msgs/lib/python3.8/site-packages:/root/ros2_ws/src/install/cascade_lifecycle_msgs/lib/python3.8/site-packages:${PYTHONPATH} /usr/bin/cmake /root/ros2_ws/src/ros2_planning_system/plansys2_bringup -DAMENT_CMAKE_SYMLINK_INSTALL=1 -DCMAKE_INSTALL_PREFIX=/root/ros2_ws/src/install/plansys2_bringup
[0.150s] -- The C compiler identification is GNU 9.4.0
[0.207s] -- The CXX compiler identification is GNU 9.4.0
[0.212s] -- Check for working C compiler: /usr/bin/cc
[0.285s] -- Check for working C compiler: /usr/bin/cc -- works
[0.286s] -- Detecting C compiler ABI info
[0.366s] -- Detecting C compiler ABI info - done
[0.375s] -- Detecting C compile features
[0.375s] -- Detecting C compile features - done
[0.378s] -- Check for working CXX compiler: /usr/bin/c++
[0.463s] -- Check for working CXX compiler: /usr/bin/c++ -- works
[0.464s] -- Detecting CXX compiler ABI info
[0.548s] -- Detecting CXX compiler ABI info - done
[0.559s] -- Detecting CXX compile features
[0.559s] -- Detecting CXX compile features - done
[0.562s] -- Looking for pthread.h
[0.644s] -- Looking for pthread.h - found
[0.644s] -- Performing Test CMAKE_HAVE_LIBC_PTHREAD
[0.715s] -- Performing Test CMAKE_HAVE_LIBC_PTHREAD - Failed
[0.715s] -- Looking for pthread_create in pthreads
[0.787s] -- Looking for pthread_create in pthreads - not found
[0.787s] -- Looking for pthread_create in pthread
[0.868s] -- Looking for pthread_create in pthread - found
[0.868s] -- Found Threads: TRUE  
[0.873s] -- Found ament_cmake: 0.9.12 (/opt/ros/foxy/share/ament_cmake/cmake)
[0.907s] -- Found PythonInterp: /usr/bin/python3 (found suitable version "3.8.10", minimum required is "3") 
[0.907s] -- Using PYTHON_EXECUTABLE: /usr/bin/python3
[1.081s] -- Override CMake install command with custom implementation using symlinks instead of copying resources
[1.149s] -- Found rclcpp: 2.4.3 (/opt/ros/foxy/share/rclcpp/cmake)
[1.236s] -- Using all available rosidl_typesupport_c: rosidl_typesupport_fastrtps_c;rosidl_typesupport_introspection_c
[1.247s] -- Found rosidl_adapter: 1.3.1 (/opt/ros/foxy/share/rosidl_adapter/cmake)
[1.378s] -- Found OpenSSL: /usr/lib/x86_64-linux-gnu/libcrypto.so (found version "1.1.1f")  
[1.425s] -- Found FastRTPS: /opt/ros/foxy/include  
[1.529s] -- Using all available rosidl_typesupport_cpp: rosidl_typesupport_fastrtps_cpp;rosidl_typesupport_introspection_cpp
[1.594s] -- Found rmw_implementation_cmake: 1.0.4 (/opt/ros/foxy/share/rmw_implementation_cmake/cmake)
[1.597s] -- Using RMW implementation 'rmw_fastrtps_cpp' as default
[1.768s] -- Found plansys2_domain_expert: 1.0.10 (/root/ros2_ws/src/install/plansys2_domain_expert/share/plansys2_domain_expert/cmake)
[2.266s] -- Found plansys2_problem_expert: 1.0.10 (/root/ros2_ws/src/install/plansys2_problem_expert/share/plansys2_problem_expert/cmake)
[2.555s] -- Found plansys2_planner: 1.0.10 (/root/ros2_ws/src/install/plansys2_planner/share/plansys2_planner/cmake)
[3.152s] -- Found plansys2_executor: 1.0.10 (/root/ros2_ws/src/install/plansys2_executor/share/plansys2_executor/cmake)
[4.145s] -- Found plansys2_lifecycle_manager: 1.0.10 (/root/ros2_ws/src/install/plansys2_lifecycle_manager/share/plansys2_lifecycle_manager/cmake)
[8.509s] -- Found ament_lint_auto: 0.9.8 (/opt/ros/foxy/share/ament_lint_auto/cmake)
[8.863s] -- Added test 'copyright' to check source files copyright and LICENSE
[8.872s] -- Added test 'cppcheck' to perform static code analysis on C / C++ code
[8.872s] -- Configured cppcheck include dirs: 
[8.872s] -- Configured cppcheck exclude dirs and/or files: 
[8.874s] -- Added test 'cpplint' to check C / C++ code against the Google style
[8.876s] -- Configured cpplint exclude dirs and/or files: 
[8.877s] -- Added test 'flake8' to check Python code syntax and style conventions
[8.878s] -- Added test 'lint_cmake' to check CMake code style
[8.878s] -- Added test 'pep257' to check Python code against some of the style conventions in PEP 257
[8.881s] -- Added test 'uncrustify' to check C / C++ code style
[8.881s] -- Configured uncrustify additional arguments: 
[8.884s] -- Added test 'xmllint' to check XML markup files
[8.908s] -- Configuring done
[8.944s] -- Generating done
[8.957s] -- Build files have been written to: /root/ros2_ws/src/build/plansys2_bringup
[8.978s] Invoked command in '/root/ros2_ws/src/build/plansys2_bringup' returned '0': AMENT_PREFIX_PATH=/root/ros2_ws/src/install/plansys2_executor:/root/ros2_ws/src/install/plansys2_planner:/root/ros2_ws/src/install/plansys2_problem_expert:/root/ros2_ws/src/install/plansys2_domain_expert:/root/ros2_ws/src/install/plansys2_popf_plan_solver:/root/ros2_ws/src/install/plansys2_core:/root/ros2_ws/src/install/rclcpp_cascade_lifecycle:/root/ros2_ws/src/install/plansys2_pddl_parser:/root/ros2_ws/src/install/plansys2_msgs:/root/ros2_ws/src/install/plansys2_lifecycle_manager:/root/ros2_ws/src/install/cascade_lifecycle_msgs:${AMENT_PREFIX_PATH} CMAKE_PREFIX_PATH=/root/ros2_ws/src/install/plansys2_executor:/root/ros2_ws/src/install/plansys2_planner:/root/ros2_ws/src/install/plansys2_problem_expert:/root/ros2_ws/src/install/plansys2_domain_expert:/root/ros2_ws/src/install/plansys2_popf_plan_solver:/root/ros2_ws/src/install/plansys2_core:/root/ros2_ws/src/install/rclcpp_cascade_lifecycle:/root/ros2_ws/src/install/plansys2_pddl_parser:/root/ros2_ws/src/install/plansys2_msgs:/root/ros2_ws/src/install/plansys2_lifecycle_manager:/root/ros2_ws/src/install/cascade_lifecycle_msgs:/root/ros2_ws/install/ros2_aruco_interfaces:/root/ros2_ws/install/robot_urdf:/root/ros2_ws/install/plansys2_planner:/root/ros2_ws/install/plansys2_problem_expert:/root/ros2_ws/install/plansys2_domain_expert:/root/ros2_ws/install/plansys2_popf_plan_solver:/root/ros2_ws/install/plansys2_core:/root/ros2_ws/install/plansys2_pddl_parser:/root/ros2_ws/install/plansys2_msgs:/root/ros2_ws/install/plansys2_lifecycle_manager:/root/ros2_ws/install/ros2_aruco:/opt/ros/foxy LD_LIBRARY_PATH=/root/ros2_ws/src/install/plansys2_executor/lib:/root/ros2_ws/src/install/plansys2_planner/lib:/root/ros2_ws/src/install/plansys2_problem_expert/lib:/root/ros2_ws/src/install/plansys2_domain_expert/lib:/root/ros2_ws/src/install/plansys2_popf_plan_solver/lib:/root/ros2_ws/src/install/plansys2_core/lib:/root/ros2_ws/src/install/rclcpp_cascade_lifecycle/lib:/root/ros2_ws/src/install/plansys2_pddl_parser/lib:/root/ros2_ws/src/install/plansys2_msgs/lib:/root/ros2_ws/src/install/plansys2_lifecycle_manager/lib:/root/ros2_ws/src/install/cascade_lifecycle_msgs/lib:${LD_LIBRARY_PATH} PYTHONPATH=/root/ros2_ws/src/install/plansys2_msgs/lib/python3.8/site-packages:/root/ros2_ws/src/install/cascade_lifecycle_msgs/lib/python3.8/site-packages:${PYTHONPATH} /usr/bin/cmake /root/ros2_ws/src/ros2_planning_system/plansys2_bringup -DAMENT_CMAKE_SYMLINK_INSTALL=1 -DCMAKE_INSTALL_PREFIX=/root/ros2_ws/src/install/plansys2_bringup
[8.982s] Invoking command in '/root/ros2_ws/src/build/plansys2_bringup': AMENT_PREFIX_PATH=/root/ros2_ws/src/install/plansys2_executor:/root/ros2_ws/src/install/plansys2_planner:/root/ros2_ws/src/install/plansys2_problem_expert:/root/ros2_ws/src/install/plansys2_domain_expert:/root/ros2_ws/src/install/plansys2_popf_plan_solver:/root/ros2_ws/src/install/plansys2_core:/root/ros2_ws/src/install/rclcpp_cascade_lifecycle:/root/ros2_ws/src/install/plansys2_pddl_parser:/root/ros2_ws/src/install/plansys2_msgs:/root/ros2_ws/src/install/plansys2_lifecycle_manager:/root/ros2_ws/src/install/cascade_lifecycle_msgs:${AMENT_PREFIX_PATH} CMAKE_PREFIX_PATH=/root/ros2_ws/src/install/plansys2_executor:/root/ros2_ws/src/install/plansys2_planner:/root/ros2_ws/src/install/plansys2_problem_expert:/root/ros2_ws/src/install/plansys2_domain_expert:/root/ros2_ws/src/install/plansys2_popf_plan_solver:/root/ros2_ws/src/install/plansys2_core:/root/ros2_ws/src/install/rclcpp_cascade_lifecycle:/root/ros2_ws/src/install/plansys2_pddl_parser:/root/ros2_ws/src/install/plansys2_msgs:/root/ros2_ws/src/install/plansys2_lifecycle_manager:/root/ros2_ws/src/install/cascade_lifecycle_msgs:/root/ros2_ws/install/ros2_aruco_interfaces:/root/ros2_ws/install/robot_urdf:/root/ros2_ws/install/plansys2_planner:/root/ros2_ws/install/plansys2_problem_expert:/root/ros2_ws/install/plansys2_domain_expert:/root/ros2_ws/install/plansys2_popf_plan_solver:/root/ros2_ws/install/plansys2_core:/root/ros2_ws/install/plansys2_pddl_parser:/root/ros2_ws/install/plansys2_msgs:/root/ros2_ws/install/plansys2_lifecycle_manager:/root/ros2_ws/install/ros2_aruco:/opt/ros/foxy LD_LIBRARY_PATH=/root/ros2_ws/src/install/plansys2_executor/lib:/root/ros2_ws/src/install/plansys2_planner/lib:/root/ros2_ws/src/install/plansys2_problem_expert/lib:/root/ros2_ws/src/install/plansys2_domain_expert/lib:/root/ros2_ws/src/install/plansys2_popf_plan_solver/lib:/root/ros2_ws/src/install/plansys2_core/lib:/root/ros2_ws/src/install/rclcpp_cascade_lifecycle/lib:/root/ros2_ws/src/install/plansys2_pddl_parser/lib:/root/ros2_ws/src/install/plansys2_msgs/lib:/root/ros2_ws/src/install/plansys2_lifecycle_manager/lib:/root/ros2_ws/src/install/cascade_lifecycle_msgs/lib:${LD_LIBRARY_PATH} PYTHONPATH=/root/ros2_ws/src/install/plansys2_msgs/lib/python3.8/site-packages:/root/ros2_ws/src/install/cascade_lifecycle_msgs/lib/python3.8/site-packages:${PYTHONPATH} /usr/bin/cmake --build /root/ros2_ws/src/build/plansys2_bringup -- -j16 -l16
[9.185s] [35m[1mScanning dependencies of target plansys2_node[0m
[9.397s] [ 50%] [32mBuilding CXX object CMakeFiles/plansys2_node.dir/src/plansys2_node.cpp.o[0m
[14.307s] [100%] [32m[1mLinking CXX executable plansys2_node[0m
[15.312s] [100%] Built target plansys2_node
[15.324s] Invoked command in '/root/ros2_ws/src/build/plansys2_bringup' returned '0': AMENT_PREFIX_PATH=/root/ros2_ws/src/install/plansys2_executor:/root/ros2_ws/src/install/plansys2_planner:/root/ros2_ws/src/install/plansys2_problem_expert:/root/ros2_ws/src/install/plansys2_domain_expert:/root/ros2_ws/src/install/plansys2_popf_plan_solver:/root/ros2_ws/src/install/plansys2_core:/root/ros2_ws/src/install/rclcpp_cascade_lifecycle:/root/ros2_ws/src/install/plansys2_pddl_parser:/root/ros2_ws/src/install/plansys2_msgs:/root/ros2_ws/src/install/plansys2_lifecycle_manager:/root/ros2_ws/src/install/cascade_lifecycle_msgs:${AMENT_PREFIX_PATH} CMAKE_PREFIX_PATH=/root/ros2_ws/src/install/plansys2_executor:/root/ros2_ws/src/install/plansys2_planner:/root/ros2_ws/src/install/plansys2_problem_expert:/root/ros2_ws/src/install/plansys2_domain_expert:/root/ros2_ws/src/install/plansys2_popf_plan_solver:/root/ros2_ws/src/install/plansys2_core:/root/ros2_ws/src/install/rclcpp_cascade_lifecycle:/root/ros2_ws/src/install/plansys2_pddl_parser:/root/ros2_ws/src/install/plansys2_msgs:/root/ros2_ws/src/install/plansys2_lifecycle_manager:/root/ros2_ws/src/install/cascade_lifecycle_msgs:/root/ros2_ws/install/ros2_aruco_interfaces:/root/ros2_ws/install/robot_urdf:/root/ros2_ws/install/plansys2_planner:/root/ros2_ws/install/plansys2_problem_expert:/root/ros2_ws/install/plansys2_domain_expert:/root/ros2_ws/install/plansys2_popf_plan_solver:/root/ros2_ws/install/plansys2_core:/root/ros2_ws/install/plansys2_pddl_parser:/root/ros2_ws/install/plansys2_msgs:/root/ros2_ws/install/plansys2_lifecycle_manager:/root/ros2_ws/install/ros2_aruco:/opt/ros/foxy LD_LIBRARY_PATH=/root/ros2_ws/src/install/plansys2_executor/lib:/root/ros2_ws/src/install/plansys2_planner/lib:/root/ros2_ws/src/install/plansys2_problem_expert/lib:/root/ros2_ws/src/install/plansys2_domain_expert/lib:/root/ros2_ws/src/install/plansys2_popf_plan_solver/lib:/root/ros2_ws/src/install/plansys2_core/lib:/root/ros2_ws/src/install/rclcpp_cascade_lifecycle/lib:/root/ros2_ws/src/install/plansys2_pddl_parser/lib:/root/ros2_ws/src/install/plansys2_msgs/lib:/root/ros2_ws/src/install/plansys2_lifecycle_manager/lib:/root/ros2_ws/src/install/cascade_lifecycle_msgs/lib:${LD_LIBRARY_PATH} PYTHONPATH=/root/ros2_ws/src/install/plansys2_msgs/lib/python3.8/site-packages:/root/ros2_ws/src/install/cascade_lifecycle_msgs/lib/python3.8/site-packages:${PYTHONPATH} /usr/bin/cmake --build /root/ros2_ws/src/build/plansys2_bringup -- -j16 -l16
[15.327s] Invoking command in '/root/ros2_ws/src/build/plansys2_bringup': AMENT_PREFIX_PATH=/root/ros2_ws/src/install/plansys2_executor:/root/ros2_ws/src/install/plansys2_planner:/root/ros2_ws/src/install/plansys2_problem_expert:/root/ros2_ws/src/install/plansys2_domain_expert:/root/ros2_ws/src/install/plansys2_popf_plan_solver:/root/ros2_ws/src/install/plansys2_core:/root/ros2_ws/src/install/rclcpp_cascade_lifecycle:/root/ros2_ws/src/install/plansys2_pddl_parser:/root/ros2_ws/src/install/plansys2_msgs:/root/ros2_ws/src/install/plansys2_lifecycle_manager:/root/ros2_ws/src/install/cascade_lifecycle_msgs:${AMENT_PREFIX_PATH} CMAKE_PREFIX_PATH=/root/ros2_ws/src/install/plansys2_executor:/root/ros2_ws/src/install/plansys2_planner:/root/ros2_ws/src/install/plansys2_problem_expert:/root/ros2_ws/src/install/plansys2_domain_expert:/root/ros2_ws/src/install/plansys2_popf_plan_solver:/root/ros2_ws/src/install/plansys2_core:/root/ros2_ws/src/install/rclcpp_cascade_lifecycle:/root/ros2_ws/src/install/plansys2_pddl_parser:/root/ros2_ws/src/install/plansys2_msgs:/root/ros2_ws/src/install/plansys2_lifecycle_manager:/root/ros2_ws/src/install/cascade_lifecycle_msgs:/root/ros2_ws/install/ros2_aruco_interfaces:/root/ros2_ws/install/robot_urdf:/root/ros2_ws/install/plansys2_planner:/root/ros2_ws/install/plansys2_problem_expert:/root/ros2_ws/install/plansys2_domain_expert:/root/ros2_ws/install/plansys2_popf_plan_solver:/root/ros2_ws/install/plansys2_core:/root/ros2_ws/install/plansys2_pddl_parser:/root/ros2_ws/install/plansys2_msgs:/root/ros2_ws/install/plansys2_lifecycle_manager:/root/ros2_ws/install/ros2_aruco:/opt/ros/foxy LD_LIBRARY_PATH=/root/ros2_ws/src/install/plansys2_executor/lib:/root/ros2_ws/src/install/plansys2_planner/lib:/root/ros2_ws/src/install/plansys2_problem_expert/lib:/root/ros2_ws/src/install/plansys2_domain_expert/lib:/root/ros2_ws/src/install/plansys2_popf_plan_solver/lib:/root/ros2_ws/src/install/plansys2_core/lib:/root/ros2_ws/src/install/rclcpp_cascade_lifecycle/lib:/root/ros2_ws/src/install/plansys2_pddl_parser/lib:/root/ros2_ws/src/install/plansys2_msgs/lib:/root/ros2_ws/src/install/plansys2_lifecycle_manager/lib:/root/ros2_ws/src/install/cascade_lifecycle_msgs/lib:${LD_LIBRARY_PATH} PYTHONPATH=/root/ros2_ws/src/install/plansys2_msgs/lib/python3.8/site-packages:/root/ros2_ws/src/install/cascade_lifecycle_msgs/lib/python3.8/site-packages:${PYTHONPATH} /usr/bin/cmake --install /root/ros2_ws/src/build/plansys2_bringup
[15.337s] -- Install configuration: ""
[15.337s] -- Execute custom install script
[15.338s] -- Symlinking: /root/ros2_ws/src/install/plansys2_bringup/share/plansys2_bringup/launch/plansys2_bringup_launch_distributed.py
[15.353s] -- Symlinking: /root/ros2_ws/src/install/plansys2_bringup/share/plansys2_bringup/launch/plansys2_bringup_launch_monolithic.py
[15.362s] -- Symlinking: /root/ros2_ws/src/install/plansys2_bringup/share/plansys2_bringup/params/plansys2_params.yaml
[15.376s] -- Symlinking: /root/ros2_ws/src/install/plansys2_bringup/lib/plansys2_bringup/plansys2_node
[15.390s] -- Symlinking: /root/ros2_ws/src/install/plansys2_bringup/share/ament_index/resource_index/package_run_dependencies/plansys2_bringup
[15.398s] -- Symlinking: /root/ros2_ws/src/install/plansys2_bringup/share/ament_index/resource_index/parent_prefix_path/plansys2_bringup
[15.407s] -- Symlinking: /root/ros2_ws/src/install/plansys2_bringup/share/plansys2_bringup/environment/ament_prefix_path.sh
[15.419s] -- Symlinking: /root/ros2_ws/src/install/plansys2_bringup/share/plansys2_bringup/environment/ament_prefix_path.dsv
[15.427s] -- Symlinking: /root/ros2_ws/src/install/plansys2_bringup/share/plansys2_bringup/environment/path.sh
[15.438s] -- Symlinking: /root/ros2_ws/src/install/plansys2_bringup/share/plansys2_bringup/environment/path.dsv
[15.448s] -- Symlinking: /root/ros2_ws/src/install/plansys2_bringup/share/plansys2_bringup/local_setup.bash
[15.459s] -- Symlinking: /root/ros2_ws/src/install/plansys2_bringup/share/plansys2_bringup/local_setup.sh
[15.468s] -- Symlinking: /root/ros2_ws/src/install/plansys2_bringup/share/plansys2_bringup/local_setup.zsh
[15.479s] -- Symlinking: /root/ros2_ws/src/install/plansys2_bringup/share/plansys2_bringup/local_setup.dsv
[15.488s] -- Symlinking: /root/ros2_ws/src/install/plansys2_bringup/share/plansys2_bringup/package.dsv
[15.496s] -- Symlinking: /root/ros2_ws/src/install/plansys2_bringup/share/ament_index/resource_index/packages/plansys2_bringup
[15.506s] -- Symlinking: /root/ros2_ws/src/install/plansys2_bringup/share/plansys2_bringup/cmake/ament_cmake_export_dependencies-extras.cmake
[15.516s] -- Symlinking: /root/ros2_ws/src/install/plansys2_bringup/share/plansys2_bringup/cmake/plansys2_bringupConfig.cmake
[15.527s] -- Symlinking: /root/ros2_ws/src/install/plansys2_bringup/share/plansys2_bringup/cmake/plansys2_bringupConfig-version.cmake
[15.538s] -- Symlinking: /root/ros2_ws/src/install/plansys2_bringup/share/plansys2_bringup/package.xml
[15.549s] Invoked command in '/root/ros2_ws/src/build/plansys2_bringup' returned '0': AMENT_PREFIX_PATH=/root/ros2_ws/src/install/plansys2_executor:/root/ros2_ws/src/install/plansys2_planner:/root/ros2_ws/src/install/plansys2_problem_expert:/root/ros2_ws/src/install/plansys2_domain_expert:/root/ros2_ws/src/install/plansys2_popf_plan_solver:/root/ros2_ws/src/install/plansys2_core:/root/ros2_ws/src/install/rclcpp_cascade_lifecycle:/root/ros2_ws/src/install/plansys2_pddl_parser:/root/ros2_ws/src/install/plansys2_msgs:/root/ros2_ws/src/install/plansys2_lifecycle_manager:/root/ros2_ws/src/install/cascade_lifecycle_msgs:${AMENT_PREFIX_PATH} CMAKE_PREFIX_PATH=/root/ros2_ws/src/install/plansys2_executor:/root/ros2_ws/src/install/plansys2_planner:/root/ros2_ws/src/install/plansys2_problem_expert:/root/ros2_ws/src/install/plansys2_domain_expert:/root/ros2_ws/src/install/plansys2_popf_plan_solver:/root/ros2_ws/src/install/plansys2_core:/root/ros2_ws/src/install/rclcpp_cascade_lifecycle:/root/ros2_ws/src/install/plansys2_pddl_parser:/root/ros2_ws/src/install/plansys2_msgs:/root/ros2_ws/src/install/plansys2_lifecycle_manager:/root/ros2_ws/src/install/cascade_lifecycle_msgs:/root/ros2_ws/install/ros2_aruco_interfaces:/root/ros2_ws/install/robot_urdf:/root/ros2_ws/install/plansys2_planner:/root/ros2_ws/install/plansys2_problem_expert:/root/ros2_ws/install/plansys2_domain_expert:/root/ros2_ws/install/plansys2_popf_plan_solver:/root/ros2_ws/install/plansys2_core:/root/ros2_ws/install/plansys2_pddl_parser:/root/ros2_ws/install/plansys2_msgs:/root/ros2_ws/install/plansys2_lifecycle_manager:/root/ros2_ws/install/ros2_aruco:/opt/ros/foxy LD_LIBRARY_PATH=/root/ros2_ws/src/install/plansys2_executor/lib:/root/ros2_ws/src/install/plansys2_planner/lib:/root/ros2_ws/src/install/plansys2_problem_expert/lib:/root/ros2_ws/src/install/plansys2_domain_expert/lib:/root/ros2_ws/src/install/plansys2_popf_plan_solver/lib:/root/ros2_ws/src/install/plansys2_core/lib:/root/ros2_ws/src/install/rclcpp_cascade_lifecycle/lib:/root/ros2_ws/src/install/plansys2_pddl_parser/lib:/root/ros2_ws/src/install/plansys2_msgs/lib:/root/ros2_ws/src/install/plansys2_lifecycle_manager/lib:/root/ros2_ws/src/install/cascade_lifecycle_msgs/lib:${LD_LIBRARY_PATH} PYTHONPATH=/root/ros2_ws/src/install/plansys2_msgs/lib/python3.8/site-packages:/root/ros2_ws/src/install/cascade_lifecycle_msgs/lib/python3.8/site-packages:${PYTHONPATH} /usr/bin/cmake --install /root/ros2_ws/src/build/plansys2_bringup
