-- The C compiler identification is GNU 9.4.0
-- The CXX compiler identification is GNU 9.4.0
-- Check for working C compiler: /usr/bin/cc
-- Check for working C compiler: /usr/bin/cc -- works
-- Detecting C compiler ABI info
-- Detecting C compiler ABI info - done
-- Detecting C compile features
-- Detecting C compile features - done
-- Check for working CXX compiler: /usr/bin/c++
-- Check for working CXX compiler: /usr/bin/c++ -- works
-- Detecting CXX compiler ABI info
-- Detecting CXX compiler ABI info - done
-- Detecting CXX compile features
-- Detecting CXX compile features - done
-- Looking for pthread.h
-- Looking for pthread.h - found
-- Performing Test CMAKE_HAVE_LIBC_PTHREAD
-- Performing Test CMAKE_HAVE_LIBC_PTHREAD - Failed
-- Looking for pthread_create in pthreads
-- Looking for pthread_create in pthreads - not found
-- Looking for pthread_create in pthread
-- Looking for pthread_create in pthread - found
-- Found Threads: TRUE  
-- Found ament_cmake: 0.9.12 (/opt/ros/foxy/share/ament_cmake/cmake)
-- Found PythonInterp: /usr/bin/python3 (found suitable version "3.8.10", minimum required is "3") 
-- Using PYTHON_EXECUTABLE: /usr/bin/python3
-- Override CMake install command with custom implementation using symlinks instead of copying resources
-- Found rclcpp: 2.4.3 (/opt/ros/foxy/share/rclcpp/cmake)
-- Using all available rosidl_typesupport_c: rosidl_typesupport_fastrtps_c;rosidl_typesupport_introspection_c
-- Found rosidl_adapter: 1.3.1 (/opt/ros/foxy/share/rosidl_adapter/cmake)
-- Found OpenSSL: /usr/lib/x86_64-linux-gnu/libcrypto.so (found version "1.1.1f")  
-- Found FastRTPS: /opt/ros/foxy/include  
-- Using all available rosidl_typesupport_cpp: rosidl_typesupport_fastrtps_cpp;rosidl_typesupport_introspection_cpp
-- Found rmw_implementation_cmake: 1.0.4 (/opt/ros/foxy/share/rmw_implementation_cmake/cmake)
-- Using RMW implementation 'rmw_fastrtps_cpp' as default
-- Found rclcpp_action: 2.4.3 (/opt/ros/foxy/share/rclcpp_action/cmake)
-- Found rclcpp_lifecycle: 2.4.3 (/opt/ros/foxy/share/rclcpp_lifecycle/cmake)
-- Found rclcpp_cascade_lifecycle: 1.0.0 (/root/ros2_ws/src/install/rclcpp_cascade_lifecycle/share/rclcpp_cascade_lifecycle/cmake)
-- Found ament_index_cpp: 1.1.0 (/opt/ros/foxy/share/ament_index_cpp/cmake)
-- Found plansys2_core: 1.0.10 (/root/ros2_ws/src/install/plansys2_core/share/plansys2_core/cmake)
-- Found plansys2_domain_expert: 1.0.10 (/root/ros2_ws/src/install/plansys2_domain_expert/share/plansys2_domain_expert/cmake)
-- Found plansys2_problem_expert: 1.0.10 (/root/ros2_ws/src/install/plansys2_problem_expert/share/plansys2_problem_expert/cmake)
-- Found plansys2_planner: 1.0.10 (/root/ros2_ws/src/install/plansys2_planner/share/plansys2_planner/cmake)
-- Found ZMQ: /usr/lib/x86_64-linux-gnu/libzmq.so  
-- ZeroMQ found.
-- Found ament_lint_auto: 0.9.8 (/opt/ros/foxy/share/ament_lint_auto/cmake)
-- Found gtest sources under '/opt/ros/foxy/src/gtest_vendor': C++ tests using 'Google Test' will be built
-- Check if compiler accepts -pthread
-- Check if compiler accepts -pthread - yes
-- Added test 'copyright' to check source files copyright and LICENSE
-- Added test 'cppcheck' to perform static code analysis on C / C++ code
-- Configured cppcheck include dirs: /root/ros2_ws/src/ros2_planning_system/plansys2_executor/include
-- Configured cppcheck exclude dirs and/or files: 
-- Added test 'cpplint' to check C / C++ code against the Google style
-- Configured cpplint exclude dirs and/or files: 
-- Added test 'flake8' to check Python code syntax and style conventions
-- Added test 'lint_cmake' to check CMake code style
-- Added test 'pep257' to check Python code against some of the style conventions in PEP 257
-- Added test 'uncrustify' to check C / C++ code style
-- Configured uncrustify additional arguments: 
-- Added test 'xmllint' to check XML markup files
-- Configuring done
-- Generating done
-- Build files have been written to: /root/ros2_ws/src/build/plansys2_executor
[35m[1mScanning dependencies of target plansys2_executor[0m
[35m[1mScanning dependencies of target gtest_main[0m
[35m[1mScanning dependencies of target gtest[0m
[  3%] [32mBuilding CXX object gtest/CMakeFiles/gtest_main.dir/src/gtest_main.cc.o[0m
[  6%] [32mBuilding CXX object gtest/CMakeFiles/gtest.dir/src/gtest-all.cc.o[0m
[  9%] [32mBuilding CXX object CMakeFiles/plansys2_executor.dir/src/plansys2_executor/ActionExecutor.cpp.o[0m
[ 12%] [32mBuilding CXX object CMakeFiles/plansys2_executor.dir/src/plansys2_executor/ExecutorClient.cpp.o[0m
[ 15%] [32mBuilding CXX object CMakeFiles/plansys2_executor.dir/src/plansys2_executor/ActionExecutorClient.cpp.o[0m
[ 18%] [32mBuilding CXX object CMakeFiles/plansys2_executor.dir/src/plansys2_executor/ExecutorNode.cpp.o[0m
[ 21%] [32mBuilding CXX object CMakeFiles/plansys2_executor.dir/src/plansys2_executor/BTBuilder.cpp.o[0m
[ 25%] [32mBuilding CXX object CMakeFiles/plansys2_executor.dir/src/plansys2_executor/behavior_tree/execute_action_node.cpp.o[0m
[ 28%] [32mBuilding CXX object CMakeFiles/plansys2_executor.dir/src/plansys2_executor/behavior_tree/wait_atstart_req_node.cpp.o[0m
[ 31%] [32mBuilding CXX object CMakeFiles/plansys2_executor.dir/src/plansys2_executor/behavior_tree/wait_action_node.cpp.o[0m
[ 34%] [32mBuilding CXX object CMakeFiles/plansys2_executor.dir/src/plansys2_executor/behavior_tree/check_timeout_node.cpp.o[0m
[ 37%] [32mBuilding CXX object CMakeFiles/plansys2_executor.dir/src/plansys2_executor/behavior_tree/apply_atstart_effect_node.cpp.o[0m
[ 40%] [32mBuilding CXX object CMakeFiles/plansys2_executor.dir/src/plansys2_executor/behavior_tree/check_atend_req_node.cpp.o[0m
[ 43%] [32mBuilding CXX object CMakeFiles/plansys2_executor.dir/src/plansys2_executor/behavior_tree/check_overall_req_node.cpp.o[0m
[ 46%] [32mBuilding CXX object CMakeFiles/plansys2_executor.dir/src/plansys2_executor/behavior_tree/apply_atend_effect_node.cpp.o[0m
[ 50%] [32m[1mLinking CXX static library libgtest_main.a[0m
[ 50%] Built target gtest_main
[ 53%] [32m[1mLinking CXX static library libgtest.a[0m
[ 53%] Built target gtest
[ 56%] [32m[1mLinking CXX shared library libplansys2_executor.so[0m
[ 56%] Built target plansys2_executor
[35m[1mScanning dependencies of target bt_node_test[0m
[35m[1mScanning dependencies of target btbuilder_tests[0m
[35m[1mScanning dependencies of target action_execution_test[0m
[35m[1mScanning dependencies of target bt_node_test_charging[0m
[35m[1mScanning dependencies of target executor_test[0m
[35m[1mScanning dependencies of target executor_node[0m
[35m[1mScanning dependencies of target execution_tree_test[0m
[ 59%] [32mBuilding CXX object CMakeFiles/executor_node.dir/src/executor_node.cpp.o[0m
[ 62%] [32mBuilding CXX object test/unit/CMakeFiles/btbuilder_tests.dir/btbuilder_tests.cpp.o[0m
[ 65%] [32mBuilding CXX object test/unit/CMakeFiles/bt_node_test_charging.dir/bt_node_test_charging.cpp.o[0m
[ 68%] [32mBuilding CXX object test/unit/CMakeFiles/bt_node_test.dir/bt_node_test.cpp.o[0m
[ 71%] [32mBuilding CXX object test/unit/CMakeFiles/executor_test.dir/executor_test.cpp.o[0m
[ 75%] [32mBuilding CXX object test/unit/CMakeFiles/action_execution_test.dir/action_execution_test.cpp.o[0m
[ 78%] [32mBuilding CXX object test/unit/CMakeFiles/execution_tree_test.dir/execution_tree_test.cpp.o[0m
[ 81%] [32m[1mLinking CXX executable executor_node[0m
[ 81%] Built target executor_node
[ 84%] [32m[1mLinking CXX executable execution_tree_test[0m
[ 87%] [32m[1mLinking CXX executable bt_node_test_charging[0m
[ 90%] [32m[1mLinking CXX executable bt_node_test[0m
[ 93%] [32m[1mLinking CXX executable btbuilder_tests[0m
[ 93%] Built target execution_tree_test
[ 93%] Built target bt_node_test_charging
[ 93%] Built target bt_node_test
[ 93%] Built target btbuilder_tests
[ 96%] [32m[1mLinking CXX executable action_execution_test[0m
[ 96%] Built target action_execution_test
[100%] [32m[1mLinking CXX executable executor_test[0m
[100%] Built target executor_test
-- Install configuration: ""
-- Execute custom install script
-- Symlinking: /root/ros2_ws/src/install/plansys2_executor/include//plansys2_executor/ActionExecutor.hpp
-- Symlinking: /root/ros2_ws/src/install/plansys2_executor/include//plansys2_executor/ActionExecutorClient.hpp
-- Symlinking: /root/ros2_ws/src/install/plansys2_executor/include//plansys2_executor/BTBuilder.hpp
-- Symlinking: /root/ros2_ws/src/install/plansys2_executor/include//plansys2_executor/ExecutorClient.hpp
-- Symlinking: /root/ros2_ws/src/install/plansys2_executor/include//plansys2_executor/ExecutorNode.hpp
-- Symlinking: /root/ros2_ws/src/install/plansys2_executor/include//plansys2_executor/behavior_tree/apply_atend_effect_node.hpp
-- Symlinking: /root/ros2_ws/src/install/plansys2_executor/include//plansys2_executor/behavior_tree/apply_atstart_effect_node.hpp
-- Symlinking: /root/ros2_ws/src/install/plansys2_executor/include//plansys2_executor/behavior_tree/check_atend_req_node.hpp
-- Symlinking: /root/ros2_ws/src/install/plansys2_executor/include//plansys2_executor/behavior_tree/check_overall_req_node.hpp
-- Symlinking: /root/ros2_ws/src/install/plansys2_executor/include//plansys2_executor/behavior_tree/check_timeout_node.hpp
-- Symlinking: /root/ros2_ws/src/install/plansys2_executor/include//plansys2_executor/behavior_tree/execute_action_node.hpp
-- Symlinking: /root/ros2_ws/src/install/plansys2_executor/include//plansys2_executor/behavior_tree/wait_action_node.hpp
-- Symlinking: /root/ros2_ws/src/install/plansys2_executor/include//plansys2_executor/behavior_tree/wait_atstart_req_node.hpp
-- Symlinking: /root/ros2_ws/src/install/plansys2_executor/share/plansys2_executor/launch/executor_launch.py
-- Symlinking: /root/ros2_ws/src/install/plansys2_executor/share/plansys2_executor/behavior_trees/plansys2_action_bt.xml
-- Symlinking: /root/ros2_ws/src/install/plansys2_executor/lib/libplansys2_executor.so
-- Symlinking: /root/ros2_ws/src/install/plansys2_executor/lib/plansys2_executor/executor_node
-- Symlinking: /root/ros2_ws/src/install/plansys2_executor/share/plansys2_executor/pddl/cooking_domain.pddl
-- Symlinking: /root/ros2_ws/src/install/plansys2_executor/share/plansys2_executor/pddl/domain_charging.pddl
-- Symlinking: /root/ros2_ws/src/install/plansys2_executor/share/plansys2_executor/pddl/domain_simple.pddl
-- Symlinking: /root/ros2_ws/src/install/plansys2_executor/share/plansys2_executor/pddl/domain_simple_2.pddl
-- Symlinking: /root/ros2_ws/src/install/plansys2_executor/share/plansys2_executor/pddl/factory.pddl
-- Symlinking: /root/ros2_ws/src/install/plansys2_executor/share/plansys2_executor/pddl/factory2.pddl
-- Symlinking: /root/ros2_ws/src/install/plansys2_executor/share/plansys2_executor/pddl/factory3.pddl
-- Symlinking: /root/ros2_ws/src/install/plansys2_executor/share/plansys2_executor/pddl/problem_factory_1.pddl
-- Symlinking: /root/ros2_ws/src/install/plansys2_executor/share/plansys2_executor/pddl/problem_simple_1.pddl
-- Symlinking: /root/ros2_ws/src/install/plansys2_executor/share/plansys2_executor/pddl/problem_simple_2.pddl
-- Symlinking: /root/ros2_ws/src/install/plansys2_executor/share/plansys2_executor/pddl/problem_simple_3.pddl
-- Symlinking: /root/ros2_ws/src/install/plansys2_executor/share/plansys2_executor/pddl/simple_example.pddl
-- Symlinking: /root/ros2_ws/src/install/plansys2_executor/share/plansys2_executor/test_behavior_trees/test_action_timeout_bt.xml
-- Symlinking: /root/ros2_ws/src/install/plansys2_executor/share/plansys2_executor/environment/library_path.sh
-- Symlinking: /root/ros2_ws/src/install/plansys2_executor/share/plansys2_executor/environment/library_path.dsv
-- Symlinking: /root/ros2_ws/src/install/plansys2_executor/share/ament_index/resource_index/package_run_dependencies/plansys2_executor
-- Symlinking: /root/ros2_ws/src/install/plansys2_executor/share/ament_index/resource_index/parent_prefix_path/plansys2_executor
-- Symlinking: /root/ros2_ws/src/install/plansys2_executor/share/plansys2_executor/environment/ament_prefix_path.sh
-- Symlinking: /root/ros2_ws/src/install/plansys2_executor/share/plansys2_executor/environment/ament_prefix_path.dsv
-- Symlinking: /root/ros2_ws/src/install/plansys2_executor/share/plansys2_executor/environment/path.sh
-- Symlinking: /root/ros2_ws/src/install/plansys2_executor/share/plansys2_executor/environment/path.dsv
-- Symlinking: /root/ros2_ws/src/install/plansys2_executor/share/plansys2_executor/local_setup.bash
-- Symlinking: /root/ros2_ws/src/install/plansys2_executor/share/plansys2_executor/local_setup.sh
-- Symlinking: /root/ros2_ws/src/install/plansys2_executor/share/plansys2_executor/local_setup.zsh
-- Symlinking: /root/ros2_ws/src/install/plansys2_executor/share/plansys2_executor/local_setup.dsv
-- Symlinking: /root/ros2_ws/src/install/plansys2_executor/share/plansys2_executor/package.dsv
-- Symlinking: /root/ros2_ws/src/install/plansys2_executor/share/ament_index/resource_index/packages/plansys2_executor
-- Symlinking: /root/ros2_ws/src/install/plansys2_executor/share/plansys2_executor/cmake/ament_cmake_export_include_directories-extras.cmake
-- Symlinking: /root/ros2_ws/src/install/plansys2_executor/share/plansys2_executor/cmake/ament_cmake_export_libraries-extras.cmake
-- Symlinking: /root/ros2_ws/src/install/plansys2_executor/share/plansys2_executor/cmake/ament_cmake_export_dependencies-extras.cmake
-- Symlinking: /root/ros2_ws/src/install/plansys2_executor/share/plansys2_executor/cmake/plansys2_executorConfig.cmake
-- Symlinking: /root/ros2_ws/src/install/plansys2_executor/share/plansys2_executor/cmake/plansys2_executorConfig-version.cmake
-- Symlinking: /root/ros2_ws/src/install/plansys2_executor/share/plansys2_executor/package.xml
