[0.027s] Invoking command in '/root/ros2_ws/src/build/plansys2_executor': AMENT_PREFIX_PATH=/root/ros2_ws/src/install/plansys2_planner:/root/ros2_ws/src/install/plansys2_problem_expert:/root/ros2_ws/src/install/plansys2_domain_expert:/root/ros2_ws/src/install/plansys2_popf_plan_solver:/root/ros2_ws/src/install/plansys2_core:/root/ros2_ws/src/install/rclcpp_cascade_lifecycle:/root/ros2_ws/src/install/plansys2_pddl_parser:/root/ros2_ws/src/install/plansys2_msgs:/root/ros2_ws/src/install/cascade_lifecycle_msgs:${AMENT_PREFIX_PATH} CMAKE_PREFIX_PATH=/root/ros2_ws/src/install/plansys2_planner:/root/ros2_ws/src/install/plansys2_problem_expert:/root/ros2_ws/src/install/plansys2_domain_expert:/root/ros2_ws/src/install/plansys2_popf_plan_solver:/root/ros2_ws/src/install/plansys2_core:/root/ros2_ws/src/install/rclcpp_cascade_lifecycle:/root/ros2_ws/src/install/plansys2_pddl_parser:/root/ros2_ws/src/install/plansys2_msgs:/root/ros2_ws/src/install/cascade_lifecycle_msgs:/root/ros2_ws/install/ros2_aruco_interfaces:/root/ros2_ws/install/robot_urdf:/root/ros2_ws/install/plansys2_planner:/root/ros2_ws/install/plansys2_problem_expert:/root/ros2_ws/install/plansys2_domain_expert:/root/ros2_ws/install/plansys2_popf_plan_solver:/root/ros2_ws/install/plansys2_core:/root/ros2_ws/install/plansys2_pddl_parser:/root/ros2_ws/install/plansys2_msgs:/root/ros2_ws/install/plansys2_lifecycle_manager:/root/ros2_ws/install/ros2_aruco:/opt/ros/foxy LD_LIBRARY_PATH=/root/ros2_ws/src/install/plansys2_planner/lib:/root/ros2_ws/src/install/plansys2_problem_expert/lib:/root/ros2_ws/src/install/plansys2_domain_expert/lib:/root/ros2_ws/src/install/plansys2_popf_plan_solver/lib:/root/ros2_ws/src/install/plansys2_core/lib:/root/ros2_ws/src/install/rclcpp_cascade_lifecycle/lib:/root/ros2_ws/src/install/plansys2_pddl_parser/lib:/root/ros2_ws/src/install/plansys2_msgs/lib:/root/ros2_ws/src/install/cascade_lifecycle_msgs/lib:${LD_LIBRARY_PATH} PYTHONPATH=/root/ros2_ws/src/install/plansys2_msgs/lib/python3.8/site-packages:/root/ros2_ws/src/install/cascade_lifecycle_msgs/lib/python3.8/site-packages:${PYTHONPATH} /usr/bin/cmake /root/ros2_ws/src/ros2_planning_system/plansys2_executor -DAMENT_CMAKE_SYMLINK_INSTALL=1 -DCMAKE_INSTALL_PREFIX=/root/ros2_ws/src/install/plansys2_executor
[0.075s] -- The C compiler identification is GNU 9.4.0
[0.121s] -- The CXX compiler identification is GNU 9.4.0
[0.126s] -- Check for working C compiler: /usr/bin/cc
[0.179s] -- Check for working C compiler: /usr/bin/cc -- works
[0.180s] -- Detecting C compiler ABI info
[0.232s] -- Detecting C compiler ABI info - done
[0.241s] -- Detecting C compile features
[0.241s] -- Detecting C compile features - done
[0.244s] -- Check for working CXX compiler: /usr/bin/c++
[0.305s] -- Check for working CXX compiler: /usr/bin/c++ -- works
[0.306s] -- Detecting CXX compiler ABI info
[0.369s] -- Detecting CXX compiler ABI info - done
[0.379s] -- Detecting CXX compile features
[0.379s] -- Detecting CXX compile features - done
[0.381s] -- Looking for pthread.h
[0.434s] -- Looking for pthread.h - found
[0.434s] -- Performing Test CMAKE_HAVE_LIBC_PTHREAD
[0.487s] -- Performing Test CMAKE_HAVE_LIBC_PTHREAD - Failed
[0.488s] -- Looking for pthread_create in pthreads
[0.533s] -- Looking for pthread_create in pthreads - not found
[0.533s] -- Looking for pthread_create in pthread
[0.584s] -- Looking for pthread_create in pthread - found
[0.585s] -- Found Threads: TRUE  
[0.588s] -- Found ament_cmake: 0.9.12 (/opt/ros/foxy/share/ament_cmake/cmake)
[0.617s] -- Found PythonInterp: /usr/bin/python3 (found suitable version "3.8.10", minimum required is "3") 
[0.617s] -- Using PYTHON_EXECUTABLE: /usr/bin/python3
[0.751s] -- Override CMake install command with custom implementation using symlinks instead of copying resources
[0.791s] -- Found rclcpp: 2.4.3 (/opt/ros/foxy/share/rclcpp/cmake)
[0.846s] -- Using all available rosidl_typesupport_c: rosidl_typesupport_fastrtps_c;rosidl_typesupport_introspection_c
[0.856s] -- Found rosidl_adapter: 1.3.1 (/opt/ros/foxy/share/rosidl_adapter/cmake)
[0.934s] -- Found OpenSSL: /usr/lib/x86_64-linux-gnu/libcrypto.so (found version "1.1.1f")  
[0.966s] -- Found FastRTPS: /opt/ros/foxy/include  
[1.048s] -- Using all available rosidl_typesupport_cpp: rosidl_typesupport_fastrtps_cpp;rosidl_typesupport_introspection_cpp
[1.099s] -- Found rmw_implementation_cmake: 1.0.4 (/opt/ros/foxy/share/rmw_implementation_cmake/cmake)
[1.100s] -- Using RMW implementation 'rmw_fastrtps_cpp' as default
[1.216s] -- Found rclcpp_action: 2.4.3 (/opt/ros/foxy/share/rclcpp_action/cmake)
[1.274s] -- Found rclcpp_lifecycle: 2.4.3 (/opt/ros/foxy/share/rclcpp_lifecycle/cmake)
[1.297s] -- Found rclcpp_cascade_lifecycle: 1.0.0 (/root/ros2_ws/src/install/rclcpp_cascade_lifecycle/share/rclcpp_cascade_lifecycle/cmake)
[1.330s] -- Found ament_index_cpp: 1.1.0 (/opt/ros/foxy/share/ament_index_cpp/cmake)
[1.332s] -- Found plansys2_core: 1.0.10 (/root/ros2_ws/src/install/plansys2_core/share/plansys2_core/cmake)
[1.479s] -- Found plansys2_domain_expert: 1.0.10 (/root/ros2_ws/src/install/plansys2_domain_expert/share/plansys2_domain_expert/cmake)
[1.612s] -- Found plansys2_problem_expert: 1.0.10 (/root/ros2_ws/src/install/plansys2_problem_expert/share/plansys2_problem_expert/cmake)
[1.824s] -- Found plansys2_planner: 1.0.10 (/root/ros2_ws/src/install/plansys2_planner/share/plansys2_planner/cmake)
[2.232s] -- Found ZMQ: /usr/lib/x86_64-linux-gnu/libzmq.so  
[2.232s] -- ZeroMQ found.
[5.483s] -- Found ament_lint_auto: 0.9.8 (/opt/ros/foxy/share/ament_lint_auto/cmake)
[5.571s] -- Found gtest sources under '/opt/ros/foxy/src/gtest_vendor': C++ tests using 'Google Test' will be built
[5.573s] -- Check if compiler accepts -pthread
[5.625s] -- Check if compiler accepts -pthread - yes
[11.983s] -- Added test 'copyright' to check source files copyright and LICENSE
[11.990s] -- Added test 'cppcheck' to perform static code analysis on C / C++ code
[11.991s] -- Configured cppcheck include dirs: /root/ros2_ws/src/ros2_planning_system/plansys2_executor/include
[11.991s] -- Configured cppcheck exclude dirs and/or files: 
[11.992s] -- Added test 'cpplint' to check C / C++ code against the Google style
[11.992s] -- Configured cpplint exclude dirs and/or files: 
[11.993s] -- Added test 'flake8' to check Python code syntax and style conventions
[11.994s] -- Added test 'lint_cmake' to check CMake code style
[11.994s] -- Added test 'pep257' to check Python code against some of the style conventions in PEP 257
[11.996s] -- Added test 'uncrustify' to check C / C++ code style
[11.996s] -- Configured uncrustify additional arguments: 
[11.997s] -- Added test 'xmllint' to check XML markup files
[12.002s] -- Configuring done
[12.101s] -- Generating done
[12.138s] -- Build files have been written to: /root/ros2_ws/src/build/plansys2_executor
[12.148s] Invoked command in '/root/ros2_ws/src/build/plansys2_executor' returned '0': AMENT_PREFIX_PATH=/root/ros2_ws/src/install/plansys2_planner:/root/ros2_ws/src/install/plansys2_problem_expert:/root/ros2_ws/src/install/plansys2_domain_expert:/root/ros2_ws/src/install/plansys2_popf_plan_solver:/root/ros2_ws/src/install/plansys2_core:/root/ros2_ws/src/install/rclcpp_cascade_lifecycle:/root/ros2_ws/src/install/plansys2_pddl_parser:/root/ros2_ws/src/install/plansys2_msgs:/root/ros2_ws/src/install/cascade_lifecycle_msgs:${AMENT_PREFIX_PATH} CMAKE_PREFIX_PATH=/root/ros2_ws/src/install/plansys2_planner:/root/ros2_ws/src/install/plansys2_problem_expert:/root/ros2_ws/src/install/plansys2_domain_expert:/root/ros2_ws/src/install/plansys2_popf_plan_solver:/root/ros2_ws/src/install/plansys2_core:/root/ros2_ws/src/install/rclcpp_cascade_lifecycle:/root/ros2_ws/src/install/plansys2_pddl_parser:/root/ros2_ws/src/install/plansys2_msgs:/root/ros2_ws/src/install/cascade_lifecycle_msgs:/root/ros2_ws/install/ros2_aruco_interfaces:/root/ros2_ws/install/robot_urdf:/root/ros2_ws/install/plansys2_planner:/root/ros2_ws/install/plansys2_problem_expert:/root/ros2_ws/install/plansys2_domain_expert:/root/ros2_ws/install/plansys2_popf_plan_solver:/root/ros2_ws/install/plansys2_core:/root/ros2_ws/install/plansys2_pddl_parser:/root/ros2_ws/install/plansys2_msgs:/root/ros2_ws/install/plansys2_lifecycle_manager:/root/ros2_ws/install/ros2_aruco:/opt/ros/foxy LD_LIBRARY_PATH=/root/ros2_ws/src/install/plansys2_planner/lib:/root/ros2_ws/src/install/plansys2_problem_expert/lib:/root/ros2_ws/src/install/plansys2_domain_expert/lib:/root/ros2_ws/src/install/plansys2_popf_plan_solver/lib:/root/ros2_ws/src/install/plansys2_core/lib:/root/ros2_ws/src/install/rclcpp_cascade_lifecycle/lib:/root/ros2_ws/src/install/plansys2_pddl_parser/lib:/root/ros2_ws/src/install/plansys2_msgs/lib:/root/ros2_ws/src/install/cascade_lifecycle_msgs/lib:${LD_LIBRARY_PATH} PYTHONPATH=/root/ros2_ws/src/install/plansys2_msgs/lib/python3.8/site-packages:/root/ros2_ws/src/install/cascade_lifecycle_msgs/lib/python3.8/site-packages:${PYTHONPATH} /usr/bin/cmake /root/ros2_ws/src/ros2_planning_system/plansys2_executor -DAMENT_CMAKE_SYMLINK_INSTALL=1 -DCMAKE_INSTALL_PREFIX=/root/ros2_ws/src/install/plansys2_executor
[12.150s] Invoking command in '/root/ros2_ws/src/build/plansys2_executor': AMENT_PREFIX_PATH=/root/ros2_ws/src/install/plansys2_planner:/root/ros2_ws/src/install/plansys2_problem_expert:/root/ros2_ws/src/install/plansys2_domain_expert:/root/ros2_ws/src/install/plansys2_popf_plan_solver:/root/ros2_ws/src/install/plansys2_core:/root/ros2_ws/src/install/rclcpp_cascade_lifecycle:/root/ros2_ws/src/install/plansys2_pddl_parser:/root/ros2_ws/src/install/plansys2_msgs:/root/ros2_ws/src/install/cascade_lifecycle_msgs:${AMENT_PREFIX_PATH} CMAKE_PREFIX_PATH=/root/ros2_ws/src/install/plansys2_planner:/root/ros2_ws/src/install/plansys2_problem_expert:/root/ros2_ws/src/install/plansys2_domain_expert:/root/ros2_ws/src/install/plansys2_popf_plan_solver:/root/ros2_ws/src/install/plansys2_core:/root/ros2_ws/src/install/rclcpp_cascade_lifecycle:/root/ros2_ws/src/install/plansys2_pddl_parser:/root/ros2_ws/src/install/plansys2_msgs:/root/ros2_ws/src/install/cascade_lifecycle_msgs:/root/ros2_ws/install/ros2_aruco_interfaces:/root/ros2_ws/install/robot_urdf:/root/ros2_ws/install/plansys2_planner:/root/ros2_ws/install/plansys2_problem_expert:/root/ros2_ws/install/plansys2_domain_expert:/root/ros2_ws/install/plansys2_popf_plan_solver:/root/ros2_ws/install/plansys2_core:/root/ros2_ws/install/plansys2_pddl_parser:/root/ros2_ws/install/plansys2_msgs:/root/ros2_ws/install/plansys2_lifecycle_manager:/root/ros2_ws/install/ros2_aruco:/opt/ros/foxy LD_LIBRARY_PATH=/root/ros2_ws/src/install/plansys2_planner/lib:/root/ros2_ws/src/install/plansys2_problem_expert/lib:/root/ros2_ws/src/install/plansys2_domain_expert/lib:/root/ros2_ws/src/install/plansys2_popf_plan_solver/lib:/root/ros2_ws/src/install/plansys2_core/lib:/root/ros2_ws/src/install/rclcpp_cascade_lifecycle/lib:/root/ros2_ws/src/install/plansys2_pddl_parser/lib:/root/ros2_ws/src/install/plansys2_msgs/lib:/root/ros2_ws/src/install/cascade_lifecycle_msgs/lib:${LD_LIBRARY_PATH} PYTHONPATH=/root/ros2_ws/src/install/plansys2_msgs/lib/python3.8/site-packages:/root/ros2_ws/src/install/cascade_lifecycle_msgs/lib/python3.8/site-packages:${PYTHONPATH} /usr/bin/cmake --build /root/ros2_ws/src/build/plansys2_executor -- -j16 -l16
[12.184s] [35m[1mScanning dependencies of target plansys2_executor[0m
[12.184s] [35m[1mScanning dependencies of target gtest_main[0m
[12.184s] [35m[1mScanning dependencies of target gtest[0m
[12.199s] [  3%] [32mBuilding CXX object gtest/CMakeFiles/gtest_main.dir/src/gtest_main.cc.o[0m
[12.200s] [  6%] [32mBuilding CXX object gtest/CMakeFiles/gtest.dir/src/gtest-all.cc.o[0m
[12.315s] [  9%] [32mBuilding CXX object CMakeFiles/plansys2_executor.dir/src/plansys2_executor/ActionExecutor.cpp.o[0m
[12.315s] [ 12%] [32mBuilding CXX object CMakeFiles/plansys2_executor.dir/src/plansys2_executor/ExecutorClient.cpp.o[0m
[12.316s] [ 15%] [32mBuilding CXX object CMakeFiles/plansys2_executor.dir/src/plansys2_executor/ActionExecutorClient.cpp.o[0m
[12.317s] [ 18%] [32mBuilding CXX object CMakeFiles/plansys2_executor.dir/src/plansys2_executor/ExecutorNode.cpp.o[0m
[12.318s] [ 21%] [32mBuilding CXX object CMakeFiles/plansys2_executor.dir/src/plansys2_executor/BTBuilder.cpp.o[0m
[12.330s] [ 25%] [32mBuilding CXX object CMakeFiles/plansys2_executor.dir/src/plansys2_executor/behavior_tree/execute_action_node.cpp.o[0m
[12.336s] [ 28%] [32mBuilding CXX object CMakeFiles/plansys2_executor.dir/src/plansys2_executor/behavior_tree/wait_atstart_req_node.cpp.o[0m
[12.338s] [ 31%] [32mBuilding CXX object CMakeFiles/plansys2_executor.dir/src/plansys2_executor/behavior_tree/wait_action_node.cpp.o[0m
[12.340s] [ 34%] [32mBuilding CXX object CMakeFiles/plansys2_executor.dir/src/plansys2_executor/behavior_tree/check_timeout_node.cpp.o[0m
[12.342s] [ 37%] [32mBuilding CXX object CMakeFiles/plansys2_executor.dir/src/plansys2_executor/behavior_tree/apply_atstart_effect_node.cpp.o[0m
[12.344s] [ 40%] [32mBuilding CXX object CMakeFiles/plansys2_executor.dir/src/plansys2_executor/behavior_tree/check_atend_req_node.cpp.o[0m
[12.345s] [ 43%] [32mBuilding CXX object CMakeFiles/plansys2_executor.dir/src/plansys2_executor/behavior_tree/check_overall_req_node.cpp.o[0m
[12.349s] [ 46%] [32mBuilding CXX object CMakeFiles/plansys2_executor.dir/src/plansys2_executor/behavior_tree/apply_atend_effect_node.cpp.o[0m
[13.206s] [ 50%] [32m[1mLinking CXX static library libgtest_main.a[0m
[13.247s] [ 50%] Built target gtest_main
[16.650s] [ 53%] [32m[1mLinking CXX static library libgtest.a[0m
[16.706s] [ 53%] Built target gtest
[20.395s] [ 56%] [32m[1mLinking CXX shared library libplansys2_executor.so[0m
[21.300s] [ 56%] Built target plansys2_executor
[21.320s] [35m[1mScanning dependencies of target bt_node_test[0m
[21.320s] [35m[1mScanning dependencies of target btbuilder_tests[0m
[21.320s] [35m[1mScanning dependencies of target action_execution_test[0m
[21.321s] [35m[1mScanning dependencies of target bt_node_test_charging[0m
[21.321s] [35m[1mScanning dependencies of target executor_test[0m
[21.322s] [35m[1mScanning dependencies of target executor_node[0m
[21.323s] [35m[1mScanning dependencies of target execution_tree_test[0m
[21.402s] [ 59%] [32mBuilding CXX object CMakeFiles/executor_node.dir/src/executor_node.cpp.o[0m
[21.414s] [ 62%] [32mBuilding CXX object test/unit/CMakeFiles/btbuilder_tests.dir/btbuilder_tests.cpp.o[0m
[21.426s] [ 65%] [32mBuilding CXX object test/unit/CMakeFiles/bt_node_test_charging.dir/bt_node_test_charging.cpp.o[0m
[21.430s] [ 68%] [32mBuilding CXX object test/unit/CMakeFiles/bt_node_test.dir/bt_node_test.cpp.o[0m
[21.436s] [ 71%] [32mBuilding CXX object test/unit/CMakeFiles/executor_test.dir/executor_test.cpp.o[0m
[21.440s] [ 75%] [32mBuilding CXX object test/unit/CMakeFiles/action_execution_test.dir/action_execution_test.cpp.o[0m
[21.441s] [ 78%] [32mBuilding CXX object test/unit/CMakeFiles/execution_tree_test.dir/execution_tree_test.cpp.o[0m
[23.839s] [ 81%] [32m[1mLinking CXX executable executor_node[0m
[24.353s] [ 81%] Built target executor_node
[26.237s] [ 84%] [32m[1mLinking CXX executable execution_tree_test[0m
[26.704s] [ 87%] [32m[1mLinking CXX executable bt_node_test_charging[0m
[26.762s] [ 90%] [32m[1mLinking CXX executable bt_node_test[0m
[26.924s] [ 93%] [32m[1mLinking CXX executable btbuilder_tests[0m
[27.024s] [ 93%] Built target execution_tree_test
[27.796s] [ 93%] Built target bt_node_test_charging
[27.856s] [ 93%] Built target bt_node_test
[27.950s] [ 93%] Built target btbuilder_tests
[28.584s] [ 96%] [32m[1mLinking CXX executable action_execution_test[0m
[29.043s] [ 96%] Built target action_execution_test
[30.604s] [100%] [32m[1mLinking CXX executable executor_test[0m
[31.310s] [100%] Built target executor_test
[31.321s] Invoked command in '/root/ros2_ws/src/build/plansys2_executor' returned '0': AMENT_PREFIX_PATH=/root/ros2_ws/src/install/plansys2_planner:/root/ros2_ws/src/install/plansys2_problem_expert:/root/ros2_ws/src/install/plansys2_domain_expert:/root/ros2_ws/src/install/plansys2_popf_plan_solver:/root/ros2_ws/src/install/plansys2_core:/root/ros2_ws/src/install/rclcpp_cascade_lifecycle:/root/ros2_ws/src/install/plansys2_pddl_parser:/root/ros2_ws/src/install/plansys2_msgs:/root/ros2_ws/src/install/cascade_lifecycle_msgs:${AMENT_PREFIX_PATH} CMAKE_PREFIX_PATH=/root/ros2_ws/src/install/plansys2_planner:/root/ros2_ws/src/install/plansys2_problem_expert:/root/ros2_ws/src/install/plansys2_domain_expert:/root/ros2_ws/src/install/plansys2_popf_plan_solver:/root/ros2_ws/src/install/plansys2_core:/root/ros2_ws/src/install/rclcpp_cascade_lifecycle:/root/ros2_ws/src/install/plansys2_pddl_parser:/root/ros2_ws/src/install/plansys2_msgs:/root/ros2_ws/src/install/cascade_lifecycle_msgs:/root/ros2_ws/install/ros2_aruco_interfaces:/root/ros2_ws/install/robot_urdf:/root/ros2_ws/install/plansys2_planner:/root/ros2_ws/install/plansys2_problem_expert:/root/ros2_ws/install/plansys2_domain_expert:/root/ros2_ws/install/plansys2_popf_plan_solver:/root/ros2_ws/install/plansys2_core:/root/ros2_ws/install/plansys2_pddl_parser:/root/ros2_ws/install/plansys2_msgs:/root/ros2_ws/install/plansys2_lifecycle_manager:/root/ros2_ws/install/ros2_aruco:/opt/ros/foxy LD_LIBRARY_PATH=/root/ros2_ws/src/install/plansys2_planner/lib:/root/ros2_ws/src/install/plansys2_problem_expert/lib:/root/ros2_ws/src/install/plansys2_domain_expert/lib:/root/ros2_ws/src/install/plansys2_popf_plan_solver/lib:/root/ros2_ws/src/install/plansys2_core/lib:/root/ros2_ws/src/install/rclcpp_cascade_lifecycle/lib:/root/ros2_ws/src/install/plansys2_pddl_parser/lib:/root/ros2_ws/src/install/plansys2_msgs/lib:/root/ros2_ws/src/install/cascade_lifecycle_msgs/lib:${LD_LIBRARY_PATH} PYTHONPATH=/root/ros2_ws/src/install/plansys2_msgs/lib/python3.8/site-packages:/root/ros2_ws/src/install/cascade_lifecycle_msgs/lib/python3.8/site-packages:${PYTHONPATH} /usr/bin/cmake --build /root/ros2_ws/src/build/plansys2_executor -- -j16 -l16
[31.324s] Invoking command in '/root/ros2_ws/src/build/plansys2_executor': AMENT_PREFIX_PATH=/root/ros2_ws/src/install/plansys2_planner:/root/ros2_ws/src/install/plansys2_problem_expert:/root/ros2_ws/src/install/plansys2_domain_expert:/root/ros2_ws/src/install/plansys2_popf_plan_solver:/root/ros2_ws/src/install/plansys2_core:/root/ros2_ws/src/install/rclcpp_cascade_lifecycle:/root/ros2_ws/src/install/plansys2_pddl_parser:/root/ros2_ws/src/install/plansys2_msgs:/root/ros2_ws/src/install/cascade_lifecycle_msgs:${AMENT_PREFIX_PATH} CMAKE_PREFIX_PATH=/root/ros2_ws/src/install/plansys2_planner:/root/ros2_ws/src/install/plansys2_problem_expert:/root/ros2_ws/src/install/plansys2_domain_expert:/root/ros2_ws/src/install/plansys2_popf_plan_solver:/root/ros2_ws/src/install/plansys2_core:/root/ros2_ws/src/install/rclcpp_cascade_lifecycle:/root/ros2_ws/src/install/plansys2_pddl_parser:/root/ros2_ws/src/install/plansys2_msgs:/root/ros2_ws/src/install/cascade_lifecycle_msgs:/root/ros2_ws/install/ros2_aruco_interfaces:/root/ros2_ws/install/robot_urdf:/root/ros2_ws/install/plansys2_planner:/root/ros2_ws/install/plansys2_problem_expert:/root/ros2_ws/install/plansys2_domain_expert:/root/ros2_ws/install/plansys2_popf_plan_solver:/root/ros2_ws/install/plansys2_core:/root/ros2_ws/install/plansys2_pddl_parser:/root/ros2_ws/install/plansys2_msgs:/root/ros2_ws/install/plansys2_lifecycle_manager:/root/ros2_ws/install/ros2_aruco:/opt/ros/foxy LD_LIBRARY_PATH=/root/ros2_ws/src/install/plansys2_planner/lib:/root/ros2_ws/src/install/plansys2_problem_expert/lib:/root/ros2_ws/src/install/plansys2_domain_expert/lib:/root/ros2_ws/src/install/plansys2_popf_plan_solver/lib:/root/ros2_ws/src/install/plansys2_core/lib:/root/ros2_ws/src/install/rclcpp_cascade_lifecycle/lib:/root/ros2_ws/src/install/plansys2_pddl_parser/lib:/root/ros2_ws/src/install/plansys2_msgs/lib:/root/ros2_ws/src/install/cascade_lifecycle_msgs/lib:${LD_LIBRARY_PATH} PYTHONPATH=/root/ros2_ws/src/install/plansys2_msgs/lib/python3.8/site-packages:/root/ros2_ws/src/install/cascade_lifecycle_msgs/lib/python3.8/site-packages:${PYTHONPATH} /usr/bin/cmake --install /root/ros2_ws/src/build/plansys2_executor
[31.330s] -- Install configuration: ""
[31.330s] -- Execute custom install script
[31.331s] -- Symlinking: /root/ros2_ws/src/install/plansys2_executor/include//plansys2_executor/ActionExecutor.hpp
[31.338s] -- Symlinking: /root/ros2_ws/src/install/plansys2_executor/include//plansys2_executor/ActionExecutorClient.hpp
[31.345s] -- Symlinking: /root/ros2_ws/src/install/plansys2_executor/include//plansys2_executor/BTBuilder.hpp
[31.351s] -- Symlinking: /root/ros2_ws/src/install/plansys2_executor/include//plansys2_executor/ExecutorClient.hpp
[31.358s] -- Symlinking: /root/ros2_ws/src/install/plansys2_executor/include//plansys2_executor/ExecutorNode.hpp
[31.365s] -- Symlinking: /root/ros2_ws/src/install/plansys2_executor/include//plansys2_executor/behavior_tree/apply_atend_effect_node.hpp
[31.373s] -- Symlinking: /root/ros2_ws/src/install/plansys2_executor/include//plansys2_executor/behavior_tree/apply_atstart_effect_node.hpp
[31.380s] -- Symlinking: /root/ros2_ws/src/install/plansys2_executor/include//plansys2_executor/behavior_tree/check_atend_req_node.hpp
[31.386s] -- Symlinking: /root/ros2_ws/src/install/plansys2_executor/include//plansys2_executor/behavior_tree/check_overall_req_node.hpp
[31.394s] -- Symlinking: /root/ros2_ws/src/install/plansys2_executor/include//plansys2_executor/behavior_tree/check_timeout_node.hpp
[31.402s] -- Symlinking: /root/ros2_ws/src/install/plansys2_executor/include//plansys2_executor/behavior_tree/execute_action_node.hpp
[31.408s] -- Symlinking: /root/ros2_ws/src/install/plansys2_executor/include//plansys2_executor/behavior_tree/wait_action_node.hpp
[31.417s] -- Symlinking: /root/ros2_ws/src/install/plansys2_executor/include//plansys2_executor/behavior_tree/wait_atstart_req_node.hpp
[31.428s] -- Symlinking: /root/ros2_ws/src/install/plansys2_executor/share/plansys2_executor/launch/executor_launch.py
[31.444s] -- Symlinking: /root/ros2_ws/src/install/plansys2_executor/share/plansys2_executor/behavior_trees/plansys2_action_bt.xml
[31.457s] -- Symlinking: /root/ros2_ws/src/install/plansys2_executor/lib/libplansys2_executor.so
[31.469s] -- Symlinking: /root/ros2_ws/src/install/plansys2_executor/lib/plansys2_executor/executor_node
[31.480s] -- Symlinking: /root/ros2_ws/src/install/plansys2_executor/share/plansys2_executor/pddl/cooking_domain.pddl
[31.496s] -- Symlinking: /root/ros2_ws/src/install/plansys2_executor/share/plansys2_executor/pddl/domain_charging.pddl
[31.504s] -- Symlinking: /root/ros2_ws/src/install/plansys2_executor/share/plansys2_executor/pddl/domain_simple.pddl
[31.511s] -- Symlinking: /root/ros2_ws/src/install/plansys2_executor/share/plansys2_executor/pddl/domain_simple_2.pddl
[31.519s] -- Symlinking: /root/ros2_ws/src/install/plansys2_executor/share/plansys2_executor/pddl/factory.pddl
[31.527s] -- Symlinking: /root/ros2_ws/src/install/plansys2_executor/share/plansys2_executor/pddl/factory2.pddl
[31.534s] -- Symlinking: /root/ros2_ws/src/install/plansys2_executor/share/plansys2_executor/pddl/factory3.pddl
[31.541s] -- Symlinking: /root/ros2_ws/src/install/plansys2_executor/share/plansys2_executor/pddl/problem_factory_1.pddl
[31.548s] -- Symlinking: /root/ros2_ws/src/install/plansys2_executor/share/plansys2_executor/pddl/problem_simple_1.pddl
[31.555s] -- Symlinking: /root/ros2_ws/src/install/plansys2_executor/share/plansys2_executor/pddl/problem_simple_2.pddl
[31.563s] -- Symlinking: /root/ros2_ws/src/install/plansys2_executor/share/plansys2_executor/pddl/problem_simple_3.pddl
[31.570s] -- Symlinking: /root/ros2_ws/src/install/plansys2_executor/share/plansys2_executor/pddl/simple_example.pddl
[31.577s] -- Symlinking: /root/ros2_ws/src/install/plansys2_executor/share/plansys2_executor/test_behavior_trees/test_action_timeout_bt.xml
[31.584s] -- Symlinking: /root/ros2_ws/src/install/plansys2_executor/share/plansys2_executor/environment/library_path.sh
[31.591s] -- Symlinking: /root/ros2_ws/src/install/plansys2_executor/share/plansys2_executor/environment/library_path.dsv
[31.598s] -- Symlinking: /root/ros2_ws/src/install/plansys2_executor/share/ament_index/resource_index/package_run_dependencies/plansys2_executor
[31.606s] -- Symlinking: /root/ros2_ws/src/install/plansys2_executor/share/ament_index/resource_index/parent_prefix_path/plansys2_executor
[31.615s] -- Symlinking: /root/ros2_ws/src/install/plansys2_executor/share/plansys2_executor/environment/ament_prefix_path.sh
[31.623s] -- Symlinking: /root/ros2_ws/src/install/plansys2_executor/share/plansys2_executor/environment/ament_prefix_path.dsv
[31.630s] -- Symlinking: /root/ros2_ws/src/install/plansys2_executor/share/plansys2_executor/environment/path.sh
[31.638s] -- Symlinking: /root/ros2_ws/src/install/plansys2_executor/share/plansys2_executor/environment/path.dsv
[31.647s] -- Symlinking: /root/ros2_ws/src/install/plansys2_executor/share/plansys2_executor/local_setup.bash
[31.654s] -- Symlinking: /root/ros2_ws/src/install/plansys2_executor/share/plansys2_executor/local_setup.sh
[31.661s] -- Symlinking: /root/ros2_ws/src/install/plansys2_executor/share/plansys2_executor/local_setup.zsh
[31.667s] -- Symlinking: /root/ros2_ws/src/install/plansys2_executor/share/plansys2_executor/local_setup.dsv
[31.674s] -- Symlinking: /root/ros2_ws/src/install/plansys2_executor/share/plansys2_executor/package.dsv
[31.681s] -- Symlinking: /root/ros2_ws/src/install/plansys2_executor/share/ament_index/resource_index/packages/plansys2_executor
[31.687s] -- Symlinking: /root/ros2_ws/src/install/plansys2_executor/share/plansys2_executor/cmake/ament_cmake_export_include_directories-extras.cmake
[31.695s] -- Symlinking: /root/ros2_ws/src/install/plansys2_executor/share/plansys2_executor/cmake/ament_cmake_export_libraries-extras.cmake
[31.703s] -- Symlinking: /root/ros2_ws/src/install/plansys2_executor/share/plansys2_executor/cmake/ament_cmake_export_dependencies-extras.cmake
[31.710s] -- Symlinking: /root/ros2_ws/src/install/plansys2_executor/share/plansys2_executor/cmake/plansys2_executorConfig.cmake
[31.719s] -- Symlinking: /root/ros2_ws/src/install/plansys2_executor/share/plansys2_executor/cmake/plansys2_executorConfig-version.cmake
[31.728s] -- Symlinking: /root/ros2_ws/src/install/plansys2_executor/share/plansys2_executor/package.xml
[31.738s] Invoked command in '/root/ros2_ws/src/build/plansys2_executor' returned '0': AMENT_PREFIX_PATH=/root/ros2_ws/src/install/plansys2_planner:/root/ros2_ws/src/install/plansys2_problem_expert:/root/ros2_ws/src/install/plansys2_domain_expert:/root/ros2_ws/src/install/plansys2_popf_plan_solver:/root/ros2_ws/src/install/plansys2_core:/root/ros2_ws/src/install/rclcpp_cascade_lifecycle:/root/ros2_ws/src/install/plansys2_pddl_parser:/root/ros2_ws/src/install/plansys2_msgs:/root/ros2_ws/src/install/cascade_lifecycle_msgs:${AMENT_PREFIX_PATH} CMAKE_PREFIX_PATH=/root/ros2_ws/src/install/plansys2_planner:/root/ros2_ws/src/install/plansys2_problem_expert:/root/ros2_ws/src/install/plansys2_domain_expert:/root/ros2_ws/src/install/plansys2_popf_plan_solver:/root/ros2_ws/src/install/plansys2_core:/root/ros2_ws/src/install/rclcpp_cascade_lifecycle:/root/ros2_ws/src/install/plansys2_pddl_parser:/root/ros2_ws/src/install/plansys2_msgs:/root/ros2_ws/src/install/cascade_lifecycle_msgs:/root/ros2_ws/install/ros2_aruco_interfaces:/root/ros2_ws/install/robot_urdf:/root/ros2_ws/install/plansys2_planner:/root/ros2_ws/install/plansys2_problem_expert:/root/ros2_ws/install/plansys2_domain_expert:/root/ros2_ws/install/plansys2_popf_plan_solver:/root/ros2_ws/install/plansys2_core:/root/ros2_ws/install/plansys2_pddl_parser:/root/ros2_ws/install/plansys2_msgs:/root/ros2_ws/install/plansys2_lifecycle_manager:/root/ros2_ws/install/ros2_aruco:/opt/ros/foxy LD_LIBRARY_PATH=/root/ros2_ws/src/install/plansys2_planner/lib:/root/ros2_ws/src/install/plansys2_problem_expert/lib:/root/ros2_ws/src/install/plansys2_domain_expert/lib:/root/ros2_ws/src/install/plansys2_popf_plan_solver/lib:/root/ros2_ws/src/install/plansys2_core/lib:/root/ros2_ws/src/install/rclcpp_cascade_lifecycle/lib:/root/ros2_ws/src/install/plansys2_pddl_parser/lib:/root/ros2_ws/src/install/plansys2_msgs/lib:/root/ros2_ws/src/install/cascade_lifecycle_msgs/lib:${LD_LIBRARY_PATH} PYTHONPATH=/root/ros2_ws/src/install/plansys2_msgs/lib/python3.8/site-packages:/root/ros2_ws/src/install/cascade_lifecycle_msgs/lib/python3.8/site-packages:${PYTHONPATH} /usr/bin/cmake --install /root/ros2_ws/src/build/plansys2_executor
