-- The C compiler identification is GNU 9.4.0
-- The CXX compiler identification is GNU 9.4.0
-- Check for working C compiler: /usr/bin/cc
-- Check for working C compiler: /usr/bin/cc -- works
-- Detecting C compiler ABI info
-- Detecting C compiler ABI info - done
-- Detecting C compile features
-- Detecting C compile features - done
-- Check for working CXX compiler: /usr/bin/c++
-- Check for working CXX compiler: /usr/bin/c++ -- works
-- Detecting CXX compiler ABI info
-- Detecting CXX compiler ABI info - done
-- Detecting CXX compile features
-- Detecting CXX compile features - done
-- Found ament_cmake: 0.9.12 (/opt/ros/foxy/share/ament_cmake/cmake)
-- Found PythonInterp: /usr/bin/python3 (found suitable version "3.8.10", minimum required is "3") 
-- Using PYTHON_EXECUTABLE: /usr/bin/python3
-- Override CMake install command with custom implementation using symlinks instead of copying resources
-- Found rclcpp: 2.4.3 (/opt/ros/foxy/share/rclcpp/cmake)
-- Using all available rosidl_typesupport_c: rosidl_typesupport_fastrtps_c;rosidl_typesupport_introspection_c
-- Found rosidl_adapter: 1.3.1 (/opt/ros/foxy/share/rosidl_adapter/cmake)
-- Found OpenSSL: /usr/lib/x86_64-linux-gnu/libcrypto.so (found version "1.1.1f")  
-- Found FastRTPS: /opt/ros/foxy/include  
-- Using all available rosidl_typesupport_cpp: rosidl_typesupport_fastrtps_cpp;rosidl_typesupport_introspection_cpp
-- Found rmw_implementation_cmake: 1.0.4 (/opt/ros/foxy/share/rmw_implementation_cmake/cmake)
-- Using RMW implementation 'rmw_fastrtps_cpp' as default
-- Looking for pthread.h
-- Looking for pthread.h - found
-- Performing Test CMAKE_HAVE_LIBC_PTHREAD
-- Performing Test CMAKE_HAVE_LIBC_PTHREAD - Failed
-- Looking for pthread_create in pthreads
-- Looking for pthread_create in pthreads - not found
-- Looking for pthread_create in pthread
-- Looking for pthread_create in pthread - found
-- Found Threads: TRUE  
-- Found rclcpp_action: 2.4.3 (/opt/ros/foxy/share/rclcpp_action/cmake)
-- Found geometry_msgs: 2.0.5 (/opt/ros/foxy/share/geometry_msgs/cmake)
-- Found tf2_geometry_msgs: 0.13.14 (/opt/ros/foxy/share/tf2_geometry_msgs/cmake)
-- Found eigen3_cmake_module: 0.1.1 (/opt/ros/foxy/share/eigen3_cmake_module/cmake)
-- Found Eigen3: TRUE (found version "3.3.7") 
-- Found nav2_msgs: 0.4.7 (/opt/ros/foxy/share/nav2_msgs/cmake)
-- Found plansys2_msgs: 1.0.10 (/root/ros2_ws/src/install/plansys2_msgs/share/plansys2_msgs/cmake)
-- Found plansys2_domain_expert: 1.0.10 (/root/ros2_ws/src/install/plansys2_domain_expert/share/plansys2_domain_expert/cmake)
-- Found plansys2_executor: 1.0.10 (/root/ros2_ws/src/install/plansys2_executor/share/plansys2_executor/cmake)
-- Found plansys2_bt_actions: 1.0.10 (/root/ros2_ws/src/install/plansys2_bt_actions/share/plansys2_bt_actions/cmake)
-- Found ament_lint_auto: 0.9.8 (/opt/ros/foxy/share/ament_lint_auto/cmake)
-- Added test 'copyright' to check source files copyright and LICENSE
-- Added test 'cppcheck' to perform static code analysis on C / C++ code
-- Configured cppcheck include dirs: /root/ros2_ws/src/ros2_planning_system_examples/plansys2_bt_example/include
-- Configured cppcheck exclude dirs and/or files: 
-- Added test 'cpplint' to check C / C++ code against the Google style
-- Configured cpplint exclude dirs and/or files: 
-- Added test 'flake8' to check Python code syntax and style conventions
-- Added test 'lint_cmake' to check CMake code style
-- Added test 'pep257' to check Python code against some of the style conventions in PEP 257
-- Added test 'uncrustify' to check C / C++ code style
-- Configured uncrustify additional arguments: 
-- Added test 'xmllint' to check XML markup files
-- Configuring done
-- Generating done
-- Build files have been written to: /root/ros2_ws/src/build/plansys2_bt_example
[35m[1mScanning dependencies of target plansys2_open_gripper_bt_node[0m
[35m[1mScanning dependencies of target plansys2_move_bt_node[0m
[35m[1mScanning dependencies of target assemble_controller_node[0m
[35m[1mScanning dependencies of target nav2_sim_node[0m
[35m[1mScanning dependencies of target assemble_action_node[0m
[35m[1mScanning dependencies of target plansys2_close_gripper_bt_node[0m
[35m[1mScanning dependencies of target plansys2_approach_object_bt_node[0m
[35m[1mScanning dependencies of target plansys2_recharge_bt_node[0m
[  6%] [32mBuilding CXX object CMakeFiles/plansys2_open_gripper_bt_node.dir/src/behavior_tree_nodes/OpenGripper.cpp.o[0m
[ 18%] [32mBuilding CXX object CMakeFiles/plansys2_recharge_bt_node.dir/src/behavior_tree_nodes/Recharge.cpp.o[0m
[ 18%] [32mBuilding CXX object CMakeFiles/plansys2_close_gripper_bt_node.dir/src/behavior_tree_nodes/CloseGripper.cpp.o[0m
[ 25%] [32mBuilding CXX object CMakeFiles/plansys2_approach_object_bt_node.dir/src/behavior_tree_nodes/ApproachObject.cpp.o[0m
[ 31%] [32mBuilding CXX object CMakeFiles/assemble_controller_node.dir/src/assemble_controller_node.cpp.o[0m
[ 37%] [32mBuilding CXX object CMakeFiles/nav2_sim_node.dir/src/nav2_sim_node.cpp.o[0m
[ 43%] [32mBuilding CXX object CMakeFiles/assemble_action_node.dir/src/assemble_action_node.cpp.o[0m
[ 50%] [32mBuilding CXX object CMakeFiles/plansys2_move_bt_node.dir/src/behavior_tree_nodes/Move.cpp.o[0m
[ 56%] [32m[1mLinking CXX shared library libplansys2_open_gripper_bt_node.so[0m
[ 62%] [32m[1mLinking CXX shared library libplansys2_approach_object_bt_node.so[0m
[ 68%] [32m[1mLinking CXX shared library libplansys2_recharge_bt_node.so[0m
[ 68%] Built target plansys2_open_gripper_bt_node
[ 75%] [32m[1mLinking CXX shared library libplansys2_close_gripper_bt_node.so[0m
[ 75%] Built target plansys2_approach_object_bt_node
[ 75%] Built target plansys2_recharge_bt_node
[ 75%] Built target plansys2_close_gripper_bt_node
[ 81%] [32m[1mLinking CXX executable assemble_action_node[0m
[ 87%] [32m[1mLinking CXX executable assemble_controller_node[0m
[ 87%] Built target assemble_action_node
[ 93%] [32m[1mLinking CXX executable nav2_sim_node[0m
[ 93%] Built target nav2_sim_node
[ 93%] Built target assemble_controller_node
[100%] [32m[1mLinking CXX shared library libplansys2_move_bt_node.so[0m
[100%] Built target plansys2_move_bt_node
-- Install configuration: ""
-- Execute custom install script
-- Symlinking: /root/ros2_ws/src/install/plansys2_bt_example/share/plansys2_bt_example/launch/commands
-- Symlinking: /root/ros2_ws/src/install/plansys2_bt_example/share/plansys2_bt_example/launch/plansys2_bt_example_launch.py
-- Symlinking: /root/ros2_ws/src/install/plansys2_bt_example/share/plansys2_bt_example/pddl/bt_example.pddl
-- Symlinking: /root/ros2_ws/src/install/plansys2_bt_example/share/plansys2_bt_example/behavior_trees_xml/move.xml
-- Symlinking: /root/ros2_ws/src/install/plansys2_bt_example/share/plansys2_bt_example/behavior_trees_xml/recharge.xml
-- Symlinking: /root/ros2_ws/src/install/plansys2_bt_example/share/plansys2_bt_example/behavior_trees_xml/transport.xml
-- Symlinking: /root/ros2_ws/src/install/plansys2_bt_example/share/plansys2_bt_example/config/params.yaml
-- Symlinking: /root/ros2_ws/src/install/plansys2_bt_example/lib/plansys2_bt_example/assemble_action_node
-- Symlinking: /root/ros2_ws/src/install/plansys2_bt_example/lib/plansys2_bt_example/assemble_controller_node
-- Symlinking: /root/ros2_ws/src/install/plansys2_bt_example/lib/plansys2_bt_example/nav2_sim_node
-- Symlinking: /root/ros2_ws/src/install/plansys2_bt_example/lib/libplansys2_recharge_bt_node.so
-- Symlinking: /root/ros2_ws/src/install/plansys2_bt_example/lib/libplansys2_close_gripper_bt_node.so
-- Symlinking: /root/ros2_ws/src/install/plansys2_bt_example/lib/libplansys2_open_gripper_bt_node.so
-- Symlinking: /root/ros2_ws/src/install/plansys2_bt_example/lib/libplansys2_move_bt_node.so
-- Symlinking: /root/ros2_ws/src/install/plansys2_bt_example/lib/libplansys2_approach_object_bt_node.so
-- Symlinking: /root/ros2_ws/src/install/plansys2_bt_example/share/ament_index/resource_index/package_run_dependencies/plansys2_bt_example
-- Symlinking: /root/ros2_ws/src/install/plansys2_bt_example/share/ament_index/resource_index/parent_prefix_path/plansys2_bt_example
-- Symlinking: /root/ros2_ws/src/install/plansys2_bt_example/share/plansys2_bt_example/environment/ament_prefix_path.sh
-- Symlinking: /root/ros2_ws/src/install/plansys2_bt_example/share/plansys2_bt_example/environment/ament_prefix_path.dsv
-- Symlinking: /root/ros2_ws/src/install/plansys2_bt_example/share/plansys2_bt_example/environment/path.sh
-- Symlinking: /root/ros2_ws/src/install/plansys2_bt_example/share/plansys2_bt_example/environment/path.dsv
-- Symlinking: /root/ros2_ws/src/install/plansys2_bt_example/share/plansys2_bt_example/local_setup.bash
-- Symlinking: /root/ros2_ws/src/install/plansys2_bt_example/share/plansys2_bt_example/local_setup.sh
-- Symlinking: /root/ros2_ws/src/install/plansys2_bt_example/share/plansys2_bt_example/local_setup.zsh
-- Symlinking: /root/ros2_ws/src/install/plansys2_bt_example/share/plansys2_bt_example/local_setup.dsv
-- Symlinking: /root/ros2_ws/src/install/plansys2_bt_example/share/plansys2_bt_example/package.dsv
-- Symlinking: /root/ros2_ws/src/install/plansys2_bt_example/share/ament_index/resource_index/packages/plansys2_bt_example
-- Symlinking: /root/ros2_ws/src/install/plansys2_bt_example/share/plansys2_bt_example/cmake/ament_cmake_export_dependencies-extras.cmake
-- Symlinking: /root/ros2_ws/src/install/plansys2_bt_example/share/plansys2_bt_example/cmake/plansys2_bt_exampleConfig.cmake
-- Symlinking: /root/ros2_ws/src/install/plansys2_bt_example/share/plansys2_bt_example/cmake/plansys2_bt_exampleConfig-version.cmake
-- Symlinking: /root/ros2_ws/src/install/plansys2_bt_example/share/plansys2_bt_example/package.xml
