-- The C compiler identification is GNU 9.4.0
-- The CXX compiler identification is GNU 9.4.0
-- Check for working C compiler: /usr/bin/cc
-- Check for working C compiler: /usr/bin/cc -- works
-- Detecting C compiler ABI info
-- Detecting C compiler ABI info - done
-- Detecting C compile features
-- Detecting C compile features - done
-- Check for working CXX compiler: /usr/bin/c++
-- Check for working CXX compiler: /usr/bin/c++ -- works
-- Detecting CXX compiler ABI info
-- Detecting CXX compiler ABI info - done
-- Detecting CXX compile features
-- Detecting CXX compile features - done
-- Looking for pthread.h
-- Looking for pthread.h - found
-- Performing Test CMAKE_HAVE_LIBC_PTHREAD
-- Performing Test CMAKE_HAVE_LIBC_PTHREAD - Failed
-- Looking for pthread_create in pthreads
-- Looking for pthread_create in pthreads - not found
-- Looking for pthread_create in pthread
-- Looking for pthread_create in pthread - found
-- Found Threads: TRUE  
-- Found ament_cmake: 0.9.12 (/opt/ros/foxy/share/ament_cmake/cmake)
-- Found PythonInterp: /usr/bin/python3 (found suitable version "3.8.10", minimum required is "3") 
-- Using PYTHON_EXECUTABLE: /usr/bin/python3
-- Override CMake install command with custom implementation using symlinks instead of copying resources
-- Found rclcpp: 2.4.3 (/opt/ros/foxy/share/rclcpp/cmake)
-- Using all available rosidl_typesupport_c: rosidl_typesupport_fastrtps_c;rosidl_typesupport_introspection_c
-- Found rosidl_adapter: 1.3.1 (/opt/ros/foxy/share/rosidl_adapter/cmake)
-- Found OpenSSL: /usr/lib/x86_64-linux-gnu/libcrypto.so (found version "1.1.1f")  
-- Found FastRTPS: /opt/ros/foxy/include  
-- Using all available rosidl_typesupport_cpp: rosidl_typesupport_fastrtps_cpp;rosidl_typesupport_introspection_cpp
-- Found rmw_implementation_cmake: 1.0.4 (/opt/ros/foxy/share/rmw_implementation_cmake/cmake)
-- Using RMW implementation 'rmw_fastrtps_cpp' as default
-- Found plansys2_msgs: 1.0.10 (/root/ros2_ws/src/install/plansys2_msgs/share/plansys2_msgs/cmake)
-- Configuring done
-- Generating done
-- Build files have been written to: /root/ros2_ws/src/build/plansys2_pddl_parser
[35m[1mScanning dependencies of target plansys2_pddl_parser[0m
[  4%] [32mBuilding CXX object CMakeFiles/plansys2_pddl_parser.dir/src/plansys2_pddl_parser/GroundFunc.cpp.o[0m
[  8%] [32mBuilding CXX object CMakeFiles/plansys2_pddl_parser.dir/src/plansys2_pddl_parser/When.cpp.o[0m
[ 13%] [32mBuilding CXX object CMakeFiles/plansys2_pddl_parser.dir/src/plansys2_pddl_parser/Function.cpp.o[0m
[ 17%] [32mBuilding CXX object CMakeFiles/plansys2_pddl_parser.dir/src/plansys2_pddl_parser/Equals.cpp.o[0m
[ 26%] [32mBuilding CXX object CMakeFiles/plansys2_pddl_parser.dir/src/plansys2_pddl_parser/ParamCond.cpp.o[0m
[ 26%] [32mBuilding CXX object CMakeFiles/plansys2_pddl_parser.dir/src/plansys2_pddl_parser/Action.cpp.o[0m
[ 30%] [32mBuilding CXX object CMakeFiles/plansys2_pddl_parser.dir/src/plansys2_pddl_parser/Expression.cpp.o[0m
[ 34%] [32mBuilding CXX object CMakeFiles/plansys2_pddl_parser.dir/src/plansys2_pddl_parser/Exists.cpp.o[0m
[ 39%] [32mBuilding CXX object CMakeFiles/plansys2_pddl_parser.dir/src/plansys2_pddl_parser/Not.cpp.o[0m
[ 43%] [32mBuilding CXX object CMakeFiles/plansys2_pddl_parser.dir/src/plansys2_pddl_parser/TemporalAction.cpp.o[0m
[ 47%] [32mBuilding CXX object CMakeFiles/plansys2_pddl_parser.dir/src/plansys2_pddl_parser/Or.cpp.o[0m
[ 52%] [32mBuilding CXX object CMakeFiles/plansys2_pddl_parser.dir/src/plansys2_pddl_parser/And.cpp.o[0m
[ 56%] [32mBuilding CXX object CMakeFiles/plansys2_pddl_parser.dir/src/plansys2_pddl_parser/Derived.cpp.o[0m
[ 60%] [32mBuilding CXX object CMakeFiles/plansys2_pddl_parser.dir/src/plansys2_pddl_parser/Oneof.cpp.o[0m
[ 65%] [32mBuilding CXX object CMakeFiles/plansys2_pddl_parser.dir/src/plansys2_pddl_parser/Lifted.cpp.o[0m
[ 69%] [32mBuilding CXX object CMakeFiles/plansys2_pddl_parser.dir/src/plansys2_pddl_parser/Forall.cpp.o[0m
[ 73%] [32mBuilding CXX object CMakeFiles/plansys2_pddl_parser.dir/src/plansys2_pddl_parser/FunctionModifier.cpp.o[0m
[ 78%] [32mBuilding CXX object CMakeFiles/plansys2_pddl_parser.dir/src/plansys2_pddl_parser/Ground.cpp.o[0m
[ 82%] [32mBuilding CXX object CMakeFiles/plansys2_pddl_parser.dir/src/plansys2_pddl_parser/Utils.cpp.o[0m
[ 86%] [32mBuilding CXX object CMakeFiles/plansys2_pddl_parser.dir/src/plansys2_pddl_parser/TypeGround.cpp.o[0m
[ 91%] [32m[1mLinking CXX shared library libplansys2_pddl_parser.so[0m
[ 91%] Built target plansys2_pddl_parser
[35m[1mScanning dependencies of target parser[0m
[ 95%] [32mBuilding CXX object CMakeFiles/parser.dir/src/parser.cpp.o[0m
[100%] [32m[1mLinking CXX executable parser[0m
[100%] Built target parser
-- Install configuration: ""
-- Execute custom install script
-- Symlinking: /root/ros2_ws/src/install/plansys2_pddl_parser/include//plansys2_pddl_parser/Action.h
-- Symlinking: /root/ros2_ws/src/install/plansys2_pddl_parser/include//plansys2_pddl_parser/And.h
-- Symlinking: /root/ros2_ws/src/install/plansys2_pddl_parser/include//plansys2_pddl_parser/Basic.h
-- Symlinking: /root/ros2_ws/src/install/plansys2_pddl_parser/include//plansys2_pddl_parser/CondIter.h
-- Symlinking: /root/ros2_ws/src/install/plansys2_pddl_parser/include//plansys2_pddl_parser/Condition.h
-- Symlinking: /root/ros2_ws/src/install/plansys2_pddl_parser/include//plansys2_pddl_parser/Derived.h
-- Symlinking: /root/ros2_ws/src/install/plansys2_pddl_parser/include//plansys2_pddl_parser/Domain.h
-- Symlinking: /root/ros2_ws/src/install/plansys2_pddl_parser/include//plansys2_pddl_parser/EitherType.h
-- Symlinking: /root/ros2_ws/src/install/plansys2_pddl_parser/include//plansys2_pddl_parser/Equals.h
-- Symlinking: /root/ros2_ws/src/install/plansys2_pddl_parser/include//plansys2_pddl_parser/Exists.h
-- Symlinking: /root/ros2_ws/src/install/plansys2_pddl_parser/include//plansys2_pddl_parser/Expression.h
-- Symlinking: /root/ros2_ws/src/install/plansys2_pddl_parser/include//plansys2_pddl_parser/Forall.h
-- Symlinking: /root/ros2_ws/src/install/plansys2_pddl_parser/include//plansys2_pddl_parser/Function.h
-- Symlinking: /root/ros2_ws/src/install/plansys2_pddl_parser/include//plansys2_pddl_parser/FunctionModifier.h
-- Symlinking: /root/ros2_ws/src/install/plansys2_pddl_parser/include//plansys2_pddl_parser/Ground.h
-- Symlinking: /root/ros2_ws/src/install/plansys2_pddl_parser/include//plansys2_pddl_parser/GroundFunc.h
-- Symlinking: /root/ros2_ws/src/install/plansys2_pddl_parser/include//plansys2_pddl_parser/Instance.h
-- Symlinking: /root/ros2_ws/src/install/plansys2_pddl_parser/include//plansys2_pddl_parser/Lifted.h
-- Symlinking: /root/ros2_ws/src/install/plansys2_pddl_parser/include//plansys2_pddl_parser/Not.h
-- Symlinking: /root/ros2_ws/src/install/plansys2_pddl_parser/include//plansys2_pddl_parser/Oneof.h
-- Symlinking: /root/ros2_ws/src/install/plansys2_pddl_parser/include//plansys2_pddl_parser/Or.h
-- Symlinking: /root/ros2_ws/src/install/plansys2_pddl_parser/include//plansys2_pddl_parser/ParamCond.h
-- Symlinking: /root/ros2_ws/src/install/plansys2_pddl_parser/include//plansys2_pddl_parser/Stringreader.h
-- Symlinking: /root/ros2_ws/src/install/plansys2_pddl_parser/include//plansys2_pddl_parser/Task.h
-- Symlinking: /root/ros2_ws/src/install/plansys2_pddl_parser/include//plansys2_pddl_parser/TemporalAction.h
-- Symlinking: /root/ros2_ws/src/install/plansys2_pddl_parser/include//plansys2_pddl_parser/TokenStruct.h
-- Symlinking: /root/ros2_ws/src/install/plansys2_pddl_parser/include//plansys2_pddl_parser/Type.h
-- Symlinking: /root/ros2_ws/src/install/plansys2_pddl_parser/include//plansys2_pddl_parser/TypeGround.h
-- Symlinking: /root/ros2_ws/src/install/plansys2_pddl_parser/include//plansys2_pddl_parser/Utils.h
-- Symlinking: /root/ros2_ws/src/install/plansys2_pddl_parser/include//plansys2_pddl_parser/When.h
-- Symlinking: /root/ros2_ws/src/install/plansys2_pddl_parser/lib/libplansys2_pddl_parser.so
-- Symlinking: /root/ros2_ws/src/install/plansys2_pddl_parser/lib/plansys2_pddl_parser/parser
-- Symlinking: /root/ros2_ws/src/install/plansys2_pddl_parser/share/plansys2_pddl_parser/environment/library_path.sh
-- Symlinking: /root/ros2_ws/src/install/plansys2_pddl_parser/share/plansys2_pddl_parser/environment/library_path.dsv
-- Symlinking: /root/ros2_ws/src/install/plansys2_pddl_parser/share/ament_index/resource_index/package_run_dependencies/plansys2_pddl_parser
-- Symlinking: /root/ros2_ws/src/install/plansys2_pddl_parser/share/ament_index/resource_index/parent_prefix_path/plansys2_pddl_parser
-- Symlinking: /root/ros2_ws/src/install/plansys2_pddl_parser/share/plansys2_pddl_parser/environment/ament_prefix_path.sh
-- Symlinking: /root/ros2_ws/src/install/plansys2_pddl_parser/share/plansys2_pddl_parser/environment/ament_prefix_path.dsv
-- Symlinking: /root/ros2_ws/src/install/plansys2_pddl_parser/share/plansys2_pddl_parser/environment/path.sh
-- Symlinking: /root/ros2_ws/src/install/plansys2_pddl_parser/share/plansys2_pddl_parser/environment/path.dsv
-- Symlinking: /root/ros2_ws/src/install/plansys2_pddl_parser/share/plansys2_pddl_parser/local_setup.bash
-- Symlinking: /root/ros2_ws/src/install/plansys2_pddl_parser/share/plansys2_pddl_parser/local_setup.sh
-- Symlinking: /root/ros2_ws/src/install/plansys2_pddl_parser/share/plansys2_pddl_parser/local_setup.zsh
-- Symlinking: /root/ros2_ws/src/install/plansys2_pddl_parser/share/plansys2_pddl_parser/local_setup.dsv
-- Symlinking: /root/ros2_ws/src/install/plansys2_pddl_parser/share/plansys2_pddl_parser/package.dsv
-- Symlinking: /root/ros2_ws/src/install/plansys2_pddl_parser/share/ament_index/resource_index/packages/plansys2_pddl_parser
-- Symlinking: /root/ros2_ws/src/install/plansys2_pddl_parser/share/plansys2_pddl_parser/cmake/ament_cmake_export_include_directories-extras.cmake
-- Symlinking: /root/ros2_ws/src/install/plansys2_pddl_parser/share/plansys2_pddl_parser/cmake/ament_cmake_export_libraries-extras.cmake
-- Symlinking: /root/ros2_ws/src/install/plansys2_pddl_parser/share/plansys2_pddl_parser/cmake/ament_cmake_export_dependencies-extras.cmake
-- Symlinking: /root/ros2_ws/src/install/plansys2_pddl_parser/share/plansys2_pddl_parser/cmake/plansys2_pddl_parserConfig.cmake
-- Symlinking: /root/ros2_ws/src/install/plansys2_pddl_parser/share/plansys2_pddl_parser/cmake/plansys2_pddl_parserConfig-version.cmake
-- Symlinking: /root/ros2_ws/src/install/plansys2_pddl_parser/share/plansys2_pddl_parser/package.xml
