Performing C SOURCE FILE Test CMAKE_HAVE_LIBC_PTHREAD failed with the following output:
Change Dir: /root/ros2_ws/src/build/plansys2_problem_expert/CMakeFiles/CMakeTmp

Run Build Command(s):/usr/bin/make cmTC_b58bd/fast && /usr/bin/make -f CMakeFiles/cmTC_b58bd.dir/build.make CMakeFiles/cmTC_b58bd.dir/build
make[1]: Entering directory '/root/ros2_ws/src/build/plansys2_problem_expert/CMakeFiles/CMakeTmp'
Building C object CMakeFiles/cmTC_b58bd.dir/src.c.o
/usr/bin/cc   -DCMAKE_HAVE_LIBC_PTHREAD   -o CMakeFiles/cmTC_b58bd.dir/src.c.o   -c /root/ros2_ws/src/build/plansys2_problem_expert/CMakeFiles/CMakeTmp/src.c
Linking C executable cmTC_b58bd
/usr/bin/cmake -E cmake_link_script CMakeFiles/cmTC_b58bd.dir/link.txt --verbose=1
/usr/bin/cc  -DCMAKE_HAVE_LIBC_PTHREAD    CMakeFiles/cmTC_b58bd.dir/src.c.o  -o cmTC_b58bd 
/usr/bin/ld: CMakeFiles/cmTC_b58bd.dir/src.c.o: in function `main':
src.c:(.text+0x46): undefined reference to `pthread_create'
/usr/bin/ld: src.c:(.text+0x52): undefined reference to `pthread_detach'
/usr/bin/ld: src.c:(.text+0x63): undefined reference to `pthread_join'
collect2: error: ld returned 1 exit status
make[1]: *** [CMakeFiles/cmTC_b58bd.dir/build.make:87: cmTC_b58bd] Error 1
make[1]: Leaving directory '/root/ros2_ws/src/build/plansys2_problem_expert/CMakeFiles/CMakeTmp'
make: *** [Makefile:121: cmTC_b58bd/fast] Error 2


Source file was:
#include <pthread.h>

void* test_func(void* data)
{
  return data;
}

int main(void)
{
  pthread_t thread;
  pthread_create(&thread, NULL, test_func, NULL);
  pthread_detach(thread);
  pthread_join(thread, NULL);
  pthread_atfork(NULL, NULL, NULL);
  pthread_exit(NULL);

  return 0;
}

Determining if the function pthread_create exists in the pthreads failed with the following output:
Change Dir: /root/ros2_ws/src/build/plansys2_problem_expert/CMakeFiles/CMakeTmp

Run Build Command(s):/usr/bin/make cmTC_e3107/fast && /usr/bin/make -f CMakeFiles/cmTC_e3107.dir/build.make CMakeFiles/cmTC_e3107.dir/build
make[1]: Entering directory '/root/ros2_ws/src/build/plansys2_problem_expert/CMakeFiles/CMakeTmp'
Building C object CMakeFiles/cmTC_e3107.dir/CheckFunctionExists.c.o
/usr/bin/cc   -DCHECK_FUNCTION_EXISTS=pthread_create   -o CMakeFiles/cmTC_e3107.dir/CheckFunctionExists.c.o   -c /usr/share/cmake-3.16/Modules/CheckFunctionExists.c
Linking C executable cmTC_e3107
/usr/bin/cmake -E cmake_link_script CMakeFiles/cmTC_e3107.dir/link.txt --verbose=1
/usr/bin/cc  -DCHECK_FUNCTION_EXISTS=pthread_create    CMakeFiles/cmTC_e3107.dir/CheckFunctionExists.c.o  -o cmTC_e3107  -lpthreads 
/usr/bin/ld: cannot find -lpthreads
collect2: error: ld returned 1 exit status
make[1]: *** [CMakeFiles/cmTC_e3107.dir/build.make:87: cmTC_e3107] Error 1
make[1]: Leaving directory '/root/ros2_ws/src/build/plansys2_problem_expert/CMakeFiles/CMakeTmp'
make: *** [Makefile:121: cmTC_e3107/fast] Error 2



