[0.042s] Invoking command in '/root/ros2_ws/src/build/cascade_lifecycle_msgs': CMAKE_PREFIX_PATH=${CMAKE_PREFIX_PATH}:/root/ros2_ws/install/ros2_aruco:/opt/ros/foxy /usr/bin/cmake /root/ros2_ws/src/ros2_planning_system/cascade_lifecycle/cascade_lifecycle_msgs -DAMENT_CMAKE_SYMLINK_INSTALL=1 -DCMAKE_INSTALL_PREFIX=/root/ros2_ws/src/install/cascade_lifecycle_msgs
[0.240s] -- The C compiler identification is GNU 9.4.0
[0.354s] -- The CXX compiler identification is GNU 9.4.0
[0.361s] -- Check for working C compiler: /usr/bin/cc
[0.425s] -- Check for working C compiler: /usr/bin/cc -- works
[0.426s] -- Detecting C compiler ABI info
[0.490s] -- Detecting C compiler ABI info - done
[0.497s] -- Detecting C compile features
[0.497s] -- Detecting C compile features - done
[0.499s] -- Check for working CXX compiler: /usr/bin/c++
[0.566s] -- Check for working CXX compiler: /usr/bin/c++ -- works
[0.567s] -- Detecting CXX compiler ABI info
[0.635s] -- Detecting CXX compiler ABI info - done
[0.642s] -- Detecting CXX compile features
[0.643s] -- Detecting CXX compile features - done
[0.651s] -- Found ament_cmake: 0.9.12 (/opt/ros/foxy/share/ament_cmake/cmake)
[0.689s] -- Found PythonInterp: /usr/bin/python3 (found suitable version "3.8.10", minimum required is "3") 
[0.689s] -- Using PYTHON_EXECUTABLE: /usr/bin/python3
[0.823s] -- Override CMake install command with custom implementation using symlinks instead of copying resources
[0.888s] -- Found builtin_interfaces: 1.0.0 (/opt/ros/foxy/share/builtin_interfaces/cmake)
[0.954s] -- Using all available rosidl_typesupport_c: rosidl_typesupport_fastrtps_c;rosidl_typesupport_introspection_c
[0.969s] -- Found rosidl_adapter: 1.3.1 (/opt/ros/foxy/share/rosidl_adapter/cmake)
[1.090s] -- Found OpenSSL: /usr/lib/x86_64-linux-gnu/libcrypto.so (found version "1.1.1f")  
[1.125s] -- Found FastRTPS: /opt/ros/foxy/include  
[1.222s] -- Using all available rosidl_typesupport_cpp: rosidl_typesupport_fastrtps_cpp;rosidl_typesupport_introspection_cpp
[1.257s] -- Found lifecycle_msgs: 1.0.0 (/opt/ros/foxy/share/lifecycle_msgs/cmake)
[1.273s] -- Found rosidl_default_generators: 1.0.1 (/opt/ros/foxy/share/rosidl_default_generators/cmake)
[1.303s] -- Found PythonInterp: /usr/bin/python3 (found version "3.8.10") 
[1.413s] -- Found ament_cmake_ros: 0.9.2 (/opt/ros/foxy/share/ament_cmake_ros/cmake)
[1.553s] -- Using all available rosidl_typesupport_c: rosidl_typesupport_fastrtps_c;rosidl_typesupport_introspection_c
[1.574s] -- Using all available rosidl_typesupport_cpp: rosidl_typesupport_fastrtps_cpp;rosidl_typesupport_introspection_cpp
[1.598s] -- Found PythonInterp: /usr/bin/python3 (found suitable version "3.8.10", minimum required is "3.5") 
[1.603s] -- Found python_cmake_module: 0.8.1 (/opt/ros/foxy/share/python_cmake_module/cmake)
[1.630s] -- Found PythonLibs: /usr/lib/x86_64-linux-gnu/libpython3.8.so (found suitable version "3.8.10", minimum required is "3.5") 
[1.631s] -- Using PYTHON_EXECUTABLE: /usr/bin/python3
[1.631s] -- Using PYTHON_INCLUDE_DIRS: /usr/include/python3.8
[1.631s] -- Using PYTHON_LIBRARIES: /usr/lib/x86_64-linux-gnu/libpython3.8.so
[1.651s] -- Found PythonExtra: .so  
[1.704s] -- Configuring done
[1.745s] -- Generating done
[1.755s] -- Build files have been written to: /root/ros2_ws/src/build/cascade_lifecycle_msgs
[1.762s] Invoked command in '/root/ros2_ws/src/build/cascade_lifecycle_msgs' returned '0': CMAKE_PREFIX_PATH=${CMAKE_PREFIX_PATH}:/root/ros2_ws/install/ros2_aruco:/opt/ros/foxy /usr/bin/cmake /root/ros2_ws/src/ros2_planning_system/cascade_lifecycle/cascade_lifecycle_msgs -DAMENT_CMAKE_SYMLINK_INSTALL=1 -DCMAKE_INSTALL_PREFIX=/root/ros2_ws/src/install/cascade_lifecycle_msgs
[1.764s] Invoking command in '/root/ros2_ws/src/build/cascade_lifecycle_msgs': CMAKE_PREFIX_PATH=${CMAKE_PREFIX_PATH}:/root/ros2_ws/install/ros2_aruco:/opt/ros/foxy /usr/bin/cmake --build /root/ros2_ws/src/build/cascade_lifecycle_msgs -- -j16 -l16
[1.794s] [35m[1mScanning dependencies of target cascade_lifecycle_msgs__cpp[0m
[1.798s] [  2%] [34m[1mGenerating C code for ROS interfaces[0m
[1.803s] [  5%] [34m[1mGenerating C++ code for ROS interfaces[0m
[2.053s] [  5%] Built target cascade_lifecycle_msgs__cpp
[2.061s] [35m[1mScanning dependencies of target cascade_lifecycle_msgs__rosidl_generator_c[0m
[2.063s] [  7%] [34m[1mGenerating C++ type support dispatch for ROS interfaces[0m
[2.065s] [ 10%] [34m[1mGenerating C++ introspection for ROS interfaces[0m
[2.068s] [ 12%] [34m[1mGenerating C++ type support for eProsima Fast-RTPS[0m
[2.074s] [ 15%] [32mBuilding C object CMakeFiles/cascade_lifecycle_msgs__rosidl_generator_c.dir/rosidl_generator_c/cascade_lifecycle_msgs/msg/detail/state__functions.c.o[0m
[2.076s] [ 17%] [32mBuilding C object CMakeFiles/cascade_lifecycle_msgs__rosidl_generator_c.dir/rosidl_generator_c/cascade_lifecycle_msgs/msg/detail/activation__functions.c.o[0m
[2.131s] [ 20%] [32m[1mLinking C shared library libcascade_lifecycle_msgs__rosidl_generator_c.so[0m
[2.184s] [ 20%] Built target cascade_lifecycle_msgs__rosidl_generator_c
[2.198s] [ 23%] [34m[1mGenerating C introspection for ROS interfaces[0m
[2.200s] [ 25%] [34m[1mGenerating C type support dispatch for ROS interfaces[0m
[2.300s] [35m[1mScanning dependencies of target cascade_lifecycle_msgs__rosidl_typesupport_introspection_cpp[0m
[2.318s] [ 28%] [32mBuilding CXX object CMakeFiles/cascade_lifecycle_msgs__rosidl_typesupport_introspection_cpp.dir/rosidl_typesupport_introspection_cpp/cascade_lifecycle_msgs/msg/detail/activation__type_support.cpp.o[0m
[2.322s] [35m[1mScanning dependencies of target cascade_lifecycle_msgs__rosidl_typesupport_cpp[0m
[2.324s] [ 30%] [32mBuilding CXX object CMakeFiles/cascade_lifecycle_msgs__rosidl_typesupport_introspection_cpp.dir/rosidl_typesupport_introspection_cpp/cascade_lifecycle_msgs/msg/detail/state__type_support.cpp.o[0m
[2.331s] [35m[1mScanning dependencies of target cascade_lifecycle_msgs__rosidl_typesupport_fastrtps_cpp[0m
[2.340s] [ 33%] [32mBuilding CXX object CMakeFiles/cascade_lifecycle_msgs__rosidl_typesupport_cpp.dir/rosidl_typesupport_cpp/cascade_lifecycle_msgs/msg/activation__type_support.cpp.o[0m
[2.342s] [ 35%] [32mBuilding CXX object CMakeFiles/cascade_lifecycle_msgs__rosidl_typesupport_cpp.dir/rosidl_typesupport_cpp/cascade_lifecycle_msgs/msg/state__type_support.cpp.o[0m
[2.370s] [ 38%] [32mBuilding CXX object CMakeFiles/cascade_lifecycle_msgs__rosidl_typesupport_fastrtps_cpp.dir/rosidl_typesupport_fastrtps_cpp/cascade_lifecycle_msgs/msg/detail/dds_fastrtps/activation__type_support.cpp.o[0m
[2.384s] [ 41%] [32mBuilding CXX object CMakeFiles/cascade_lifecycle_msgs__rosidl_typesupport_fastrtps_cpp.dir/rosidl_typesupport_fastrtps_cpp/cascade_lifecycle_msgs/msg/detail/dds_fastrtps/state__type_support.cpp.o[0m
[2.486s] [35m[1mScanning dependencies of target cascade_lifecycle_msgs__rosidl_typesupport_introspection_c[0m
[2.501s] [35m[1mScanning dependencies of target cascade_lifecycle_msgs__rosidl_typesupport_c[0m
[2.524s] [ 43%] [32mBuilding C object CMakeFiles/cascade_lifecycle_msgs__rosidl_typesupport_introspection_c.dir/rosidl_typesupport_introspection_c/cascade_lifecycle_msgs/msg/detail/state__type_support.c.o[0m
[2.527s] [ 46%] [32mBuilding C object CMakeFiles/cascade_lifecycle_msgs__rosidl_typesupport_introspection_c.dir/rosidl_typesupport_introspection_c/cascade_lifecycle_msgs/msg/detail/activation__type_support.c.o[0m
[2.539s] [ 48%] [32mBuilding CXX object CMakeFiles/cascade_lifecycle_msgs__rosidl_typesupport_c.dir/rosidl_typesupport_c/cascade_lifecycle_msgs/msg/activation__type_support.cpp.o[0m
[2.553s] [ 51%] [32mBuilding CXX object CMakeFiles/cascade_lifecycle_msgs__rosidl_typesupport_c.dir/rosidl_typesupport_c/cascade_lifecycle_msgs/msg/state__type_support.cpp.o[0m
[2.584s] [ 53%] [32m[1mLinking C shared library libcascade_lifecycle_msgs__rosidl_typesupport_introspection_c.so[0m
[2.596s] [ 56%] [32m[1mLinking CXX shared library libcascade_lifecycle_msgs__rosidl_typesupport_c.so[0m
[2.628s] [ 56%] Built target cascade_lifecycle_msgs__rosidl_typesupport_introspection_c
[2.634s] [ 58%] [32m[1mLinking CXX shared library libcascade_lifecycle_msgs__rosidl_typesupport_cpp.so[0m
[2.643s] [ 58%] Built target cascade_lifecycle_msgs__rosidl_typesupport_c
[2.647s] [ 61%] [32m[1mLinking CXX shared library libcascade_lifecycle_msgs__rosidl_typesupport_introspection_cpp.so[0m
[2.680s] [ 61%] Built target cascade_lifecycle_msgs__rosidl_typesupport_cpp
[2.725s] [ 61%] Built target cascade_lifecycle_msgs__rosidl_typesupport_introspection_cpp
[2.773s] [ 64%] [32m[1mLinking CXX shared library libcascade_lifecycle_msgs__rosidl_typesupport_fastrtps_cpp.so[0m
[2.849s] [ 64%] Built target cascade_lifecycle_msgs__rosidl_typesupport_fastrtps_cpp
[2.859s] [ 66%] [34m[1mGenerating C type support for eProsima Fast-RTPS[0m
[3.069s] [35m[1mScanning dependencies of target cascade_lifecycle_msgs__rosidl_typesupport_fastrtps_c[0m
[3.089s] [ 69%] [32mBuilding CXX object CMakeFiles/cascade_lifecycle_msgs__rosidl_typesupport_fastrtps_c.dir/rosidl_typesupport_fastrtps_c/cascade_lifecycle_msgs/msg/detail/activation__type_support_c.cpp.o[0m
[3.093s] [ 71%] [32mBuilding CXX object CMakeFiles/cascade_lifecycle_msgs__rosidl_typesupport_fastrtps_c.dir/rosidl_typesupport_fastrtps_c/cascade_lifecycle_msgs/msg/detail/state__type_support_c.cpp.o[0m
[3.339s] [ 74%] [32m[1mLinking CXX shared library libcascade_lifecycle_msgs__rosidl_typesupport_fastrtps_c.so[0m
[3.398s] [ 74%] Built target cascade_lifecycle_msgs__rosidl_typesupport_fastrtps_c
[3.407s] [35m[1mScanning dependencies of target cascade_lifecycle_msgs[0m
[3.415s] [ 74%] Built target cascade_lifecycle_msgs
[3.428s] [35m[1mScanning dependencies of target cascade_lifecycle_msgs__py[0m
[3.440s] [ 76%] [34m[1mGenerating Python code for ROS interfaces[0m
[3.920s] [ 76%] Built target cascade_lifecycle_msgs__py
[3.928s] [35m[1mScanning dependencies of target cascade_lifecycle_msgs__python[0m
[3.962s] [ 79%] [32mBuilding C object CMakeFiles/cascade_lifecycle_msgs__python.dir/rosidl_generator_py/cascade_lifecycle_msgs/msg/_activation_s.c.o[0m
[3.967s] [ 82%] [32mBuilding C object CMakeFiles/cascade_lifecycle_msgs__python.dir/rosidl_generator_py/cascade_lifecycle_msgs/msg/_state_s.c.o[0m
[4.034s] [ 84%] [32m[1mLinking C shared library rosidl_generator_py/cascade_lifecycle_msgs/libcascade_lifecycle_msgs__python.so[0m
[4.073s] [ 84%] Built target cascade_lifecycle_msgs__python
[4.082s] [35m[1mScanning dependencies of target cascade_lifecycle_msgs__rosidl_typesupport_fastrtps_c__pyext[0m
[4.083s] [35m[1mScanning dependencies of target cascade_lifecycle_msgs__rosidl_typesupport_introspection_c__pyext[0m
[4.084s] [35m[1mScanning dependencies of target cascade_lifecycle_msgs__rosidl_typesupport_c__pyext[0m
[4.101s] [ 87%] [32mBuilding C object CMakeFiles/cascade_lifecycle_msgs__rosidl_typesupport_c__pyext.dir/rosidl_generator_py/cascade_lifecycle_msgs/_cascade_lifecycle_msgs_s.ep.rosidl_typesupport_c.c.o[0m
[4.103s] [ 92%] [32mBuilding C object CMakeFiles/cascade_lifecycle_msgs__rosidl_typesupport_fastrtps_c__pyext.dir/rosidl_generator_py/cascade_lifecycle_msgs/_cascade_lifecycle_msgs_s.ep.rosidl_typesupport_fastrtps_c.c.o[0m
[4.103s] [ 92%] [32mBuilding C object CMakeFiles/cascade_lifecycle_msgs__rosidl_typesupport_introspection_c__pyext.dir/rosidl_generator_py/cascade_lifecycle_msgs/_cascade_lifecycle_msgs_s.ep.rosidl_typesupport_introspection_c.c.o[0m
[4.158s] [ 94%] [32m[1mLinking C shared library rosidl_generator_py/cascade_lifecycle_msgs/cascade_lifecycle_msgs_s__rosidl_typesupport_c.cpython-38-x86_64-linux-gnu.so[0m
[4.163s] [ 97%] [32m[1mLinking CXX shared library rosidl_generator_py/cascade_lifecycle_msgs/cascade_lifecycle_msgs_s__rosidl_typesupport_fastrtps_c.cpython-38-x86_64-linux-gnu.so[0m
[4.191s] [100%] [32m[1mLinking C shared library rosidl_generator_py/cascade_lifecycle_msgs/cascade_lifecycle_msgs_s__rosidl_typesupport_introspection_c.cpython-38-x86_64-linux-gnu.so[0m
[4.194s] [100%] Built target cascade_lifecycle_msgs__rosidl_typesupport_c__pyext
[4.233s] [100%] Built target cascade_lifecycle_msgs__rosidl_typesupport_introspection_c__pyext
[4.242s] [100%] Built target cascade_lifecycle_msgs__rosidl_typesupport_fastrtps_c__pyext
[4.253s] Invoked command in '/root/ros2_ws/src/build/cascade_lifecycle_msgs' returned '0': CMAKE_PREFIX_PATH=${CMAKE_PREFIX_PATH}:/root/ros2_ws/install/ros2_aruco:/opt/ros/foxy /usr/bin/cmake --build /root/ros2_ws/src/build/cascade_lifecycle_msgs -- -j16 -l16
[4.256s] Invoking command in '/root/ros2_ws/src/build/cascade_lifecycle_msgs': CMAKE_PREFIX_PATH=${CMAKE_PREFIX_PATH}:/root/ros2_ws/install/ros2_aruco:/opt/ros/foxy /usr/bin/cmake --install /root/ros2_ws/src/build/cascade_lifecycle_msgs
[4.263s] -- Install configuration: ""
[4.264s] -- Execute custom install script
[4.264s] -- Symlinking: /root/ros2_ws/src/install/cascade_lifecycle_msgs/share/ament_index/resource_index/rosidl_interfaces/cascade_lifecycle_msgs
[4.271s] -- Symlinking: /root/ros2_ws/src/install/cascade_lifecycle_msgs/include/cascade_lifecycle_msgs/msg/activation.h
[4.280s] -- Symlinking: /root/ros2_ws/src/install/cascade_lifecycle_msgs/include/cascade_lifecycle_msgs/msg/detail/activation__functions.h
[4.287s] -- Symlinking: /root/ros2_ws/src/install/cascade_lifecycle_msgs/include/cascade_lifecycle_msgs/msg/detail/activation__struct.h
[4.295s] -- Symlinking: /root/ros2_ws/src/install/cascade_lifecycle_msgs/include/cascade_lifecycle_msgs/msg/detail/activation__type_support.h
[4.302s] -- Symlinking: /root/ros2_ws/src/install/cascade_lifecycle_msgs/include/cascade_lifecycle_msgs/msg/detail/state__functions.h
[4.310s] -- Symlinking: /root/ros2_ws/src/install/cascade_lifecycle_msgs/include/cascade_lifecycle_msgs/msg/detail/state__struct.h
[4.316s] -- Symlinking: /root/ros2_ws/src/install/cascade_lifecycle_msgs/include/cascade_lifecycle_msgs/msg/detail/state__type_support.h
[4.324s] -- Symlinking: /root/ros2_ws/src/install/cascade_lifecycle_msgs/include/cascade_lifecycle_msgs/msg/rosidl_generator_c__visibility_control.h
[4.331s] -- Symlinking: /root/ros2_ws/src/install/cascade_lifecycle_msgs/include/cascade_lifecycle_msgs/msg/state.h
[4.340s] -- Symlinking: /root/ros2_ws/src/install/cascade_lifecycle_msgs/share/cascade_lifecycle_msgs/environment/library_path.sh
[4.345s] -- Symlinking: /root/ros2_ws/src/install/cascade_lifecycle_msgs/share/cascade_lifecycle_msgs/environment/library_path.dsv
[4.352s] -- Symlinking: /root/ros2_ws/src/install/cascade_lifecycle_msgs/include/cascade_lifecycle_msgs/msg/detail/activation__rosidl_typesupport_fastrtps_c.h
[4.362s] -- Symlinking: /root/ros2_ws/src/install/cascade_lifecycle_msgs/include/cascade_lifecycle_msgs/msg/detail/state__rosidl_typesupport_fastrtps_c.h
[4.370s] -- Symlinking: /root/ros2_ws/src/install/cascade_lifecycle_msgs/include/cascade_lifecycle_msgs/msg/rosidl_typesupport_fastrtps_c__visibility_control.h
[4.378s] -- Symlinking: /root/ros2_ws/src/install/cascade_lifecycle_msgs/lib/libcascade_lifecycle_msgs__rosidl_typesupport_fastrtps_c.so
[4.386s] -- Symlinking: /root/ros2_ws/src/install/cascade_lifecycle_msgs/include/cascade_lifecycle_msgs/msg/detail/activation__rosidl_typesupport_fastrtps_cpp.hpp
[4.393s] -- Symlinking: /root/ros2_ws/src/install/cascade_lifecycle_msgs/include/cascade_lifecycle_msgs/msg/detail/state__rosidl_typesupport_fastrtps_cpp.hpp
[4.402s] -- Symlinking: /root/ros2_ws/src/install/cascade_lifecycle_msgs/include/cascade_lifecycle_msgs/msg/rosidl_typesupport_fastrtps_cpp__visibility_control.h
[4.410s] -- Symlinking: /root/ros2_ws/src/install/cascade_lifecycle_msgs/lib/libcascade_lifecycle_msgs__rosidl_typesupport_fastrtps_cpp.so
[4.418s] -- Symlinking: /root/ros2_ws/src/install/cascade_lifecycle_msgs/include/cascade_lifecycle_msgs/msg/detail/activation__rosidl_typesupport_introspection_c.h
[4.425s] -- Symlinking: /root/ros2_ws/src/install/cascade_lifecycle_msgs/include/cascade_lifecycle_msgs/msg/detail/state__rosidl_typesupport_introspection_c.h
[4.432s] -- Symlinking: /root/ros2_ws/src/install/cascade_lifecycle_msgs/include/cascade_lifecycle_msgs/msg/rosidl_typesupport_introspection_c__visibility_control.h
[4.441s] -- Symlinking: /root/ros2_ws/src/install/cascade_lifecycle_msgs/include/cascade_lifecycle_msgs/msg/activation.hpp
[4.447s] -- Symlinking: /root/ros2_ws/src/install/cascade_lifecycle_msgs/include/cascade_lifecycle_msgs/msg/detail/activation__builder.hpp
[4.453s] -- Symlinking: /root/ros2_ws/src/install/cascade_lifecycle_msgs/include/cascade_lifecycle_msgs/msg/detail/activation__struct.hpp
[4.460s] -- Symlinking: /root/ros2_ws/src/install/cascade_lifecycle_msgs/include/cascade_lifecycle_msgs/msg/detail/activation__traits.hpp
[4.467s] -- Symlinking: /root/ros2_ws/src/install/cascade_lifecycle_msgs/include/cascade_lifecycle_msgs/msg/detail/activation__type_support.hpp
[4.474s] -- Symlinking: /root/ros2_ws/src/install/cascade_lifecycle_msgs/include/cascade_lifecycle_msgs/msg/detail/state__builder.hpp
[4.482s] -- Symlinking: /root/ros2_ws/src/install/cascade_lifecycle_msgs/include/cascade_lifecycle_msgs/msg/detail/state__struct.hpp
[4.488s] -- Symlinking: /root/ros2_ws/src/install/cascade_lifecycle_msgs/include/cascade_lifecycle_msgs/msg/detail/state__traits.hpp
[4.495s] -- Symlinking: /root/ros2_ws/src/install/cascade_lifecycle_msgs/include/cascade_lifecycle_msgs/msg/detail/state__type_support.hpp
[4.501s] -- Symlinking: /root/ros2_ws/src/install/cascade_lifecycle_msgs/include/cascade_lifecycle_msgs/msg/rosidl_generator_cpp__visibility_control.hpp
[4.509s] -- Symlinking: /root/ros2_ws/src/install/cascade_lifecycle_msgs/include/cascade_lifecycle_msgs/msg/state.hpp
[4.516s] -- Symlinking: /root/ros2_ws/src/install/cascade_lifecycle_msgs/include/cascade_lifecycle_msgs/msg/detail/activation__rosidl_typesupport_introspection_cpp.hpp
[4.524s] -- Symlinking: /root/ros2_ws/src/install/cascade_lifecycle_msgs/include/cascade_lifecycle_msgs/msg/detail/state__rosidl_typesupport_introspection_cpp.hpp
[4.531s] -- Symlinking: /root/ros2_ws/src/install/cascade_lifecycle_msgs/share/cascade_lifecycle_msgs/environment/pythonpath.sh
[4.538s] -- Symlinking: /root/ros2_ws/src/install/cascade_lifecycle_msgs/share/cascade_lifecycle_msgs/environment/pythonpath.dsv
[4.546s] -- Symlinking: /root/ros2_ws/src/install/cascade_lifecycle_msgs/lib/python3.8/site-packages/cascade_lifecycle_msgs/__init__.py
[4.553s] -- Symlinking: /root/ros2_ws/src/install/cascade_lifecycle_msgs/lib/python3.8/site-packages/cascade_lifecycle_msgs/msg/__init__.py
[4.562s] -- Symlinking: /root/ros2_ws/src/install/cascade_lifecycle_msgs/lib/python3.8/site-packages/cascade_lifecycle_msgs/msg/_activation.py
[4.570s] -- Symlinking: /root/ros2_ws/src/install/cascade_lifecycle_msgs/lib/python3.8/site-packages/cascade_lifecycle_msgs/msg/_state.py
[4.576s] -- Symlinking: /root/ros2_ws/src/install/cascade_lifecycle_msgs/lib/python3.8/site-packages/cascade_lifecycle_msgs/cascade_lifecycle_msgs_s__rosidl_typesupport_fastrtps_c.cpython-38-x86_64-linux-gnu.so
[4.584s] -- Symlinking: /root/ros2_ws/src/install/cascade_lifecycle_msgs/lib/python3.8/site-packages/cascade_lifecycle_msgs/cascade_lifecycle_msgs_s__rosidl_typesupport_introspection_c.cpython-38-x86_64-linux-gnu.so
[4.591s] -- Symlinking: /root/ros2_ws/src/install/cascade_lifecycle_msgs/lib/python3.8/site-packages/cascade_lifecycle_msgs/cascade_lifecycle_msgs_s__rosidl_typesupport_c.cpython-38-x86_64-linux-gnu.so
[4.598s] -- Symlinking: /root/ros2_ws/src/install/cascade_lifecycle_msgs/lib/libcascade_lifecycle_msgs__python.so
[4.604s] -- Symlinking: /root/ros2_ws/src/install/cascade_lifecycle_msgs/share/cascade_lifecycle_msgs/msg/Activation.idl
[4.613s] -- Symlinking: /root/ros2_ws/src/install/cascade_lifecycle_msgs/share/cascade_lifecycle_msgs/msg/State.idl
[4.620s] -- Symlinking: /root/ros2_ws/src/install/cascade_lifecycle_msgs/share/cascade_lifecycle_msgs/msg/Activation.msg
[4.627s] -- Symlinking: /root/ros2_ws/src/install/cascade_lifecycle_msgs/share/cascade_lifecycle_msgs/msg/State.msg
[4.635s] -- Symlinking: /root/ros2_ws/src/install/cascade_lifecycle_msgs/share/ament_index/resource_index/package_run_dependencies/cascade_lifecycle_msgs
[4.649s] -- Symlinking: /root/ros2_ws/src/install/cascade_lifecycle_msgs/share/ament_index/resource_index/parent_prefix_path/cascade_lifecycle_msgs
[4.660s] -- Symlinking: /root/ros2_ws/src/install/cascade_lifecycle_msgs/share/cascade_lifecycle_msgs/environment/ament_prefix_path.sh
[4.670s] -- Symlinking: /root/ros2_ws/src/install/cascade_lifecycle_msgs/share/cascade_lifecycle_msgs/environment/ament_prefix_path.dsv
[4.686s] -- Symlinking: /root/ros2_ws/src/install/cascade_lifecycle_msgs/share/cascade_lifecycle_msgs/environment/path.sh
[4.705s] -- Symlinking: /root/ros2_ws/src/install/cascade_lifecycle_msgs/share/cascade_lifecycle_msgs/environment/path.dsv
[4.721s] -- Symlinking: /root/ros2_ws/src/install/cascade_lifecycle_msgs/share/cascade_lifecycle_msgs/local_setup.bash
[4.732s] -- Symlinking: /root/ros2_ws/src/install/cascade_lifecycle_msgs/share/cascade_lifecycle_msgs/local_setup.sh
[4.745s] -- Symlinking: /root/ros2_ws/src/install/cascade_lifecycle_msgs/share/cascade_lifecycle_msgs/local_setup.zsh
[4.756s] -- Symlinking: /root/ros2_ws/src/install/cascade_lifecycle_msgs/share/cascade_lifecycle_msgs/local_setup.dsv
[4.770s] -- Symlinking: /root/ros2_ws/src/install/cascade_lifecycle_msgs/share/cascade_lifecycle_msgs/package.dsv
[4.784s] -- Symlinking: /root/ros2_ws/src/install/cascade_lifecycle_msgs/share/ament_index/resource_index/packages/cascade_lifecycle_msgs
[4.796s] -- Symlinking: /root/ros2_ws/src/install/cascade_lifecycle_msgs/share/cascade_lifecycle_msgs/cmake/rosidl_cmake-extras.cmake
[4.811s] -- Symlinking: /root/ros2_ws/src/install/cascade_lifecycle_msgs/share/cascade_lifecycle_msgs/cmake/ament_cmake_export_dependencies-extras.cmake
[4.817s] -- Symlinking: /root/ros2_ws/src/install/cascade_lifecycle_msgs/share/cascade_lifecycle_msgs/cmake/ament_cmake_export_libraries-extras.cmake
[4.825s] -- Symlinking: /root/ros2_ws/src/install/cascade_lifecycle_msgs/share/cascade_lifecycle_msgs/cmake/ament_cmake_export_targets-extras.cmake
[4.835s] -- Symlinking: /root/ros2_ws/src/install/cascade_lifecycle_msgs/share/cascade_lifecycle_msgs/cmake/ament_cmake_export_include_directories-extras.cmake
[4.844s] -- Symlinking: /root/ros2_ws/src/install/cascade_lifecycle_msgs/share/cascade_lifecycle_msgs/cmake/rosidl_cmake_export_typesupport_libraries-extras.cmake
[4.853s] -- Symlinking: /root/ros2_ws/src/install/cascade_lifecycle_msgs/share/cascade_lifecycle_msgs/cmake/rosidl_cmake_export_typesupport_targets-extras.cmake
[4.864s] -- Symlinking: /root/ros2_ws/src/install/cascade_lifecycle_msgs/share/cascade_lifecycle_msgs/cmake/cascade_lifecycle_msgsConfig.cmake
[4.876s] -- Symlinking: /root/ros2_ws/src/install/cascade_lifecycle_msgs/share/cascade_lifecycle_msgs/cmake/cascade_lifecycle_msgsConfig-version.cmake
[4.886s] -- Symlinking: /root/ros2_ws/src/install/cascade_lifecycle_msgs/share/cascade_lifecycle_msgs/package.xml
[4.897s] -- Installing: /root/ros2_ws/src/install/cascade_lifecycle_msgs/lib/libcascade_lifecycle_msgs__rosidl_generator_c.so
[4.897s] -- Set runtime path of "/root/ros2_ws/src/install/cascade_lifecycle_msgs/lib/libcascade_lifecycle_msgs__rosidl_generator_c.so" to ""
[4.897s] -- Installing: /root/ros2_ws/src/install/cascade_lifecycle_msgs/lib/libcascade_lifecycle_msgs__rosidl_typesupport_introspection_c.so
[4.898s] -- Set runtime path of "/root/ros2_ws/src/install/cascade_lifecycle_msgs/lib/libcascade_lifecycle_msgs__rosidl_typesupport_introspection_c.so" to ""
[4.898s] -- Installing: /root/ros2_ws/src/install/cascade_lifecycle_msgs/lib/libcascade_lifecycle_msgs__rosidl_typesupport_c.so
[4.898s] -- Set runtime path of "/root/ros2_ws/src/install/cascade_lifecycle_msgs/lib/libcascade_lifecycle_msgs__rosidl_typesupport_c.so" to ""
[4.898s] -- Installing: /root/ros2_ws/src/install/cascade_lifecycle_msgs/lib/libcascade_lifecycle_msgs__rosidl_typesupport_introspection_cpp.so
[4.898s] -- Set runtime path of "/root/ros2_ws/src/install/cascade_lifecycle_msgs/lib/libcascade_lifecycle_msgs__rosidl_typesupport_introspection_cpp.so" to ""
[4.898s] -- Installing: /root/ros2_ws/src/install/cascade_lifecycle_msgs/lib/libcascade_lifecycle_msgs__rosidl_typesupport_cpp.so
[4.898s] -- Set runtime path of "/root/ros2_ws/src/install/cascade_lifecycle_msgs/lib/libcascade_lifecycle_msgs__rosidl_typesupport_cpp.so" to ""
[4.933s] Compiling '/root/ros2_ws/src/install/cascade_lifecycle_msgs/lib/python3.8/site-packages/cascade_lifecycle_msgs/__init__.py'...
[4.936s] -- Installing: /root/ros2_ws/src/install/cascade_lifecycle_msgs/share/cascade_lifecycle_msgs/cmake/cascade_lifecycle_msgs__rosidl_generator_cExport.cmake
[4.937s] -- Installing: /root/ros2_ws/src/install/cascade_lifecycle_msgs/share/cascade_lifecycle_msgs/cmake/cascade_lifecycle_msgs__rosidl_generator_cExport-noconfig.cmake
[4.937s] -- Installing: /root/ros2_ws/src/install/cascade_lifecycle_msgs/share/cascade_lifecycle_msgs/cmake/cascade_lifecycle_msgs__rosidl_typesupport_introspection_cExport.cmake
[4.938s] -- Installing: /root/ros2_ws/src/install/cascade_lifecycle_msgs/share/cascade_lifecycle_msgs/cmake/cascade_lifecycle_msgs__rosidl_typesupport_introspection_cExport-noconfig.cmake
[4.938s] -- Installing: /root/ros2_ws/src/install/cascade_lifecycle_msgs/share/cascade_lifecycle_msgs/cmake/cascade_lifecycle_msgs__rosidl_typesupport_cExport.cmake
[4.938s] -- Installing: /root/ros2_ws/src/install/cascade_lifecycle_msgs/share/cascade_lifecycle_msgs/cmake/cascade_lifecycle_msgs__rosidl_typesupport_cExport-noconfig.cmake
[4.938s] -- Installing: /root/ros2_ws/src/install/cascade_lifecycle_msgs/share/cascade_lifecycle_msgs/cmake/cascade_lifecycle_msgs__rosidl_generator_cppExport.cmake
[4.938s] -- Installing: /root/ros2_ws/src/install/cascade_lifecycle_msgs/share/cascade_lifecycle_msgs/cmake/cascade_lifecycle_msgs__rosidl_typesupport_introspection_cppExport.cmake
[4.938s] -- Installing: /root/ros2_ws/src/install/cascade_lifecycle_msgs/share/cascade_lifecycle_msgs/cmake/cascade_lifecycle_msgs__rosidl_typesupport_introspection_cppExport-noconfig.cmake
[4.939s] -- Installing: /root/ros2_ws/src/install/cascade_lifecycle_msgs/share/cascade_lifecycle_msgs/cmake/cascade_lifecycle_msgs__rosidl_typesupport_cppExport.cmake
[4.939s] -- Installing: /root/ros2_ws/src/install/cascade_lifecycle_msgs/share/cascade_lifecycle_msgs/cmake/cascade_lifecycle_msgs__rosidl_typesupport_cppExport-noconfig.cmake
[4.941s] Invoked command in '/root/ros2_ws/src/build/cascade_lifecycle_msgs' returned '0': CMAKE_PREFIX_PATH=${CMAKE_PREFIX_PATH}:/root/ros2_ws/install/ros2_aruco:/opt/ros/foxy /usr/bin/cmake --install /root/ros2_ws/src/build/cascade_lifecycle_msgs
