-- The C compiler identification is GNU 9.4.0
-- The CXX compiler identification is GNU 9.4.0
-- Check for working C compiler: /usr/bin/cc
-- Check for working C compiler: /usr/bin/cc -- works
-- Detecting C compiler ABI info
-- Detecting C compiler ABI info - done
-- Detecting C compile features
-- Detecting C compile features - done
-- Check for working CXX compiler: /usr/bin/c++
-- Check for working CXX compiler: /usr/bin/c++ -- works
-- Detecting CXX compiler ABI info
-- Detecting CXX compiler ABI info - done
-- Detecting CXX compile features
-- Detecting CXX compile features - done
-- Found ament_cmake: 0.9.12 (/opt/ros/foxy/share/ament_cmake/cmake)
-- Found PythonInterp: /usr/bin/python3 (found suitable version "3.8.10", minimum required is "3") 
-- Using PYTHON_EXECUTABLE: /usr/bin/python3
-- Override CMake install command with custom implementation using symlinks instead of copying resources
-- Found rclcpp: 2.4.3 (/opt/ros/foxy/share/rclcpp/cmake)
-- Using all available rosidl_typesupport_c: rosidl_typesupport_fastrtps_c;rosidl_typesupport_introspection_c
-- Found rosidl_adapter: 1.3.1 (/opt/ros/foxy/share/rosidl_adapter/cmake)
-- Found OpenSSL: /usr/lib/x86_64-linux-gnu/libcrypto.so (found version "1.1.1f")  
-- Found FastRTPS: /opt/ros/foxy/include  
-- Using all available rosidl_typesupport_cpp: rosidl_typesupport_fastrtps_cpp;rosidl_typesupport_introspection_cpp
-- Found rmw_implementation_cmake: 1.0.4 (/opt/ros/foxy/share/rmw_implementation_cmake/cmake)
-- Using RMW implementation 'rmw_fastrtps_cpp' as default
-- Looking for pthread.h
-- Looking for pthread.h - found
-- Performing Test CMAKE_HAVE_LIBC_PTHREAD
-- Performing Test CMAKE_HAVE_LIBC_PTHREAD - Failed
-- Looking for pthread_create in pthreads
-- Looking for pthread_create in pthreads - not found
-- Looking for pthread_create in pthread
-- Looking for pthread_create in pthread - found
-- Found Threads: TRUE  
-- Found rclcpp_action: 2.4.3 (/opt/ros/foxy/share/rclcpp_action/cmake)
-- Found plansys2_msgs: 1.0.10 (/root/ros2_ws/src/install/plansys2_msgs/share/plansys2_msgs/cmake)
-- Found plansys2_executor: 1.0.10 (/root/ros2_ws/src/install/plansys2_executor/share/plansys2_executor/cmake)
-- Found ament_lint_auto: 0.9.8 (/opt/ros/foxy/share/ament_lint_auto/cmake)
-- Added test 'copyright' to check source files copyright and LICENSE
-- Added test 'cppcheck' to perform static code analysis on C / C++ code
-- Configured cppcheck include dirs: 
-- Configured cppcheck exclude dirs and/or files: 
-- Added test 'cpplint' to check C / C++ code against the Google style
-- Configured cpplint exclude dirs and/or files: 
-- Added test 'flake8' to check Python code syntax and style conventions
-- Added test 'lint_cmake' to check CMake code style
-- Added test 'pep257' to check Python code against some of the style conventions in PEP 257
-- Added test 'uncrustify' to check C / C++ code style
-- Configured uncrustify additional arguments: 
-- Added test 'xmllint' to check XML markup files
-- Configuring done
-- Generating done
-- Build files have been written to: /root/ros2_ws/src/build/plansys2_multidomain_example
[35m[1mScanning dependencies of target ask_charge_action_node[0m
[35m[1mScanning dependencies of target move_action_node[0m
[35m[1mScanning dependencies of target charge_action_node[0m
[35m[1mScanning dependencies of target pick_object_action_node[0m
[35m[1mScanning dependencies of target place_object_action_node[0m
[ 10%] [32mBuilding CXX object CMakeFiles/move_action_node.dir/src/move_action_node.cpp.o[0m
[ 20%] [32mBuilding CXX object CMakeFiles/charge_action_node.dir/src/charge_action_node.cpp.o[0m
[ 30%] [32mBuilding CXX object CMakeFiles/ask_charge_action_node.dir/src/ask_charge_action_node.cpp.o[0m
[ 40%] [32mBuilding CXX object CMakeFiles/place_object_action_node.dir/src/place_object_action_node.cpp.o[0m
[ 50%] [32mBuilding CXX object CMakeFiles/pick_object_action_node.dir/src/pick_object_action_node.cpp.o[0m
[ 60%] [32m[1mLinking CXX executable charge_action_node[0m
[ 70%] [32m[1mLinking CXX executable move_action_node[0m
[ 80%] [32m[1mLinking CXX executable pick_object_action_node[0m
[ 90%] [32m[1mLinking CXX executable place_object_action_node[0m
[ 90%] Built target charge_action_node
[ 90%] Built target pick_object_action_node
[ 90%] Built target move_action_node
[ 90%] Built target place_object_action_node
[100%] [32m[1mLinking CXX executable ask_charge_action_node[0m
[100%] Built target ask_charge_action_node
-- Install configuration: ""
-- Execute custom install script
-- Symlinking: /root/ros2_ws/src/install/plansys2_multidomain_example/share/plansys2_multidomain_example/launch/commands
-- Symlinking: /root/ros2_ws/src/install/plansys2_multidomain_example/share/plansys2_multidomain_example/launch/plansys2_multidomain_example_launch.py
-- Symlinking: /root/ros2_ws/src/install/plansys2_multidomain_example/share/plansys2_multidomain_example/pddl_1/domain_1.pddl
-- Symlinking: /root/ros2_ws/src/install/plansys2_multidomain_example/share/plansys2_multidomain_example/pddl_2/domain_2.pddl
-- Symlinking: /root/ros2_ws/src/install/plansys2_multidomain_example/lib/plansys2_multidomain_example/move_action_node
-- Symlinking: /root/ros2_ws/src/install/plansys2_multidomain_example/lib/plansys2_multidomain_example/charge_action_node
-- Symlinking: /root/ros2_ws/src/install/plansys2_multidomain_example/lib/plansys2_multidomain_example/ask_charge_action_node
-- Symlinking: /root/ros2_ws/src/install/plansys2_multidomain_example/lib/plansys2_multidomain_example/pick_object_action_node
-- Symlinking: /root/ros2_ws/src/install/plansys2_multidomain_example/lib/plansys2_multidomain_example/place_object_action_node
-- Symlinking: /root/ros2_ws/src/install/plansys2_multidomain_example/share/ament_index/resource_index/package_run_dependencies/plansys2_multidomain_example
-- Symlinking: /root/ros2_ws/src/install/plansys2_multidomain_example/share/ament_index/resource_index/parent_prefix_path/plansys2_multidomain_example
-- Symlinking: /root/ros2_ws/src/install/plansys2_multidomain_example/share/plansys2_multidomain_example/environment/ament_prefix_path.sh
-- Symlinking: /root/ros2_ws/src/install/plansys2_multidomain_example/share/plansys2_multidomain_example/environment/ament_prefix_path.dsv
-- Symlinking: /root/ros2_ws/src/install/plansys2_multidomain_example/share/plansys2_multidomain_example/environment/path.sh
-- Symlinking: /root/ros2_ws/src/install/plansys2_multidomain_example/share/plansys2_multidomain_example/environment/path.dsv
-- Symlinking: /root/ros2_ws/src/install/plansys2_multidomain_example/share/plansys2_multidomain_example/local_setup.bash
-- Symlinking: /root/ros2_ws/src/install/plansys2_multidomain_example/share/plansys2_multidomain_example/local_setup.sh
-- Symlinking: /root/ros2_ws/src/install/plansys2_multidomain_example/share/plansys2_multidomain_example/local_setup.zsh
-- Symlinking: /root/ros2_ws/src/install/plansys2_multidomain_example/share/plansys2_multidomain_example/local_setup.dsv
-- Symlinking: /root/ros2_ws/src/install/plansys2_multidomain_example/share/plansys2_multidomain_example/package.dsv
-- Symlinking: /root/ros2_ws/src/install/plansys2_multidomain_example/share/ament_index/resource_index/packages/plansys2_multidomain_example
-- Symlinking: /root/ros2_ws/src/install/plansys2_multidomain_example/share/plansys2_multidomain_example/cmake/ament_cmake_export_dependencies-extras.cmake
-- Symlinking: /root/ros2_ws/src/install/plansys2_multidomain_example/share/plansys2_multidomain_example/cmake/plansys2_multidomain_exampleConfig.cmake
-- Symlinking: /root/ros2_ws/src/install/plansys2_multidomain_example/share/plansys2_multidomain_example/cmake/plansys2_multidomain_exampleConfig-version.cmake
-- Symlinking: /root/ros2_ws/src/install/plansys2_multidomain_example/share/plansys2_multidomain_example/package.xml
