[0.012s] Invoking command in '/root/ros2_ws/src/build/assignment_2': CMAKE_PREFIX_PATH=${CMAKE_PREFIX_PATH}:/root/ros2_ws/install/ros2_aruco:/root/ros2_ws/install/nav2_gazebo_spawner:/opt/ros/foxy /usr/bin/cmake /root/ros2_ws/src/assignment_2 -DCMAKE_INSTALL_PREFIX=/root/ros2_ws/src/install/assignment_2
[0.158s] -- The C compiler identification is GNU 9.4.0
[0.221s] -- The CXX compiler identification is GNU 9.4.0
[0.231s] -- Check for working C compiler: /usr/bin/cc
[0.290s] -- Check for working C compiler: /usr/bin/cc -- works
[0.293s] -- Detecting C compiler ABI info
[0.348s] -- Detecting C compiler ABI info - done
[0.356s] -- Detecting C compile features
[0.356s] -- Detecting C compile features - done
[0.359s] -- Check for working CXX compiler: /usr/bin/c++
[0.422s] -- Check for working CXX compiler: /usr/bin/c++ -- works
[0.422s] -- Detecting CXX compiler ABI info
[0.484s] -- Detecting CXX compiler ABI info - done
[0.492s] -- Detecting CXX compile features
[0.492s] -- Detecting CXX compile features - done
[0.504s] -- Found ament_cmake: 0.9.12 (/opt/ros/foxy/share/ament_cmake/cmake)
[0.536s] -- Found PythonInterp: /usr/bin/python3 (found suitable version "3.8.10", minimum required is "3") 
[0.536s] -- Using PYTHON_EXECUTABLE: /usr/bin/python3
[0.743s] -- Found ament_lint_auto: 0.9.8 (/opt/ros/foxy/share/ament_lint_auto/cmake)
[0.836s] -- Added test 'copyright' to check source files copyright and LICENSE
[0.843s] -- Added test 'flake8' to check Python code syntax and style conventions
[0.845s] -- Added test 'lint_cmake' to check CMake code style
[0.846s] -- Added test 'pep257' to check Python code against some of the style conventions in PEP 257
[0.850s] -- Added test 'xmllint' to check XML markup files
[0.853s] -- Configuring done
[0.855s] -- Generating done
[0.856s] -- Build files have been written to: /root/ros2_ws/src/build/assignment_2
[0.859s] Invoked command in '/root/ros2_ws/src/build/assignment_2' returned '0': CMAKE_PREFIX_PATH=${CMAKE_PREFIX_PATH}:/root/ros2_ws/install/ros2_aruco:/root/ros2_ws/install/nav2_gazebo_spawner:/opt/ros/foxy /usr/bin/cmake /root/ros2_ws/src/assignment_2 -DCMAKE_INSTALL_PREFIX=/root/ros2_ws/src/install/assignment_2
[0.861s] Invoking command in '/root/ros2_ws/src/build/assignment_2': CMAKE_PREFIX_PATH=${CMAKE_PREFIX_PATH}:/root/ros2_ws/install/ros2_aruco:/root/ros2_ws/install/nav2_gazebo_spawner:/opt/ros/foxy /usr/bin/cmake --build /root/ros2_ws/src/build/assignment_2 -- -j16 -l16
[0.892s] Invoked command in '/root/ros2_ws/src/build/assignment_2' returned '0': CMAKE_PREFIX_PATH=${CMAKE_PREFIX_PATH}:/root/ros2_ws/install/ros2_aruco:/root/ros2_ws/install/nav2_gazebo_spawner:/opt/ros/foxy /usr/bin/cmake --build /root/ros2_ws/src/build/assignment_2 -- -j16 -l16
[0.902s] Invoking command in '/root/ros2_ws/src/build/assignment_2': CMAKE_PREFIX_PATH=${CMAKE_PREFIX_PATH}:/root/ros2_ws/install/ros2_aruco:/root/ros2_ws/install/nav2_gazebo_spawner:/opt/ros/foxy /usr/bin/cmake --install /root/ros2_ws/src/build/assignment_2
[0.908s] -- Install configuration: ""
[0.908s] -- Installing: /root/ros2_ws/src/install/assignment_2/share/assignment_2//launch
[0.909s] -- Installing: /root/ros2_ws/src/install/assignment_2/share/assignment_2//launch/assignment_2.launch.py
[0.910s] -- Installing: /root/ros2_ws/src/install/assignment_2/share/assignment_2//launch/assignment2_launcher.py
[0.910s] -- Installing: /root/ros2_ws/src/install/assignment_2/share/assignment_2//urdf
[0.911s] -- Installing: /root/ros2_ws/src/install/assignment_2/share/assignment_2//urdf/robot5.gazebo
[0.911s] -- Installing: /root/ros2_ws/src/install/assignment_2/share/assignment_2//urdf/robot5.xacro
[0.911s] -- Installing: /root/ros2_ws/src/install/assignment_2/share/assignment_2//urdf/robot4.gazebo
[0.912s] -- Installing: /root/ros2_ws/src/install/assignment_2/share/assignment_2//urdf/robot4.xacro
[0.912s] -- Installing: /root/ros2_ws/src/install/assignment_2/share/assignment_2//urdf/materials.xacro
[0.912s] -- Installing: /root/ros2_ws/src/install/assignment_2/share/assignment_2//config
[0.912s] -- Installing: /root/ros2_ws/src/install/assignment_2/share/assignment_2//config/rviz.rviz
[0.912s] -- Installing: /root/ros2_ws/src/install/assignment_2/share/assignment_2//config/config.yaml
[0.913s] -- Installing: /root/ros2_ws/src/install/assignment_2/share/assignment_2//worlds
[0.913s] -- Installing: /root/ros2_ws/src/install/assignment_2/share/assignment_2//worlds/assignment2.world
[0.913s] -- Installing: /root/ros2_ws/src/install/assignment_2/share/ament_index/resource_index/package_run_dependencies/assignment_2
[0.913s] -- Installing: /root/ros2_ws/src/install/assignment_2/share/ament_index/resource_index/parent_prefix_path/assignment_2
[0.914s] -- Installing: /root/ros2_ws/src/install/assignment_2/share/assignment_2/environment/ament_prefix_path.sh
[0.914s] -- Installing: /root/ros2_ws/src/install/assignment_2/share/assignment_2/environment/ament_prefix_path.dsv
[0.914s] -- Installing: /root/ros2_ws/src/install/assignment_2/share/assignment_2/environment/path.sh
[0.914s] -- Installing: /root/ros2_ws/src/install/assignment_2/share/assignment_2/environment/path.dsv
[0.914s] -- Installing: /root/ros2_ws/src/install/assignment_2/share/assignment_2/local_setup.bash
[0.914s] -- Installing: /root/ros2_ws/src/install/assignment_2/share/assignment_2/local_setup.sh
[0.915s] -- Installing: /root/ros2_ws/src/install/assignment_2/share/assignment_2/local_setup.zsh
[0.915s] -- Installing: /root/ros2_ws/src/install/assignment_2/share/assignment_2/local_setup.dsv
[0.915s] -- Installing: /root/ros2_ws/src/install/assignment_2/share/assignment_2/package.dsv
[0.915s] -- Installing: /root/ros2_ws/src/install/assignment_2/share/ament_index/resource_index/packages/assignment_2
[0.915s] -- Installing: /root/ros2_ws/src/install/assignment_2/share/assignment_2/cmake/assignment_2Config.cmake
[0.915s] -- Installing: /root/ros2_ws/src/install/assignment_2/share/assignment_2/cmake/assignment_2Config-version.cmake
[0.916s] -- Installing: /root/ros2_ws/src/install/assignment_2/share/assignment_2/package.xml
[0.917s] Invoked command in '/root/ros2_ws/src/build/assignment_2' returned '0': CMAKE_PREFIX_PATH=${CMAKE_PREFIX_PATH}:/root/ros2_ws/install/ros2_aruco:/root/ros2_ws/install/nav2_gazebo_spawner:/opt/ros/foxy /usr/bin/cmake --install /root/ros2_ws/src/build/assignment_2
