-- The C compiler identification is GNU 9.4.0
-- The CXX compiler identification is GNU 9.4.0
-- Check for working C compiler: /usr/bin/cc
-- Check for working C compiler: /usr/bin/cc -- works
-- Detecting C compiler ABI info
-- Detecting C compiler ABI info - done
-- Detecting C compile features
-- Detecting C compile features - done
-- Check for working CXX compiler: /usr/bin/c++
-- Check for working CXX compiler: /usr/bin/c++ -- works
-- Detecting CXX compiler ABI info
-- Detecting CXX compiler ABI info - done
-- Detecting CXX compile features
-- Detecting CXX compile features - done
-- Looking for pthread.h
-- Looking for pthread.h - found
-- Performing Test CMAKE_HAVE_LIBC_PTHREAD
-- Performing Test CMAKE_HAVE_LIBC_PTHREAD - Failed
-- Looking for pthread_create in pthreads
-- Looking for pthread_create in pthreads - not found
-- Looking for pthread_create in pthread
-- Looking for pthread_create in pthread - found
-- Found Threads: TRUE  
-- Found ament_cmake: 0.9.12 (/opt/ros/foxy/share/ament_cmake/cmake)
-- Found PythonInterp: /usr/bin/python3 (found suitable version "3.8.10", minimum required is "3") 
-- Using PYTHON_EXECUTABLE: /usr/bin/python3
-- Override CMake install command with custom implementation using symlinks instead of copying resources
-- Found rclcpp: 2.4.3 (/opt/ros/foxy/share/rclcpp/cmake)
-- Using all available rosidl_typesupport_c: rosidl_typesupport_fastrtps_c;rosidl_typesupport_introspection_c
-- Found rosidl_adapter: 1.3.1 (/opt/ros/foxy/share/rosidl_adapter/cmake)
-- Found OpenSSL: /usr/lib/x86_64-linux-gnu/libcrypto.so (found version "1.1.1f")  
-- Found FastRTPS: /opt/ros/foxy/include  
-- Using all available rosidl_typesupport_cpp: rosidl_typesupport_fastrtps_cpp;rosidl_typesupport_introspection_cpp
-- Found rmw_implementation_cmake: 1.0.4 (/opt/ros/foxy/share/rmw_implementation_cmake/cmake)
-- Using RMW implementation 'rmw_fastrtps_cpp' as default
-- Found rclcpp_action: 2.4.3 (/opt/ros/foxy/share/rclcpp_action/cmake)
-- Found rclcpp_lifecycle: 2.4.3 (/opt/ros/foxy/share/rclcpp_lifecycle/cmake)
-- Found ament_index_cpp: 1.1.0 (/opt/ros/foxy/share/ament_index_cpp/cmake)
-- Found plansys2_pddl_parser: 1.0.10 (/root/ros2_ws/src/install/plansys2_pddl_parser/share/plansys2_pddl_parser/cmake)
-- Found plansys2_core: 1.0.10 (/root/ros2_ws/src/install/plansys2_core/share/plansys2_core/cmake)
-- Found plansys2_popf_plan_solver: 1.0.10 (/root/ros2_ws/src/install/plansys2_popf_plan_solver/share/plansys2_popf_plan_solver/cmake)
-- Found ament_lint_auto: 0.9.8 (/opt/ros/foxy/share/ament_lint_auto/cmake)
-- Found gtest sources under '/opt/ros/foxy/src/gtest_vendor': C++ tests using 'Google Test' will be built
-- Check if compiler accepts -pthread
-- Check if compiler accepts -pthread - yes
-- Added test 'copyright' to check source files copyright and LICENSE
-- Added test 'cppcheck' to perform static code analysis on C / C++ code
-- Configured cppcheck include dirs: /root/ros2_ws/src/ros2_planning_system/plansys2_domain_expert/include
-- Configured cppcheck exclude dirs and/or files: 
-- Added test 'cpplint' to check C / C++ code against the Google style
-- Configured cpplint exclude dirs and/or files: 
-- Added test 'flake8' to check Python code syntax and style conventions
-- Added test 'lint_cmake' to check CMake code style
-- Added test 'pep257' to check Python code against some of the style conventions in PEP 257
-- Added test 'uncrustify' to check C / C++ code style
-- Configured uncrustify additional arguments: 
-- Added test 'xmllint' to check XML markup files
-- Configuring done
-- Generating done
-- Build files have been written to: /root/ros2_ws/src/build/plansys2_domain_expert
[35m[1mScanning dependencies of target plansys2_domain_expert[0m
[35m[1mScanning dependencies of target gtest[0m
[35m[1mScanning dependencies of target gtest_main[0m
[  5%] [32mBuilding CXX object gtest/CMakeFiles/gtest_main.dir/src/gtest_main.cc.o[0m
[ 10%] [32mBuilding CXX object gtest/CMakeFiles/gtest.dir/src/gtest-all.cc.o[0m
[ 15%] [32mBuilding CXX object CMakeFiles/plansys2_domain_expert.dir/src/plansys2_domain_expert/DomainExpert.cpp.o[0m
[ 21%] [32mBuilding CXX object CMakeFiles/plansys2_domain_expert.dir/src/plansys2_domain_expert/DomainExpertClient.cpp.o[0m
[ 26%] [32mBuilding CXX object CMakeFiles/plansys2_domain_expert.dir/src/plansys2_domain_expert/DomainReader.cpp.o[0m
[ 31%] [32mBuilding CXX object CMakeFiles/plansys2_domain_expert.dir/src/plansys2_domain_expert/DomainExpertNode.cpp.o[0m
[ 36%] [32m[1mLinking CXX static library libgtest_main.a[0m
[ 36%] Built target gtest_main
[ 42%] [32m[1mLinking CXX static library libgtest.a[0m
[ 42%] Built target gtest
[ 47%] [32m[1mLinking CXX shared library libplansys2_domain_expert.so[0m
[ 47%] Built target plansys2_domain_expert
[35m[1mScanning dependencies of target domain_expert_node[0m
[35m[1mScanning dependencies of target domain_reader_test[0m
[35m[1mScanning dependencies of target types_test[0m
[35m[1mScanning dependencies of target domain_expert_test[0m
[35m[1mScanning dependencies of target domain_expert_node_test[0m
[ 52%] [32mBuilding CXX object test/unit/CMakeFiles/domain_reader_test.dir/domain_reader_test.cpp.o[0m
[ 57%] [32mBuilding CXX object test/unit/CMakeFiles/types_test.dir/types_test.cpp.o[0m
[ 63%] [32mBuilding CXX object test/unit/CMakeFiles/domain_expert_test.dir/domain_expert_test.cpp.o[0m
[ 73%] [32mBuilding CXX object test/unit/CMakeFiles/domain_expert_node_test.dir/domain_expert_node_test.cpp.o[0m
[ 73%] [32mBuilding CXX object CMakeFiles/domain_expert_node.dir/src/domain_expert_node.cpp.o[0m
[ 78%] [32m[1mLinking CXX executable domain_reader_test[0m
[ 78%] Built target domain_reader_test
[ 84%] [32m[1mLinking CXX executable types_test[0m
[ 84%] Built target types_test
[ 89%] [32m[1mLinking CXX executable domain_expert_test[0m
[ 94%] [32m[1mLinking CXX executable domain_expert_node[0m
[ 94%] Built target domain_expert_test
[ 94%] Built target domain_expert_node
[100%] [32m[1mLinking CXX executable domain_expert_node_test[0m
[100%] Built target domain_expert_node_test
-- Install configuration: ""
-- Execute custom install script
-- Symlinking: /root/ros2_ws/src/install/plansys2_domain_expert/include//plansys2_domain_expert/DomainExpert.hpp
-- Symlinking: /root/ros2_ws/src/install/plansys2_domain_expert/include//plansys2_domain_expert/DomainExpertClient.hpp
-- Symlinking: /root/ros2_ws/src/install/plansys2_domain_expert/include//plansys2_domain_expert/DomainExpertInterface.hpp
-- Symlinking: /root/ros2_ws/src/install/plansys2_domain_expert/include//plansys2_domain_expert/DomainExpertNode.hpp
-- Symlinking: /root/ros2_ws/src/install/plansys2_domain_expert/include//plansys2_domain_expert/DomainReader.hpp
-- Symlinking: /root/ros2_ws/src/install/plansys2_domain_expert/share/plansys2_domain_expert/launch/domain_expert_launch.py
-- Symlinking: /root/ros2_ws/src/install/plansys2_domain_expert/lib/libplansys2_domain_expert.so
-- Symlinking: /root/ros2_ws/src/install/plansys2_domain_expert/lib/plansys2_domain_expert/domain_expert_node
-- Symlinking: /root/ros2_ws/src/install/plansys2_domain_expert/share/plansys2_domain_expert/pddl/domain_1_ok.pddl
-- Symlinking: /root/ros2_ws/src/install/plansys2_domain_expert/share/plansys2_domain_expert/pddl/domain_2_error.pddl
-- Symlinking: /root/ros2_ws/src/install/plansys2_domain_expert/share/plansys2_domain_expert/pddl/domain_charging.pddl
-- Symlinking: /root/ros2_ws/src/install/plansys2_domain_expert/share/plansys2_domain_expert/pddl/domain_combined_processed.pddl
-- Symlinking: /root/ros2_ws/src/install/plansys2_domain_expert/share/plansys2_domain_expert/pddl/domain_simple.pddl
-- Symlinking: /root/ros2_ws/src/install/plansys2_domain_expert/share/plansys2_domain_expert/pddl/domain_simple_ext.pddl
-- Symlinking: /root/ros2_ws/src/install/plansys2_domain_expert/share/plansys2_domain_expert/pddl/domain_simple_processed.pddl
-- Symlinking: /root/ros2_ws/src/install/plansys2_domain_expert/share/plansys2_domain_expert/pddl/factory.pddl
-- Symlinking: /root/ros2_ws/src/install/plansys2_domain_expert/share/plansys2_domain_expert/pddl/factory_processed.pddl
-- Symlinking: /root/ros2_ws/src/install/plansys2_domain_expert/share/plansys2_domain_expert/pddl/problem_0.pddl
-- Symlinking: /root/ros2_ws/src/install/plansys2_domain_expert/share/plansys2_domain_expert/pddl/problem_charging.pddl
-- Symlinking: /root/ros2_ws/src/install/plansys2_domain_expert/share/plansys2_domain_expert/pddl/problem_simple_1.pddl
-- Symlinking: /root/ros2_ws/src/install/plansys2_domain_expert/share/plansys2_domain_expert/environment/library_path.sh
-- Symlinking: /root/ros2_ws/src/install/plansys2_domain_expert/share/plansys2_domain_expert/environment/library_path.dsv
-- Symlinking: /root/ros2_ws/src/install/plansys2_domain_expert/share/ament_index/resource_index/package_run_dependencies/plansys2_domain_expert
-- Symlinking: /root/ros2_ws/src/install/plansys2_domain_expert/share/ament_index/resource_index/parent_prefix_path/plansys2_domain_expert
-- Symlinking: /root/ros2_ws/src/install/plansys2_domain_expert/share/plansys2_domain_expert/environment/ament_prefix_path.sh
-- Symlinking: /root/ros2_ws/src/install/plansys2_domain_expert/share/plansys2_domain_expert/environment/ament_prefix_path.dsv
-- Symlinking: /root/ros2_ws/src/install/plansys2_domain_expert/share/plansys2_domain_expert/environment/path.sh
-- Symlinking: /root/ros2_ws/src/install/plansys2_domain_expert/share/plansys2_domain_expert/environment/path.dsv
-- Symlinking: /root/ros2_ws/src/install/plansys2_domain_expert/share/plansys2_domain_expert/local_setup.bash
-- Symlinking: /root/ros2_ws/src/install/plansys2_domain_expert/share/plansys2_domain_expert/local_setup.sh
-- Symlinking: /root/ros2_ws/src/install/plansys2_domain_expert/share/plansys2_domain_expert/local_setup.zsh
-- Symlinking: /root/ros2_ws/src/install/plansys2_domain_expert/share/plansys2_domain_expert/local_setup.dsv
-- Symlinking: /root/ros2_ws/src/install/plansys2_domain_expert/share/plansys2_domain_expert/package.dsv
-- Symlinking: /root/ros2_ws/src/install/plansys2_domain_expert/share/ament_index/resource_index/packages/plansys2_domain_expert
-- Symlinking: /root/ros2_ws/src/install/plansys2_domain_expert/share/plansys2_domain_expert/cmake/ament_cmake_export_include_directories-extras.cmake
-- Symlinking: /root/ros2_ws/src/install/plansys2_domain_expert/share/plansys2_domain_expert/cmake/ament_cmake_export_libraries-extras.cmake
-- Symlinking: /root/ros2_ws/src/install/plansys2_domain_expert/share/plansys2_domain_expert/cmake/ament_cmake_export_dependencies-extras.cmake
-- Symlinking: /root/ros2_ws/src/install/plansys2_domain_expert/share/plansys2_domain_expert/cmake/plansys2_domain_expertConfig.cmake
-- Symlinking: /root/ros2_ws/src/install/plansys2_domain_expert/share/plansys2_domain_expert/cmake/plansys2_domain_expertConfig-version.cmake
-- Symlinking: /root/ros2_ws/src/install/plansys2_domain_expert/share/plansys2_domain_expert/package.xml
