-- The C compiler identification is GNU 9.4.0
-- The CXX compiler identification is GNU 9.4.0
-- Check for working C compiler: /usr/bin/cc
-- Check for working C compiler: /usr/bin/cc -- works
-- Detecting C compiler ABI info
-- Detecting C compiler ABI info - done
-- Detecting C compile features
-- Detecting C compile features - done
-- Check for working CXX compiler: /usr/bin/c++
-- Check for working CXX compiler: /usr/bin/c++ -- works
-- Detecting CXX compiler ABI info
-- Detecting CXX compiler ABI info - done
-- Detecting CXX compile features
-- Detecting CXX compile features - done
-- Found ament_cmake: 0.9.12 (/opt/ros/foxy/share/ament_cmake/cmake)
-- Found PythonInterp: /usr/bin/python3 (found suitable version "3.8.10", minimum required is "3") 
-- Using PYTHON_EXECUTABLE: /usr/bin/python3
-- Override CMake install command with custom implementation using symlinks instead of copying resources
-- Found rclcpp: 2.4.3 (/opt/ros/foxy/share/rclcpp/cmake)
-- Using all available rosidl_typesupport_c: rosidl_typesupport_fastrtps_c;rosidl_typesupport_introspection_c
-- Found rosidl_adapter: 1.3.1 (/opt/ros/foxy/share/rosidl_adapter/cmake)
-- Found OpenSSL: /usr/lib/x86_64-linux-gnu/libcrypto.so (found version "1.1.1f")  
-- Found FastRTPS: /opt/ros/foxy/include  
-- Using all available rosidl_typesupport_cpp: rosidl_typesupport_fastrtps_cpp;rosidl_typesupport_introspection_cpp
-- Found rmw_implementation_cmake: 1.0.4 (/opt/ros/foxy/share/rmw_implementation_cmake/cmake)
-- Using RMW implementation 'rmw_fastrtps_cpp' as default
-- Looking for pthread.h
-- Looking for pthread.h - found
-- Performing Test CMAKE_HAVE_LIBC_PTHREAD
-- Performing Test CMAKE_HAVE_LIBC_PTHREAD - Failed
-- Looking for pthread_create in pthreads
-- Looking for pthread_create in pthreads - not found
-- Looking for pthread_create in pthread
-- Looking for pthread_create in pthread - found
-- Found Threads: TRUE  
-- Found rclcpp_lifecycle: 2.4.3 (/opt/ros/foxy/share/rclcpp_lifecycle/cmake)
-- Found cascade_lifecycle_msgs: 1.0.0 (/root/ros2_ws/src/install/cascade_lifecycle_msgs/share/cascade_lifecycle_msgs/cmake)
-- Found ament_lint_auto: 0.9.8 (/opt/ros/foxy/share/ament_lint_auto/cmake)
-- Found gtest sources under '/opt/ros/foxy/src/gtest_vendor': C++ tests using 'Google Test' will be built
-- Check if compiler accepts -pthread
-- Check if compiler accepts -pthread - yes
-- Added test 'copyright' to check source files copyright and LICENSE
-- Added test 'cppcheck' to perform static code analysis on C / C++ code
-- Configured cppcheck include dirs: /root/ros2_ws/src/ros2_planning_system/cascade_lifecycle/rclcpp_cascade_lifecycle/include
-- Configured cppcheck exclude dirs and/or files: 
-- Added test 'cpplint' to check C / C++ code against the Google style
-- Configured cpplint exclude dirs and/or files: 
-- Added test 'lint_cmake' to check CMake code style
-- Added test 'uncrustify' to check C / C++ code style
-- Configured uncrustify additional arguments: 
-- Added test 'xmllint' to check XML markup files
-- Configuring done
-- Generating done
-- Build files have been written to: /root/ros2_ws/src/build/rclcpp_cascade_lifecycle
[35m[1mScanning dependencies of target gtest_main[0m
[35m[1mScanning dependencies of target gtest[0m
[35m[1mScanning dependencies of target rclcpp_cascade_lifecycle[0m
[ 12%] [32mBuilding CXX object gtest/CMakeFiles/gtest_main.dir/src/gtest_main.cc.o[0m
[ 25%] [32mBuilding CXX object gtest/CMakeFiles/gtest.dir/src/gtest-all.cc.o[0m
[ 37%] [32mBuilding CXX object CMakeFiles/rclcpp_cascade_lifecycle.dir/src/rclcpp_cascade_lifecycle/rclcpp_cascade_lifecycle.cpp.o[0m
[ 50%] [32m[1mLinking CXX static library libgtest_main.a[0m
[ 50%] Built target gtest_main
[ 62%] [32m[1mLinking CXX static library libgtest.a[0m
[ 62%] Built target gtest
[ 75%] [32m[1mLinking CXX shared library librclcpp_cascade_lifecycle.so[0m
[ 75%] Built target rclcpp_cascade_lifecycle
[35m[1mScanning dependencies of target rclcpp_cascade_lifecycle_test[0m
[ 87%] [32mBuilding CXX object test/CMakeFiles/rclcpp_cascade_lifecycle_test.dir/rclcpp_cascade_lifecycle_test.cpp.o[0m
[100%] [32m[1mLinking CXX executable rclcpp_cascade_lifecycle_test[0m
[100%] Built target rclcpp_cascade_lifecycle_test
-- Install configuration: ""
-- Execute custom install script
-- Symlinking: /root/ros2_ws/src/install/rclcpp_cascade_lifecycle/include//rclcpp_cascade_lifecycle/rclcpp_cascade_lifecycle.hpp
-- Symlinking: /root/ros2_ws/src/install/rclcpp_cascade_lifecycle/lib/librclcpp_cascade_lifecycle.so
-- Symlinking: /root/ros2_ws/src/install/rclcpp_cascade_lifecycle/share/rclcpp_cascade_lifecycle/environment/library_path.sh
-- Symlinking: /root/ros2_ws/src/install/rclcpp_cascade_lifecycle/share/rclcpp_cascade_lifecycle/environment/library_path.dsv
-- Symlinking: /root/ros2_ws/src/install/rclcpp_cascade_lifecycle/share/ament_index/resource_index/package_run_dependencies/rclcpp_cascade_lifecycle
-- Symlinking: /root/ros2_ws/src/install/rclcpp_cascade_lifecycle/share/ament_index/resource_index/parent_prefix_path/rclcpp_cascade_lifecycle
-- Symlinking: /root/ros2_ws/src/install/rclcpp_cascade_lifecycle/share/rclcpp_cascade_lifecycle/environment/ament_prefix_path.sh
-- Symlinking: /root/ros2_ws/src/install/rclcpp_cascade_lifecycle/share/rclcpp_cascade_lifecycle/environment/ament_prefix_path.dsv
-- Symlinking: /root/ros2_ws/src/install/rclcpp_cascade_lifecycle/share/rclcpp_cascade_lifecycle/environment/path.sh
-- Symlinking: /root/ros2_ws/src/install/rclcpp_cascade_lifecycle/share/rclcpp_cascade_lifecycle/environment/path.dsv
-- Symlinking: /root/ros2_ws/src/install/rclcpp_cascade_lifecycle/share/rclcpp_cascade_lifecycle/local_setup.bash
-- Symlinking: /root/ros2_ws/src/install/rclcpp_cascade_lifecycle/share/rclcpp_cascade_lifecycle/local_setup.sh
-- Symlinking: /root/ros2_ws/src/install/rclcpp_cascade_lifecycle/share/rclcpp_cascade_lifecycle/local_setup.zsh
-- Symlinking: /root/ros2_ws/src/install/rclcpp_cascade_lifecycle/share/rclcpp_cascade_lifecycle/local_setup.dsv
-- Symlinking: /root/ros2_ws/src/install/rclcpp_cascade_lifecycle/share/rclcpp_cascade_lifecycle/package.dsv
-- Symlinking: /root/ros2_ws/src/install/rclcpp_cascade_lifecycle/share/ament_index/resource_index/packages/rclcpp_cascade_lifecycle
-- Symlinking: /root/ros2_ws/src/install/rclcpp_cascade_lifecycle/share/rclcpp_cascade_lifecycle/cmake/ament_cmake_export_include_directories-extras.cmake
-- Symlinking: /root/ros2_ws/src/install/rclcpp_cascade_lifecycle/share/rclcpp_cascade_lifecycle/cmake/ament_cmake_export_libraries-extras.cmake
-- Symlinking: /root/ros2_ws/src/install/rclcpp_cascade_lifecycle/share/rclcpp_cascade_lifecycle/cmake/ament_cmake_export_dependencies-extras.cmake
-- Symlinking: /root/ros2_ws/src/install/rclcpp_cascade_lifecycle/share/rclcpp_cascade_lifecycle/cmake/rclcpp_cascade_lifecycleConfig.cmake
-- Symlinking: /root/ros2_ws/src/install/rclcpp_cascade_lifecycle/share/rclcpp_cascade_lifecycle/cmake/rclcpp_cascade_lifecycleConfig-version.cmake
-- Symlinking: /root/ros2_ws/src/install/rclcpp_cascade_lifecycle/share/rclcpp_cascade_lifecycle/package.xml
