-- The C compiler identification is GNU 9.4.0
-- The CXX compiler identification is GNU 9.4.0
-- Check for working C compiler: /usr/bin/cc
-- Check for working C compiler: /usr/bin/cc -- works
-- Detecting C compiler ABI info
-- Detecting C compiler ABI info - done
-- Detecting C compile features
-- Detecting C compile features - done
-- Check for working CXX compiler: /usr/bin/c++
-- Check for working CXX compiler: /usr/bin/c++ -- works
-- Detecting CXX compiler ABI info
-- Detecting CXX compiler ABI info - done
-- Detecting CXX compile features
-- Detecting CXX compile features - done
-- Looking for pthread.h
-- Looking for pthread.h - found
-- Performing Test CMAKE_HAVE_LIBC_PTHREAD
-- Performing Test CMAKE_HAVE_LIBC_PTHREAD - Failed
-- Looking for pthread_create in pthreads
-- Looking for pthread_create in pthreads - not found
-- Looking for pthread_create in pthread
-- Looking for pthread_create in pthread - found
-- Found Threads: TRUE  
-- Found ament_cmake: 0.9.12 (/opt/ros/foxy/share/ament_cmake/cmake)
-- Found PythonInterp: /usr/bin/python3 (found suitable version "3.8.10", minimum required is "3") 
-- Using PYTHON_EXECUTABLE: /usr/bin/python3
-- Override CMake install command with custom implementation using symlinks instead of copying resources
-- Found rclcpp: 2.4.3 (/opt/ros/foxy/share/rclcpp/cmake)
-- Using all available rosidl_typesupport_c: rosidl_typesupport_fastrtps_c;rosidl_typesupport_introspection_c
-- Found rosidl_adapter: 1.3.1 (/opt/ros/foxy/share/rosidl_adapter/cmake)
-- Found OpenSSL: /usr/lib/x86_64-linux-gnu/libcrypto.so (found version "1.1.1f")  
-- Found FastRTPS: /opt/ros/foxy/include  
-- Using all available rosidl_typesupport_cpp: rosidl_typesupport_fastrtps_cpp;rosidl_typesupport_introspection_cpp
-- Found rmw_implementation_cmake: 1.0.4 (/opt/ros/foxy/share/rmw_implementation_cmake/cmake)
-- Using RMW implementation 'rmw_fastrtps_cpp' as default
-- Found rclcpp_lifecycle: 2.4.3 (/opt/ros/foxy/share/rclcpp_lifecycle/cmake)
-- Found ament_lint_auto: 0.9.8 (/opt/ros/foxy/share/ament_lint_auto/cmake)
-- Found gtest sources under '/opt/ros/foxy/src/gtest_vendor': C++ tests using 'Google Test' will be built
-- Check if compiler accepts -pthread
-- Check if compiler accepts -pthread - yes
-- Added test 'copyright' to check source files copyright and LICENSE
-- Added test 'cppcheck' to perform static code analysis on C / C++ code
-- Configured cppcheck include dirs: /root/ros2_ws/src/ros2_planning_system/plansys2_lifecycle_manager/include
-- Configured cppcheck exclude dirs and/or files: 
-- Added test 'cpplint' to check C / C++ code against the Google style
-- Configured cpplint exclude dirs and/or files: 
-- Added test 'lint_cmake' to check CMake code style
-- Added test 'uncrustify' to check C / C++ code style
-- Configured uncrustify additional arguments: 
-- Added test 'xmllint' to check XML markup files
-- Configuring done
-- Generating done
-- Build files have been written to: /root/ros2_ws/src/build/plansys2_lifecycle_manager
[35m[1mScanning dependencies of target gtest[0m
[35m[1mScanning dependencies of target plansys2_lifecycle_manager[0m
[35m[1mScanning dependencies of target gtest_main[0m
[ 10%] [32mBuilding CXX object gtest/CMakeFiles/gtest_main.dir/src/gtest_main.cc.o[0m
[ 20%] [32mBuilding CXX object gtest/CMakeFiles/gtest.dir/src/gtest-all.cc.o[0m
[ 30%] [32mBuilding CXX object CMakeFiles/plansys2_lifecycle_manager.dir/src/plansys2_lifecycle_manager/lifecycle_manager.cpp.o[0m
[ 40%] [32m[1mLinking CXX static library libgtest_main.a[0m
[ 40%] Built target gtest_main
[ 50%] [32m[1mLinking CXX static library libplansys2_lifecycle_manager.a[0m
[ 50%] Built target plansys2_lifecycle_manager
[35m[1mScanning dependencies of target lifecycle_manager_node[0m
[ 60%] [32mBuilding CXX object CMakeFiles/lifecycle_manager_node.dir/src/lifecycle_manager_node.cpp.o[0m
[ 70%] [32m[1mLinking CXX static library libgtest.a[0m
[ 70%] Built target gtest
[35m[1mScanning dependencies of target lf_manager_test[0m
[ 80%] [32mBuilding CXX object test/CMakeFiles/lf_manager_test.dir/lf_manager_test.cpp.o[0m
[ 90%] [32m[1mLinking CXX executable lifecycle_manager_node[0m
[ 90%] Built target lifecycle_manager_node
[100%] [32m[1mLinking CXX executable lf_manager_test[0m
[100%] Built target lf_manager_test
-- Install configuration: ""
-- Execute custom install script
-- Symlinking: /root/ros2_ws/src/install/plansys2_lifecycle_manager/include//plansys2_lifecycle_manager/lifecycle_manager.hpp
-- Symlinking: /root/ros2_ws/src/install/plansys2_lifecycle_manager/lib/libplansys2_lifecycle_manager.a
-- Symlinking: /root/ros2_ws/src/install/plansys2_lifecycle_manager/lib/plansys2_lifecycle_manager/lifecycle_manager_node
-- Symlinking: /root/ros2_ws/src/install/plansys2_lifecycle_manager/share/plansys2_lifecycle_manager/environment/library_path.sh
-- Symlinking: /root/ros2_ws/src/install/plansys2_lifecycle_manager/share/plansys2_lifecycle_manager/environment/library_path.dsv
-- Symlinking: /root/ros2_ws/src/install/plansys2_lifecycle_manager/share/ament_index/resource_index/package_run_dependencies/plansys2_lifecycle_manager
-- Symlinking: /root/ros2_ws/src/install/plansys2_lifecycle_manager/share/ament_index/resource_index/parent_prefix_path/plansys2_lifecycle_manager
-- Symlinking: /root/ros2_ws/src/install/plansys2_lifecycle_manager/share/plansys2_lifecycle_manager/environment/ament_prefix_path.sh
-- Symlinking: /root/ros2_ws/src/install/plansys2_lifecycle_manager/share/plansys2_lifecycle_manager/environment/ament_prefix_path.dsv
-- Symlinking: /root/ros2_ws/src/install/plansys2_lifecycle_manager/share/plansys2_lifecycle_manager/environment/path.sh
-- Symlinking: /root/ros2_ws/src/install/plansys2_lifecycle_manager/share/plansys2_lifecycle_manager/environment/path.dsv
-- Symlinking: /root/ros2_ws/src/install/plansys2_lifecycle_manager/share/plansys2_lifecycle_manager/local_setup.bash
-- Symlinking: /root/ros2_ws/src/install/plansys2_lifecycle_manager/share/plansys2_lifecycle_manager/local_setup.sh
-- Symlinking: /root/ros2_ws/src/install/plansys2_lifecycle_manager/share/plansys2_lifecycle_manager/local_setup.zsh
-- Symlinking: /root/ros2_ws/src/install/plansys2_lifecycle_manager/share/plansys2_lifecycle_manager/local_setup.dsv
-- Symlinking: /root/ros2_ws/src/install/plansys2_lifecycle_manager/share/plansys2_lifecycle_manager/package.dsv
-- Symlinking: /root/ros2_ws/src/install/plansys2_lifecycle_manager/share/ament_index/resource_index/packages/plansys2_lifecycle_manager
-- Symlinking: /root/ros2_ws/src/install/plansys2_lifecycle_manager/share/plansys2_lifecycle_manager/cmake/ament_cmake_export_include_directories-extras.cmake
-- Symlinking: /root/ros2_ws/src/install/plansys2_lifecycle_manager/share/plansys2_lifecycle_manager/cmake/ament_cmake_export_libraries-extras.cmake
-- Symlinking: /root/ros2_ws/src/install/plansys2_lifecycle_manager/share/plansys2_lifecycle_manager/cmake/ament_cmake_export_dependencies-extras.cmake
-- Symlinking: /root/ros2_ws/src/install/plansys2_lifecycle_manager/share/plansys2_lifecycle_manager/cmake/plansys2_lifecycle_managerConfig.cmake
-- Symlinking: /root/ros2_ws/src/install/plansys2_lifecycle_manager/share/plansys2_lifecycle_manager/cmake/plansys2_lifecycle_managerConfig-version.cmake
-- Symlinking: /root/ros2_ws/src/install/plansys2_lifecycle_manager/share/plansys2_lifecycle_manager/package.xml
