[0.039s] Invoking command in '/root/ros2_ws/src/build/plansys2_lifecycle_manager': CMAKE_PREFIX_PATH=${CMAKE_PREFIX_PATH}:/root/ros2_ws/install/ros2_aruco:/opt/ros/foxy /usr/bin/cmake /root/ros2_ws/src/ros2_planning_system/plansys2_lifecycle_manager -DAMENT_CMAKE_SYMLINK_INSTALL=1 -DCMAKE_INSTALL_PREFIX=/root/ros2_ws/src/install/plansys2_lifecycle_manager
[0.235s] -- The C compiler identification is GNU 9.4.0
[0.348s] -- The CXX compiler identification is GNU 9.4.0
[0.355s] -- Check for working C compiler: /usr/bin/cc
[0.416s] -- Check for working C compiler: /usr/bin/cc -- works
[0.417s] -- Detecting C compiler ABI info
[0.478s] -- Detecting C compiler ABI info - done
[0.488s] -- Detecting C compile features
[0.489s] -- Detecting C compile features - done
[0.492s] -- Check for working CXX compiler: /usr/bin/c++
[0.556s] -- Check for working CXX compiler: /usr/bin/c++ -- works
[0.557s] -- Detecting CXX compiler ABI info
[0.628s] -- Detecting CXX compiler ABI info - done
[0.638s] -- Detecting CXX compile features
[0.638s] -- Detecting CXX compile features - done
[0.641s] -- Looking for pthread.h
[0.704s] -- Looking for pthread.h - found
[0.705s] -- Performing Test CMAKE_HAVE_LIBC_PTHREAD
[0.776s] -- Performing Test CMAKE_HAVE_LIBC_PTHREAD - Failed
[0.776s] -- Looking for pthread_create in pthreads
[0.826s] -- Looking for pthread_create in pthreads - not found
[0.827s] -- Looking for pthread_create in pthread
[0.879s] -- Looking for pthread_create in pthread - found
[0.881s] -- Found Threads: TRUE  
[0.883s] -- Found ament_cmake: 0.9.12 (/opt/ros/foxy/share/ament_cmake/cmake)
[0.909s] -- Found PythonInterp: /usr/bin/python3 (found suitable version "3.8.10", minimum required is "3") 
[0.909s] -- Using PYTHON_EXECUTABLE: /usr/bin/python3
[1.042s] -- Override CMake install command with custom implementation using symlinks instead of copying resources
[1.091s] -- Found rclcpp: 2.4.3 (/opt/ros/foxy/share/rclcpp/cmake)
[1.155s] -- Using all available rosidl_typesupport_c: rosidl_typesupport_fastrtps_c;rosidl_typesupport_introspection_c
[1.164s] -- Found rosidl_adapter: 1.3.1 (/opt/ros/foxy/share/rosidl_adapter/cmake)
[1.241s] -- Found OpenSSL: /usr/lib/x86_64-linux-gnu/libcrypto.so (found version "1.1.1f")  
[1.273s] -- Found FastRTPS: /opt/ros/foxy/include  
[1.356s] -- Using all available rosidl_typesupport_cpp: rosidl_typesupport_fastrtps_cpp;rosidl_typesupport_introspection_cpp
[1.418s] -- Found rmw_implementation_cmake: 1.0.4 (/opt/ros/foxy/share/rmw_implementation_cmake/cmake)
[1.421s] -- Using RMW implementation 'rmw_fastrtps_cpp' as default
[1.563s] -- Found rclcpp_lifecycle: 2.4.3 (/opt/ros/foxy/share/rclcpp_lifecycle/cmake)
[1.595s] -- Found ament_lint_auto: 0.9.8 (/opt/ros/foxy/share/ament_lint_auto/cmake)
[1.672s] -- Found gtest sources under '/opt/ros/foxy/src/gtest_vendor': C++ tests using 'Google Test' will be built
[1.673s] -- Check if compiler accepts -pthread
[1.726s] -- Check if compiler accepts -pthread - yes
[1.732s] -- Added test 'copyright' to check source files copyright and LICENSE
[1.735s] -- Added test 'cppcheck' to perform static code analysis on C / C++ code
[1.736s] -- Configured cppcheck include dirs: /root/ros2_ws/src/ros2_planning_system/plansys2_lifecycle_manager/include
[1.736s] -- Configured cppcheck exclude dirs and/or files: 
[1.736s] -- Added test 'cpplint' to check C / C++ code against the Google style
[1.736s] -- Configured cpplint exclude dirs and/or files: 
[1.737s] -- Added test 'lint_cmake' to check CMake code style
[1.738s] -- Added test 'uncrustify' to check C / C++ code style
[1.738s] -- Configured uncrustify additional arguments: 
[1.739s] -- Added test 'xmllint' to check XML markup files
[1.743s] -- Configuring done
[1.758s] -- Generating done
[1.763s] -- Build files have been written to: /root/ros2_ws/src/build/plansys2_lifecycle_manager
[1.770s] Invoked command in '/root/ros2_ws/src/build/plansys2_lifecycle_manager' returned '0': CMAKE_PREFIX_PATH=${CMAKE_PREFIX_PATH}:/root/ros2_ws/install/ros2_aruco:/opt/ros/foxy /usr/bin/cmake /root/ros2_ws/src/ros2_planning_system/plansys2_lifecycle_manager -DAMENT_CMAKE_SYMLINK_INSTALL=1 -DCMAKE_INSTALL_PREFIX=/root/ros2_ws/src/install/plansys2_lifecycle_manager
[1.772s] Invoking command in '/root/ros2_ws/src/build/plansys2_lifecycle_manager': CMAKE_PREFIX_PATH=${CMAKE_PREFIX_PATH}:/root/ros2_ws/install/ros2_aruco:/opt/ros/foxy /usr/bin/cmake --build /root/ros2_ws/src/build/plansys2_lifecycle_manager -- -j16 -l16
[1.803s] [35m[1mScanning dependencies of target gtest[0m
[1.804s] [35m[1mScanning dependencies of target plansys2_lifecycle_manager[0m
[1.804s] [35m[1mScanning dependencies of target gtest_main[0m
[1.828s] [ 10%] [32mBuilding CXX object gtest/CMakeFiles/gtest_main.dir/src/gtest_main.cc.o[0m
[1.829s] [ 20%] [32mBuilding CXX object gtest/CMakeFiles/gtest.dir/src/gtest-all.cc.o[0m
[1.934s] [ 30%] [32mBuilding CXX object CMakeFiles/plansys2_lifecycle_manager.dir/src/plansys2_lifecycle_manager/lifecycle_manager.cpp.o[0m
[2.513s] [ 40%] [32m[1mLinking CXX static library libgtest_main.a[0m
[2.583s] [ 40%] Built target gtest_main
[4.324s] [ 50%] [32m[1mLinking CXX static library libplansys2_lifecycle_manager.a[0m
[4.359s] [ 50%] Built target plansys2_lifecycle_manager
[4.366s] [35m[1mScanning dependencies of target lifecycle_manager_node[0m
[4.396s] [ 60%] [32mBuilding CXX object CMakeFiles/lifecycle_manager_node.dir/src/lifecycle_manager_node.cpp.o[0m
[4.435s] [ 70%] [32m[1mLinking CXX static library libgtest.a[0m
[4.475s] [ 70%] Built target gtest
[4.483s] [35m[1mScanning dependencies of target lf_manager_test[0m
[4.527s] [ 80%] [32mBuilding CXX object test/CMakeFiles/lf_manager_test.dir/lf_manager_test.cpp.o[0m
[6.492s] [ 90%] [32m[1mLinking CXX executable lifecycle_manager_node[0m
[6.910s] [ 90%] Built target lifecycle_manager_node
[7.473s] [100%] [32m[1mLinking CXX executable lf_manager_test[0m
[7.786s] [100%] Built target lf_manager_test
[7.837s] Invoked command in '/root/ros2_ws/src/build/plansys2_lifecycle_manager' returned '0': CMAKE_PREFIX_PATH=${CMAKE_PREFIX_PATH}:/root/ros2_ws/install/ros2_aruco:/opt/ros/foxy /usr/bin/cmake --build /root/ros2_ws/src/build/plansys2_lifecycle_manager -- -j16 -l16
[7.838s] Invoking command in '/root/ros2_ws/src/build/plansys2_lifecycle_manager': CMAKE_PREFIX_PATH=${CMAKE_PREFIX_PATH}:/root/ros2_ws/install/ros2_aruco:/opt/ros/foxy /usr/bin/cmake --install /root/ros2_ws/src/build/plansys2_lifecycle_manager
[7.860s] -- Install configuration: ""
[7.870s] -- Execute custom install script
[7.871s] -- Symlinking: /root/ros2_ws/src/install/plansys2_lifecycle_manager/include//plansys2_lifecycle_manager/lifecycle_manager.hpp
[7.913s] -- Symlinking: /root/ros2_ws/src/install/plansys2_lifecycle_manager/lib/libplansys2_lifecycle_manager.a
[7.950s] -- Symlinking: /root/ros2_ws/src/install/plansys2_lifecycle_manager/lib/plansys2_lifecycle_manager/lifecycle_manager_node
[7.998s] -- Symlinking: /root/ros2_ws/src/install/plansys2_lifecycle_manager/share/plansys2_lifecycle_manager/environment/library_path.sh
[8.027s] -- Symlinking: /root/ros2_ws/src/install/plansys2_lifecycle_manager/share/plansys2_lifecycle_manager/environment/library_path.dsv
[8.047s] -- Symlinking: /root/ros2_ws/src/install/plansys2_lifecycle_manager/share/ament_index/resource_index/package_run_dependencies/plansys2_lifecycle_manager
[8.058s] -- Symlinking: /root/ros2_ws/src/install/plansys2_lifecycle_manager/share/ament_index/resource_index/parent_prefix_path/plansys2_lifecycle_manager
[8.074s] -- Symlinking: /root/ros2_ws/src/install/plansys2_lifecycle_manager/share/plansys2_lifecycle_manager/environment/ament_prefix_path.sh
[8.093s] -- Symlinking: /root/ros2_ws/src/install/plansys2_lifecycle_manager/share/plansys2_lifecycle_manager/environment/ament_prefix_path.dsv
[8.112s] -- Symlinking: /root/ros2_ws/src/install/plansys2_lifecycle_manager/share/plansys2_lifecycle_manager/environment/path.sh
[8.127s] -- Symlinking: /root/ros2_ws/src/install/plansys2_lifecycle_manager/share/plansys2_lifecycle_manager/environment/path.dsv
[8.143s] -- Symlinking: /root/ros2_ws/src/install/plansys2_lifecycle_manager/share/plansys2_lifecycle_manager/local_setup.bash
[8.159s] -- Symlinking: /root/ros2_ws/src/install/plansys2_lifecycle_manager/share/plansys2_lifecycle_manager/local_setup.sh
[8.173s] -- Symlinking: /root/ros2_ws/src/install/plansys2_lifecycle_manager/share/plansys2_lifecycle_manager/local_setup.zsh
[8.183s] -- Symlinking: /root/ros2_ws/src/install/plansys2_lifecycle_manager/share/plansys2_lifecycle_manager/local_setup.dsv
[8.198s] -- Symlinking: /root/ros2_ws/src/install/plansys2_lifecycle_manager/share/plansys2_lifecycle_manager/package.dsv
[8.212s] -- Symlinking: /root/ros2_ws/src/install/plansys2_lifecycle_manager/share/ament_index/resource_index/packages/plansys2_lifecycle_manager
[8.235s] -- Symlinking: /root/ros2_ws/src/install/plansys2_lifecycle_manager/share/plansys2_lifecycle_manager/cmake/ament_cmake_export_include_directories-extras.cmake
[8.299s] -- Symlinking: /root/ros2_ws/src/install/plansys2_lifecycle_manager/share/plansys2_lifecycle_manager/cmake/ament_cmake_export_libraries-extras.cmake
[8.319s] -- Symlinking: /root/ros2_ws/src/install/plansys2_lifecycle_manager/share/plansys2_lifecycle_manager/cmake/ament_cmake_export_dependencies-extras.cmake
[8.348s] -- Symlinking: /root/ros2_ws/src/install/plansys2_lifecycle_manager/share/plansys2_lifecycle_manager/cmake/plansys2_lifecycle_managerConfig.cmake
[8.381s] -- Symlinking: /root/ros2_ws/src/install/plansys2_lifecycle_manager/share/plansys2_lifecycle_manager/cmake/plansys2_lifecycle_managerConfig-version.cmake
[8.408s] -- Symlinking: /root/ros2_ws/src/install/plansys2_lifecycle_manager/share/plansys2_lifecycle_manager/package.xml
[8.436s] Invoked command in '/root/ros2_ws/src/build/plansys2_lifecycle_manager' returned '0': CMAKE_PREFIX_PATH=${CMAKE_PREFIX_PATH}:/root/ros2_ws/install/ros2_aruco:/opt/ros/foxy /usr/bin/cmake --install /root/ros2_ws/src/build/plansys2_lifecycle_manager
