-- The C compiler identification is GNU 9.4.0
-- The CXX compiler identification is GNU 9.4.0
-- Check for working C compiler: /usr/bin/cc
-- Check for working C compiler: /usr/bin/cc -- works
-- Detecting C compiler ABI info
-- Detecting C compiler ABI info - done
-- Detecting C compile features
-- Detecting C compile features - done
-- Check for working CXX compiler: /usr/bin/c++
-- Check for working CXX compiler: /usr/bin/c++ -- works
-- Detecting CXX compiler ABI info
-- Detecting CXX compiler ABI info - done
-- Detecting CXX compile features
-- Detecting CXX compile features - done
-- Looking for pthread.h
-- Looking for pthread.h - found
-- Performing Test CMAKE_HAVE_LIBC_PTHREAD
-- Performing Test CMAKE_HAVE_LIBC_PTHREAD - Failed
-- Looking for pthread_create in pthreads
-- Looking for pthread_create in pthreads - not found
-- Looking for pthread_create in pthread
-- Looking for pthread_create in pthread - found
-- Found Threads: TRUE  
-- Found ament_cmake: 0.9.12 (/opt/ros/foxy/share/ament_cmake/cmake)
-- Found PythonInterp: /usr/bin/python3 (found suitable version "3.8.10", minimum required is "3") 
-- Using PYTHON_EXECUTABLE: /usr/bin/python3
-- Override CMake install command with custom implementation using symlinks instead of copying resources
-- Found rclcpp: 2.4.3 (/opt/ros/foxy/share/rclcpp/cmake)
-- Using all available rosidl_typesupport_c: rosidl_typesupport_fastrtps_c;rosidl_typesupport_introspection_c
-- Found rosidl_adapter: 1.3.1 (/opt/ros/foxy/share/rosidl_adapter/cmake)
-- Found OpenSSL: /usr/lib/x86_64-linux-gnu/libcrypto.so (found version "1.1.1f")  
-- Found FastRTPS: /opt/ros/foxy/include  
-- Using all available rosidl_typesupport_cpp: rosidl_typesupport_fastrtps_cpp;rosidl_typesupport_introspection_cpp
-- Found rmw_implementation_cmake: 1.0.4 (/opt/ros/foxy/share/rmw_implementation_cmake/cmake)
-- Using RMW implementation 'rmw_fastrtps_cpp' as default
-- Found rclcpp_action: 2.4.3 (/opt/ros/foxy/share/rclcpp_action/cmake)
-- Found rclcpp_lifecycle: 2.4.3 (/opt/ros/foxy/share/rclcpp_lifecycle/cmake)
-- Found plansys2_executor: 1.0.10 (/root/ros2_ws/src/install/plansys2_executor/share/plansys2_executor/cmake)
-- Found ZMQ: /usr/lib/x86_64-linux-gnu/libzmq.so  
-- ZeroMQ found.
-- Found ament_lint_auto: 0.9.8 (/opt/ros/foxy/share/ament_lint_auto/cmake)
-- Found gtest sources under '/opt/ros/foxy/src/gtest_vendor': C++ tests using 'Google Test' will be built
-- Check if compiler accepts -pthread
-- Check if compiler accepts -pthread - yes
-- Added test 'copyright' to check source files copyright and LICENSE
-- Added test 'cppcheck' to perform static code analysis on C / C++ code
-- Configured cppcheck include dirs: /root/ros2_ws/src/ros2_planning_system/plansys2_bt_actions/include
-- Configured cppcheck exclude dirs and/or files: 
-- Added test 'cpplint' to check C / C++ code against the Google style
-- Configured cpplint exclude dirs and/or files: 
-- Added test 'lint_cmake' to check CMake code style
-- Added test 'uncrustify' to check C / C++ code style
-- Configured uncrustify additional arguments: 
-- Added test 'xmllint' to check XML markup files
-- Configuring done
-- Generating done
-- Build files have been written to: /root/ros2_ws/src/build/plansys2_bt_actions
[35m[1mScanning dependencies of target plansys2_bt_actions[0m
[35m[1mScanning dependencies of target gtest[0m
[  6%] [32mBuilding CXX object gtest/CMakeFiles/gtest.dir/src/gtest-all.cc.o[0m
[35m[1mScanning dependencies of target gtest_main[0m
[35m[1mScanning dependencies of target plansys2_open_gripper_bt_node[0m
[35m[1mScanning dependencies of target plansys2_move_bt_test_node[0m
[35m[1mScanning dependencies of target plansys2_close_gripper_bt_node[0m
[ 12%] [32mBuilding CXX object gtest/CMakeFiles/gtest_main.dir/src/gtest_main.cc.o[0m
[ 25%] [32mBuilding CXX object test/unit/CMakeFiles/plansys2_close_gripper_bt_node.dir/__/behavior_tree/CloseGripper.cpp.o[0m
[ 25%] [32mBuilding CXX object test/unit/CMakeFiles/plansys2_open_gripper_bt_node.dir/__/behavior_tree/OpenGripper.cpp.o[0m
[ 31%] [32mBuilding CXX object CMakeFiles/plansys2_bt_actions.dir/src/plansys2_bt_actions/BTAction.cpp.o[0m
[ 37%] [32mBuilding CXX object test/unit/CMakeFiles/plansys2_move_bt_test_node.dir/__/behavior_tree/Move.cpp.o[0m
[ 43%] [32m[1mLinking CXX static library libgtest_main.a[0m
[ 43%] Built target gtest_main
[ 50%] [32m[1mLinking CXX shared library libplansys2_open_gripper_bt_node.so[0m
[ 56%] [32m[1mLinking CXX shared library libplansys2_close_gripper_bt_node.so[0m
[ 56%] Built target plansys2_open_gripper_bt_node
[ 56%] Built target plansys2_close_gripper_bt_node
[ 62%] [32m[1mLinking CXX shared library libplansys2_bt_actions.so[0m
[ 68%] [32m[1mLinking CXX static library libgtest.a[0m
[ 68%] Built target gtest
[ 68%] Built target plansys2_bt_actions
[35m[1mScanning dependencies of target bt_action_node[0m
[35m[1mScanning dependencies of target bt_action_test[0m
[ 75%] [32mBuilding CXX object CMakeFiles/bt_action_node.dir/src/bt_action_node.cpp.o[0m
[ 81%] [32mBuilding CXX object test/unit/CMakeFiles/bt_action_test.dir/bt_action_test.cpp.o[0m
[ 87%] [32m[1mLinking CXX shared library libplansys2_move_bt_test_node.so[0m
[ 87%] Built target plansys2_move_bt_test_node
[ 93%] [32m[1mLinking CXX executable bt_action_node[0m
[ 93%] Built target bt_action_node
[100%] [32m[1mLinking CXX executable bt_action_test[0m
[100%] Built target bt_action_test
-- Install configuration: ""
-- Execute custom install script
-- Symlinking: /root/ros2_ws/src/install/plansys2_bt_actions/include//plansys2_bt_actions/BTAction.hpp
-- Symlinking: /root/ros2_ws/src/install/plansys2_bt_actions/include//plansys2_bt_actions/BTActionNode.hpp
-- Symlinking: /root/ros2_ws/src/install/plansys2_bt_actions/lib/plansys2_bt_actions/bt_action_node
-- Symlinking: /root/ros2_ws/src/install/plansys2_bt_actions/share/plansys2_bt_actions/test/behavior_tree/CloseGripper.cpp
-- Symlinking: /root/ros2_ws/src/install/plansys2_bt_actions/share/plansys2_bt_actions/test/behavior_tree/CloseGripper.hpp
-- Symlinking: /root/ros2_ws/src/install/plansys2_bt_actions/share/plansys2_bt_actions/test/behavior_tree/Move.cpp
-- Symlinking: /root/ros2_ws/src/install/plansys2_bt_actions/share/plansys2_bt_actions/test/behavior_tree/Move.hpp
-- Symlinking: /root/ros2_ws/src/install/plansys2_bt_actions/share/plansys2_bt_actions/test/behavior_tree/OpenGripper.cpp
-- Symlinking: /root/ros2_ws/src/install/plansys2_bt_actions/share/plansys2_bt_actions/test/behavior_tree/OpenGripper.hpp
-- Symlinking: /root/ros2_ws/src/install/plansys2_bt_actions/share/plansys2_bt_actions/test/behavior_tree/assemble.xml
-- Symlinking: /root/ros2_ws/src/install/plansys2_bt_actions/share/plansys2_bt_actions/test/behavior_tree/transport.xml
-- Symlinking: /root/ros2_ws/src/install/plansys2_bt_actions/lib/libplansys2_close_gripper_bt_node.so
-- Symlinking: /root/ros2_ws/src/install/plansys2_bt_actions/lib/libplansys2_open_gripper_bt_node.so
-- Symlinking: /root/ros2_ws/src/install/plansys2_bt_actions/lib/libplansys2_move_bt_test_node.so
-- Symlinking: /root/ros2_ws/src/install/plansys2_bt_actions/share/ament_index/resource_index/package_run_dependencies/plansys2_bt_actions
-- Symlinking: /root/ros2_ws/src/install/plansys2_bt_actions/share/ament_index/resource_index/parent_prefix_path/plansys2_bt_actions
-- Symlinking: /root/ros2_ws/src/install/plansys2_bt_actions/share/plansys2_bt_actions/environment/ament_prefix_path.sh
-- Symlinking: /root/ros2_ws/src/install/plansys2_bt_actions/share/plansys2_bt_actions/environment/ament_prefix_path.dsv
-- Symlinking: /root/ros2_ws/src/install/plansys2_bt_actions/share/plansys2_bt_actions/environment/path.sh
-- Symlinking: /root/ros2_ws/src/install/plansys2_bt_actions/share/plansys2_bt_actions/environment/path.dsv
-- Symlinking: /root/ros2_ws/src/install/plansys2_bt_actions/share/plansys2_bt_actions/local_setup.bash
-- Symlinking: /root/ros2_ws/src/install/plansys2_bt_actions/share/plansys2_bt_actions/local_setup.sh
-- Symlinking: /root/ros2_ws/src/install/plansys2_bt_actions/share/plansys2_bt_actions/local_setup.zsh
-- Symlinking: /root/ros2_ws/src/install/plansys2_bt_actions/share/plansys2_bt_actions/local_setup.dsv
-- Symlinking: /root/ros2_ws/src/install/plansys2_bt_actions/share/plansys2_bt_actions/package.dsv
-- Symlinking: /root/ros2_ws/src/install/plansys2_bt_actions/share/ament_index/resource_index/packages/plansys2_bt_actions
-- Symlinking: /root/ros2_ws/src/install/plansys2_bt_actions/share/plansys2_bt_actions/cmake/ament_cmake_export_include_directories-extras.cmake
-- Symlinking: /root/ros2_ws/src/install/plansys2_bt_actions/share/plansys2_bt_actions/cmake/ament_cmake_export_dependencies-extras.cmake
-- Symlinking: /root/ros2_ws/src/install/plansys2_bt_actions/share/plansys2_bt_actions/cmake/plansys2_bt_actionsConfig.cmake
-- Symlinking: /root/ros2_ws/src/install/plansys2_bt_actions/share/plansys2_bt_actions/cmake/plansys2_bt_actionsConfig-version.cmake
-- Symlinking: /root/ros2_ws/src/install/plansys2_bt_actions/share/plansys2_bt_actions/package.xml
