[0.086s] Invoking command in '/root/ros2_ws/src/build/plansys2_cascade_example': AMENT_PREFIX_PATH=/root/ros2_ws/src/install/plansys2_executor:/root/ros2_ws/src/install/plansys2_planner:/root/ros2_ws/src/install/plansys2_problem_expert:/root/ros2_ws/src/install/plansys2_domain_expert:/root/ros2_ws/src/install/plansys2_popf_plan_solver:/root/ros2_ws/src/install/plansys2_core:/root/ros2_ws/src/install/rclcpp_cascade_lifecycle:/root/ros2_ws/src/install/plansys2_pddl_parser:/root/ros2_ws/src/install/plansys2_msgs:/root/ros2_ws/src/install/cascade_lifecycle_msgs:${AMENT_PREFIX_PATH} CMAKE_PREFIX_PATH=/root/ros2_ws/src/install/plansys2_executor:/root/ros2_ws/src/install/plansys2_planner:/root/ros2_ws/src/install/plansys2_problem_expert:/root/ros2_ws/src/install/plansys2_domain_expert:/root/ros2_ws/src/install/plansys2_popf_plan_solver:/root/ros2_ws/src/install/plansys2_core:/root/ros2_ws/src/install/rclcpp_cascade_lifecycle:/root/ros2_ws/src/install/plansys2_pddl_parser:/root/ros2_ws/src/install/plansys2_msgs:/root/ros2_ws/src/install/cascade_lifecycle_msgs:/root/ros2_ws/install/ros2_aruco_interfaces:/root/ros2_ws/install/robot_urdf:/root/ros2_ws/install/plansys2_planner:/root/ros2_ws/install/plansys2_problem_expert:/root/ros2_ws/install/plansys2_domain_expert:/root/ros2_ws/install/plansys2_popf_plan_solver:/root/ros2_ws/install/plansys2_core:/root/ros2_ws/install/plansys2_pddl_parser:/root/ros2_ws/install/plansys2_msgs:/root/ros2_ws/install/plansys2_lifecycle_manager:/root/ros2_ws/install/ros2_aruco:/opt/ros/foxy LD_LIBRARY_PATH=/root/ros2_ws/src/install/plansys2_executor/lib:/root/ros2_ws/src/install/plansys2_planner/lib:/root/ros2_ws/src/install/plansys2_problem_expert/lib:/root/ros2_ws/src/install/plansys2_domain_expert/lib:/root/ros2_ws/src/install/plansys2_popf_plan_solver/lib:/root/ros2_ws/src/install/plansys2_core/lib:/root/ros2_ws/src/install/rclcpp_cascade_lifecycle/lib:/root/ros2_ws/src/install/plansys2_pddl_parser/lib:/root/ros2_ws/src/install/plansys2_msgs/lib:/root/ros2_ws/src/install/cascade_lifecycle_msgs/lib:${LD_LIBRARY_PATH} PYTHONPATH=/root/ros2_ws/src/install/plansys2_msgs/lib/python3.8/site-packages:/root/ros2_ws/src/install/cascade_lifecycle_msgs/lib/python3.8/site-packages:${PYTHONPATH} /usr/bin/cmake /root/ros2_ws/src/ros2_planning_system_examples/plansys2_cascade_example -DAMENT_CMAKE_SYMLINK_INSTALL=1 -DCMAKE_INSTALL_PREFIX=/root/ros2_ws/src/install/plansys2_cascade_example
[0.134s] -- The C compiler identification is GNU 9.4.0
[0.184s] -- The CXX compiler identification is GNU 9.4.0
[0.188s] -- Check for working C compiler: /usr/bin/cc
[0.264s] -- Check for working C compiler: /usr/bin/cc -- works
[0.266s] -- Detecting C compiler ABI info
[0.350s] -- Detecting C compiler ABI info - done
[0.364s] -- Detecting C compile features
[0.365s] -- Detecting C compile features - done
[0.368s] -- Check for working CXX compiler: /usr/bin/c++
[0.454s] -- Check for working CXX compiler: /usr/bin/c++ -- works
[0.455s] -- Detecting CXX compiler ABI info
[0.540s] -- Detecting CXX compiler ABI info - done
[0.553s] -- Detecting CXX compile features
[0.553s] -- Detecting CXX compile features - done
[0.559s] -- Found ament_cmake: 0.9.12 (/opt/ros/foxy/share/ament_cmake/cmake)
[0.600s] -- Found PythonInterp: /usr/bin/python3 (found suitable version "3.8.10", minimum required is "3") 
[0.600s] -- Using PYTHON_EXECUTABLE: /usr/bin/python3
[0.745s] -- Override CMake install command with custom implementation using symlinks instead of copying resources
[0.803s] -- Found rclcpp: 2.4.3 (/opt/ros/foxy/share/rclcpp/cmake)
[0.880s] -- Using all available rosidl_typesupport_c: rosidl_typesupport_fastrtps_c;rosidl_typesupport_introspection_c
[0.895s] -- Found rosidl_adapter: 1.3.1 (/opt/ros/foxy/share/rosidl_adapter/cmake)
[1.037s] -- Found OpenSSL: /usr/lib/x86_64-linux-gnu/libcrypto.so (found version "1.1.1f")  
[1.082s] -- Found FastRTPS: /opt/ros/foxy/include  
[1.203s] -- Using all available rosidl_typesupport_cpp: rosidl_typesupport_fastrtps_cpp;rosidl_typesupport_introspection_cpp
[1.276s] -- Found rmw_implementation_cmake: 1.0.4 (/opt/ros/foxy/share/rmw_implementation_cmake/cmake)
[1.278s] -- Using RMW implementation 'rmw_fastrtps_cpp' as default
[1.279s] -- Looking for pthread.h
[1.367s] -- Looking for pthread.h - found
[1.367s] -- Performing Test CMAKE_HAVE_LIBC_PTHREAD
[1.453s] -- Performing Test CMAKE_HAVE_LIBC_PTHREAD - Failed
[1.453s] -- Looking for pthread_create in pthreads
[1.522s] -- Looking for pthread_create in pthreads - not found
[1.523s] -- Looking for pthread_create in pthread
[1.602s] -- Looking for pthread_create in pthread - found
[1.603s] -- Found Threads: TRUE  
[1.742s] -- Found rclcpp_action: 2.4.3 (/opt/ros/foxy/share/rclcpp_action/cmake)
[1.797s] -- Found plansys2_msgs: 1.0.10 (/root/ros2_ws/src/install/plansys2_msgs/share/plansys2_msgs/cmake)
[1.878s] -- Found plansys2_executor: 1.0.10 (/root/ros2_ws/src/install/plansys2_executor/share/plansys2_executor/cmake)
[4.335s] -- Found ament_lint_auto: 0.9.8 (/opt/ros/foxy/share/ament_lint_auto/cmake)
[4.444s] -- Added test 'copyright' to check source files copyright and LICENSE
[4.459s] -- Added test 'cppcheck' to perform static code analysis on C / C++ code
[4.460s] -- Configured cppcheck include dirs: 
[4.460s] -- Configured cppcheck exclude dirs and/or files: 
[4.461s] -- Added test 'cpplint' to check C / C++ code against the Google style
[4.461s] -- Configured cpplint exclude dirs and/or files: 
[4.462s] -- Added test 'flake8' to check Python code syntax and style conventions
[4.462s] -- Added test 'lint_cmake' to check CMake code style
[4.463s] -- Added test 'pep257' to check Python code against some of the style conventions in PEP 257
[4.464s] -- Added test 'uncrustify' to check C / C++ code style
[4.464s] -- Configured uncrustify additional arguments: 
[4.465s] -- Added test 'xmllint' to check XML markup files
[4.470s] -- Configuring done
[4.544s] -- Generating done
[4.575s] -- Build files have been written to: /root/ros2_ws/src/build/plansys2_cascade_example
[4.587s] Invoked command in '/root/ros2_ws/src/build/plansys2_cascade_example' returned '0': AMENT_PREFIX_PATH=/root/ros2_ws/src/install/plansys2_executor:/root/ros2_ws/src/install/plansys2_planner:/root/ros2_ws/src/install/plansys2_problem_expert:/root/ros2_ws/src/install/plansys2_domain_expert:/root/ros2_ws/src/install/plansys2_popf_plan_solver:/root/ros2_ws/src/install/plansys2_core:/root/ros2_ws/src/install/rclcpp_cascade_lifecycle:/root/ros2_ws/src/install/plansys2_pddl_parser:/root/ros2_ws/src/install/plansys2_msgs:/root/ros2_ws/src/install/cascade_lifecycle_msgs:${AMENT_PREFIX_PATH} CMAKE_PREFIX_PATH=/root/ros2_ws/src/install/plansys2_executor:/root/ros2_ws/src/install/plansys2_planner:/root/ros2_ws/src/install/plansys2_problem_expert:/root/ros2_ws/src/install/plansys2_domain_expert:/root/ros2_ws/src/install/plansys2_popf_plan_solver:/root/ros2_ws/src/install/plansys2_core:/root/ros2_ws/src/install/rclcpp_cascade_lifecycle:/root/ros2_ws/src/install/plansys2_pddl_parser:/root/ros2_ws/src/install/plansys2_msgs:/root/ros2_ws/src/install/cascade_lifecycle_msgs:/root/ros2_ws/install/ros2_aruco_interfaces:/root/ros2_ws/install/robot_urdf:/root/ros2_ws/install/plansys2_planner:/root/ros2_ws/install/plansys2_problem_expert:/root/ros2_ws/install/plansys2_domain_expert:/root/ros2_ws/install/plansys2_popf_plan_solver:/root/ros2_ws/install/plansys2_core:/root/ros2_ws/install/plansys2_pddl_parser:/root/ros2_ws/install/plansys2_msgs:/root/ros2_ws/install/plansys2_lifecycle_manager:/root/ros2_ws/install/ros2_aruco:/opt/ros/foxy LD_LIBRARY_PATH=/root/ros2_ws/src/install/plansys2_executor/lib:/root/ros2_ws/src/install/plansys2_planner/lib:/root/ros2_ws/src/install/plansys2_problem_expert/lib:/root/ros2_ws/src/install/plansys2_domain_expert/lib:/root/ros2_ws/src/install/plansys2_popf_plan_solver/lib:/root/ros2_ws/src/install/plansys2_core/lib:/root/ros2_ws/src/install/rclcpp_cascade_lifecycle/lib:/root/ros2_ws/src/install/plansys2_pddl_parser/lib:/root/ros2_ws/src/install/plansys2_msgs/lib:/root/ros2_ws/src/install/cascade_lifecycle_msgs/lib:${LD_LIBRARY_PATH} PYTHONPATH=/root/ros2_ws/src/install/plansys2_msgs/lib/python3.8/site-packages:/root/ros2_ws/src/install/cascade_lifecycle_msgs/lib/python3.8/site-packages:${PYTHONPATH} /usr/bin/cmake /root/ros2_ws/src/ros2_planning_system_examples/plansys2_cascade_example -DAMENT_CMAKE_SYMLINK_INSTALL=1 -DCMAKE_INSTALL_PREFIX=/root/ros2_ws/src/install/plansys2_cascade_example
[4.590s] Invoking command in '/root/ros2_ws/src/build/plansys2_cascade_example': AMENT_PREFIX_PATH=/root/ros2_ws/src/install/plansys2_executor:/root/ros2_ws/src/install/plansys2_planner:/root/ros2_ws/src/install/plansys2_problem_expert:/root/ros2_ws/src/install/plansys2_domain_expert:/root/ros2_ws/src/install/plansys2_popf_plan_solver:/root/ros2_ws/src/install/plansys2_core:/root/ros2_ws/src/install/rclcpp_cascade_lifecycle:/root/ros2_ws/src/install/plansys2_pddl_parser:/root/ros2_ws/src/install/plansys2_msgs:/root/ros2_ws/src/install/cascade_lifecycle_msgs:${AMENT_PREFIX_PATH} CMAKE_PREFIX_PATH=/root/ros2_ws/src/install/plansys2_executor:/root/ros2_ws/src/install/plansys2_planner:/root/ros2_ws/src/install/plansys2_problem_expert:/root/ros2_ws/src/install/plansys2_domain_expert:/root/ros2_ws/src/install/plansys2_popf_plan_solver:/root/ros2_ws/src/install/plansys2_core:/root/ros2_ws/src/install/rclcpp_cascade_lifecycle:/root/ros2_ws/src/install/plansys2_pddl_parser:/root/ros2_ws/src/install/plansys2_msgs:/root/ros2_ws/src/install/cascade_lifecycle_msgs:/root/ros2_ws/install/ros2_aruco_interfaces:/root/ros2_ws/install/robot_urdf:/root/ros2_ws/install/plansys2_planner:/root/ros2_ws/install/plansys2_problem_expert:/root/ros2_ws/install/plansys2_domain_expert:/root/ros2_ws/install/plansys2_popf_plan_solver:/root/ros2_ws/install/plansys2_core:/root/ros2_ws/install/plansys2_pddl_parser:/root/ros2_ws/install/plansys2_msgs:/root/ros2_ws/install/plansys2_lifecycle_manager:/root/ros2_ws/install/ros2_aruco:/opt/ros/foxy LD_LIBRARY_PATH=/root/ros2_ws/src/install/plansys2_executor/lib:/root/ros2_ws/src/install/plansys2_planner/lib:/root/ros2_ws/src/install/plansys2_problem_expert/lib:/root/ros2_ws/src/install/plansys2_domain_expert/lib:/root/ros2_ws/src/install/plansys2_popf_plan_solver/lib:/root/ros2_ws/src/install/plansys2_core/lib:/root/ros2_ws/src/install/rclcpp_cascade_lifecycle/lib:/root/ros2_ws/src/install/plansys2_pddl_parser/lib:/root/ros2_ws/src/install/plansys2_msgs/lib:/root/ros2_ws/src/install/cascade_lifecycle_msgs/lib:${LD_LIBRARY_PATH} PYTHONPATH=/root/ros2_ws/src/install/plansys2_msgs/lib/python3.8/site-packages:/root/ros2_ws/src/install/cascade_lifecycle_msgs/lib/python3.8/site-packages:${PYTHONPATH} /usr/bin/cmake --build /root/ros2_ws/src/build/plansys2_cascade_example -- -j16 -l16
[4.640s] [35m[1mScanning dependencies of target move_action_node[0m
[4.642s] [35m[1mScanning dependencies of target charge_action_node[0m
[4.644s] [35m[1mScanning dependencies of target ask_charge_action_node[0m
[4.644s] [35m[1mScanning dependencies of target check_obstacles_node[0m
[4.723s] [ 12%] [32mBuilding CXX object CMakeFiles/check_obstacles_node.dir/src/check_obstacles_node.cpp.o[0m
[4.731s] [ 25%] [32mBuilding CXX object CMakeFiles/move_action_node.dir/src/move_action_node.cpp.o[0m
[4.737s] [ 37%] [32mBuilding CXX object CMakeFiles/charge_action_node.dir/src/charge_action_node.cpp.o[0m
[4.754s] [ 50%] [32mBuilding CXX object CMakeFiles/ask_charge_action_node.dir/src/ask_charge_action_node.cpp.o[0m
[7.503s] [ 62%] [32m[1mLinking CXX executable check_obstacles_node[0m
[7.881s] [ 62%] Built target check_obstacles_node
[8.396s] [ 75%] [32m[1mLinking CXX executable charge_action_node[0m
[9.275s] [ 87%] [32m[1mLinking CXX executable ask_charge_action_node[0m
[9.365s] [ 87%] Built target charge_action_node
[9.701s] [100%] [32m[1mLinking CXX executable move_action_node[0m
[9.913s] [100%] Built target ask_charge_action_node
[10.423s] [100%] Built target move_action_node
[10.437s] Invoked command in '/root/ros2_ws/src/build/plansys2_cascade_example' returned '0': AMENT_PREFIX_PATH=/root/ros2_ws/src/install/plansys2_executor:/root/ros2_ws/src/install/plansys2_planner:/root/ros2_ws/src/install/plansys2_problem_expert:/root/ros2_ws/src/install/plansys2_domain_expert:/root/ros2_ws/src/install/plansys2_popf_plan_solver:/root/ros2_ws/src/install/plansys2_core:/root/ros2_ws/src/install/rclcpp_cascade_lifecycle:/root/ros2_ws/src/install/plansys2_pddl_parser:/root/ros2_ws/src/install/plansys2_msgs:/root/ros2_ws/src/install/cascade_lifecycle_msgs:${AMENT_PREFIX_PATH} CMAKE_PREFIX_PATH=/root/ros2_ws/src/install/plansys2_executor:/root/ros2_ws/src/install/plansys2_planner:/root/ros2_ws/src/install/plansys2_problem_expert:/root/ros2_ws/src/install/plansys2_domain_expert:/root/ros2_ws/src/install/plansys2_popf_plan_solver:/root/ros2_ws/src/install/plansys2_core:/root/ros2_ws/src/install/rclcpp_cascade_lifecycle:/root/ros2_ws/src/install/plansys2_pddl_parser:/root/ros2_ws/src/install/plansys2_msgs:/root/ros2_ws/src/install/cascade_lifecycle_msgs:/root/ros2_ws/install/ros2_aruco_interfaces:/root/ros2_ws/install/robot_urdf:/root/ros2_ws/install/plansys2_planner:/root/ros2_ws/install/plansys2_problem_expert:/root/ros2_ws/install/plansys2_domain_expert:/root/ros2_ws/install/plansys2_popf_plan_solver:/root/ros2_ws/install/plansys2_core:/root/ros2_ws/install/plansys2_pddl_parser:/root/ros2_ws/install/plansys2_msgs:/root/ros2_ws/install/plansys2_lifecycle_manager:/root/ros2_ws/install/ros2_aruco:/opt/ros/foxy LD_LIBRARY_PATH=/root/ros2_ws/src/install/plansys2_executor/lib:/root/ros2_ws/src/install/plansys2_planner/lib:/root/ros2_ws/src/install/plansys2_problem_expert/lib:/root/ros2_ws/src/install/plansys2_domain_expert/lib:/root/ros2_ws/src/install/plansys2_popf_plan_solver/lib:/root/ros2_ws/src/install/plansys2_core/lib:/root/ros2_ws/src/install/rclcpp_cascade_lifecycle/lib:/root/ros2_ws/src/install/plansys2_pddl_parser/lib:/root/ros2_ws/src/install/plansys2_msgs/lib:/root/ros2_ws/src/install/cascade_lifecycle_msgs/lib:${LD_LIBRARY_PATH} PYTHONPATH=/root/ros2_ws/src/install/plansys2_msgs/lib/python3.8/site-packages:/root/ros2_ws/src/install/cascade_lifecycle_msgs/lib/python3.8/site-packages:${PYTHONPATH} /usr/bin/cmake --build /root/ros2_ws/src/build/plansys2_cascade_example -- -j16 -l16
[10.442s] Invoking command in '/root/ros2_ws/src/build/plansys2_cascade_example': AMENT_PREFIX_PATH=/root/ros2_ws/src/install/plansys2_executor:/root/ros2_ws/src/install/plansys2_planner:/root/ros2_ws/src/install/plansys2_problem_expert:/root/ros2_ws/src/install/plansys2_domain_expert:/root/ros2_ws/src/install/plansys2_popf_plan_solver:/root/ros2_ws/src/install/plansys2_core:/root/ros2_ws/src/install/rclcpp_cascade_lifecycle:/root/ros2_ws/src/install/plansys2_pddl_parser:/root/ros2_ws/src/install/plansys2_msgs:/root/ros2_ws/src/install/cascade_lifecycle_msgs:${AMENT_PREFIX_PATH} CMAKE_PREFIX_PATH=/root/ros2_ws/src/install/plansys2_executor:/root/ros2_ws/src/install/plansys2_planner:/root/ros2_ws/src/install/plansys2_problem_expert:/root/ros2_ws/src/install/plansys2_domain_expert:/root/ros2_ws/src/install/plansys2_popf_plan_solver:/root/ros2_ws/src/install/plansys2_core:/root/ros2_ws/src/install/rclcpp_cascade_lifecycle:/root/ros2_ws/src/install/plansys2_pddl_parser:/root/ros2_ws/src/install/plansys2_msgs:/root/ros2_ws/src/install/cascade_lifecycle_msgs:/root/ros2_ws/install/ros2_aruco_interfaces:/root/ros2_ws/install/robot_urdf:/root/ros2_ws/install/plansys2_planner:/root/ros2_ws/install/plansys2_problem_expert:/root/ros2_ws/install/plansys2_domain_expert:/root/ros2_ws/install/plansys2_popf_plan_solver:/root/ros2_ws/install/plansys2_core:/root/ros2_ws/install/plansys2_pddl_parser:/root/ros2_ws/install/plansys2_msgs:/root/ros2_ws/install/plansys2_lifecycle_manager:/root/ros2_ws/install/ros2_aruco:/opt/ros/foxy LD_LIBRARY_PATH=/root/ros2_ws/src/install/plansys2_executor/lib:/root/ros2_ws/src/install/plansys2_planner/lib:/root/ros2_ws/src/install/plansys2_problem_expert/lib:/root/ros2_ws/src/install/plansys2_domain_expert/lib:/root/ros2_ws/src/install/plansys2_popf_plan_solver/lib:/root/ros2_ws/src/install/plansys2_core/lib:/root/ros2_ws/src/install/rclcpp_cascade_lifecycle/lib:/root/ros2_ws/src/install/plansys2_pddl_parser/lib:/root/ros2_ws/src/install/plansys2_msgs/lib:/root/ros2_ws/src/install/cascade_lifecycle_msgs/lib:${LD_LIBRARY_PATH} PYTHONPATH=/root/ros2_ws/src/install/plansys2_msgs/lib/python3.8/site-packages:/root/ros2_ws/src/install/cascade_lifecycle_msgs/lib/python3.8/site-packages:${PYTHONPATH} /usr/bin/cmake --install /root/ros2_ws/src/build/plansys2_cascade_example
[10.454s] -- Install configuration: ""
[10.455s] -- Execute custom install script
[10.457s] -- Symlinking: /root/ros2_ws/src/install/plansys2_cascade_example/share/plansys2_cascade_example/launch/commands
[10.472s] -- Symlinking: /root/ros2_ws/src/install/plansys2_cascade_example/share/plansys2_cascade_example/launch/plansys2_cascade_example_launch.py
[10.488s] -- Symlinking: /root/ros2_ws/src/install/plansys2_cascade_example/share/plansys2_cascade_example/pddl/cascade_example.pddl
[10.504s] -- Symlinking: /root/ros2_ws/src/install/plansys2_cascade_example/lib/plansys2_cascade_example/move_action_node
[10.518s] -- Symlinking: /root/ros2_ws/src/install/plansys2_cascade_example/lib/plansys2_cascade_example/charge_action_node
[10.529s] -- Symlinking: /root/ros2_ws/src/install/plansys2_cascade_example/lib/plansys2_cascade_example/ask_charge_action_node
[10.540s] -- Symlinking: /root/ros2_ws/src/install/plansys2_cascade_example/lib/plansys2_cascade_example/check_obstacles_node
[10.553s] -- Symlinking: /root/ros2_ws/src/install/plansys2_cascade_example/share/ament_index/resource_index/package_run_dependencies/plansys2_cascade_example
[10.567s] -- Symlinking: /root/ros2_ws/src/install/plansys2_cascade_example/share/ament_index/resource_index/parent_prefix_path/plansys2_cascade_example
[10.579s] -- Symlinking: /root/ros2_ws/src/install/plansys2_cascade_example/share/plansys2_cascade_example/environment/ament_prefix_path.sh
[10.591s] -- Symlinking: /root/ros2_ws/src/install/plansys2_cascade_example/share/plansys2_cascade_example/environment/ament_prefix_path.dsv
[10.605s] -- Symlinking: /root/ros2_ws/src/install/plansys2_cascade_example/share/plansys2_cascade_example/environment/path.sh
[10.616s] -- Symlinking: /root/ros2_ws/src/install/plansys2_cascade_example/share/plansys2_cascade_example/environment/path.dsv
[10.629s] -- Symlinking: /root/ros2_ws/src/install/plansys2_cascade_example/share/plansys2_cascade_example/local_setup.bash
[10.640s] -- Symlinking: /root/ros2_ws/src/install/plansys2_cascade_example/share/plansys2_cascade_example/local_setup.sh
[10.651s] -- Symlinking: /root/ros2_ws/src/install/plansys2_cascade_example/share/plansys2_cascade_example/local_setup.zsh
[10.662s] -- Symlinking: /root/ros2_ws/src/install/plansys2_cascade_example/share/plansys2_cascade_example/local_setup.dsv
[10.677s] -- Symlinking: /root/ros2_ws/src/install/plansys2_cascade_example/share/plansys2_cascade_example/package.dsv
[10.688s] -- Symlinking: /root/ros2_ws/src/install/plansys2_cascade_example/share/ament_index/resource_index/packages/plansys2_cascade_example
[10.703s] -- Symlinking: /root/ros2_ws/src/install/plansys2_cascade_example/share/plansys2_cascade_example/cmake/ament_cmake_export_dependencies-extras.cmake
[10.714s] -- Symlinking: /root/ros2_ws/src/install/plansys2_cascade_example/share/plansys2_cascade_example/cmake/plansys2_cascade_exampleConfig.cmake
[10.724s] -- Symlinking: /root/ros2_ws/src/install/plansys2_cascade_example/share/plansys2_cascade_example/cmake/plansys2_cascade_exampleConfig-version.cmake
[10.737s] -- Symlinking: /root/ros2_ws/src/install/plansys2_cascade_example/share/plansys2_cascade_example/package.xml
[10.755s] Invoked command in '/root/ros2_ws/src/build/plansys2_cascade_example' returned '0': AMENT_PREFIX_PATH=/root/ros2_ws/src/install/plansys2_executor:/root/ros2_ws/src/install/plansys2_planner:/root/ros2_ws/src/install/plansys2_problem_expert:/root/ros2_ws/src/install/plansys2_domain_expert:/root/ros2_ws/src/install/plansys2_popf_plan_solver:/root/ros2_ws/src/install/plansys2_core:/root/ros2_ws/src/install/rclcpp_cascade_lifecycle:/root/ros2_ws/src/install/plansys2_pddl_parser:/root/ros2_ws/src/install/plansys2_msgs:/root/ros2_ws/src/install/cascade_lifecycle_msgs:${AMENT_PREFIX_PATH} CMAKE_PREFIX_PATH=/root/ros2_ws/src/install/plansys2_executor:/root/ros2_ws/src/install/plansys2_planner:/root/ros2_ws/src/install/plansys2_problem_expert:/root/ros2_ws/src/install/plansys2_domain_expert:/root/ros2_ws/src/install/plansys2_popf_plan_solver:/root/ros2_ws/src/install/plansys2_core:/root/ros2_ws/src/install/rclcpp_cascade_lifecycle:/root/ros2_ws/src/install/plansys2_pddl_parser:/root/ros2_ws/src/install/plansys2_msgs:/root/ros2_ws/src/install/cascade_lifecycle_msgs:/root/ros2_ws/install/ros2_aruco_interfaces:/root/ros2_ws/install/robot_urdf:/root/ros2_ws/install/plansys2_planner:/root/ros2_ws/install/plansys2_problem_expert:/root/ros2_ws/install/plansys2_domain_expert:/root/ros2_ws/install/plansys2_popf_plan_solver:/root/ros2_ws/install/plansys2_core:/root/ros2_ws/install/plansys2_pddl_parser:/root/ros2_ws/install/plansys2_msgs:/root/ros2_ws/install/plansys2_lifecycle_manager:/root/ros2_ws/install/ros2_aruco:/opt/ros/foxy LD_LIBRARY_PATH=/root/ros2_ws/src/install/plansys2_executor/lib:/root/ros2_ws/src/install/plansys2_planner/lib:/root/ros2_ws/src/install/plansys2_problem_expert/lib:/root/ros2_ws/src/install/plansys2_domain_expert/lib:/root/ros2_ws/src/install/plansys2_popf_plan_solver/lib:/root/ros2_ws/src/install/plansys2_core/lib:/root/ros2_ws/src/install/rclcpp_cascade_lifecycle/lib:/root/ros2_ws/src/install/plansys2_pddl_parser/lib:/root/ros2_ws/src/install/plansys2_msgs/lib:/root/ros2_ws/src/install/cascade_lifecycle_msgs/lib:${LD_LIBRARY_PATH} PYTHONPATH=/root/ros2_ws/src/install/plansys2_msgs/lib/python3.8/site-packages:/root/ros2_ws/src/install/cascade_lifecycle_msgs/lib/python3.8/site-packages:${PYTHONPATH} /usr/bin/cmake --install /root/ros2_ws/src/build/plansys2_cascade_example
