[0.069s] Invoking command in '/root/ros2_ws/src/build/plansys2_simple_example': AMENT_PREFIX_PATH=/root/ros2_ws/src/install/plansys2_executor:/root/ros2_ws/src/install/plansys2_planner:/root/ros2_ws/src/install/plansys2_problem_expert:/root/ros2_ws/src/install/plansys2_domain_expert:/root/ros2_ws/src/install/plansys2_popf_plan_solver:/root/ros2_ws/src/install/plansys2_core:/root/ros2_ws/src/install/rclcpp_cascade_lifecycle:/root/ros2_ws/src/install/plansys2_pddl_parser:/root/ros2_ws/src/install/plansys2_msgs:/root/ros2_ws/src/install/cascade_lifecycle_msgs:${AMENT_PREFIX_PATH} CMAKE_PREFIX_PATH=/root/ros2_ws/src/install/plansys2_executor:/root/ros2_ws/src/install/plansys2_planner:/root/ros2_ws/src/install/plansys2_problem_expert:/root/ros2_ws/src/install/plansys2_domain_expert:/root/ros2_ws/src/install/plansys2_popf_plan_solver:/root/ros2_ws/src/install/plansys2_core:/root/ros2_ws/src/install/rclcpp_cascade_lifecycle:/root/ros2_ws/src/install/plansys2_pddl_parser:/root/ros2_ws/src/install/plansys2_msgs:/root/ros2_ws/src/install/cascade_lifecycle_msgs:/root/ros2_ws/install/ros2_aruco_interfaces:/root/ros2_ws/install/robot_urdf:/root/ros2_ws/install/plansys2_planner:/root/ros2_ws/install/plansys2_problem_expert:/root/ros2_ws/install/plansys2_domain_expert:/root/ros2_ws/install/plansys2_popf_plan_solver:/root/ros2_ws/install/plansys2_core:/root/ros2_ws/install/plansys2_pddl_parser:/root/ros2_ws/install/plansys2_msgs:/root/ros2_ws/install/plansys2_lifecycle_manager:/root/ros2_ws/install/ros2_aruco:/opt/ros/foxy LD_LIBRARY_PATH=/root/ros2_ws/src/install/plansys2_executor/lib:/root/ros2_ws/src/install/plansys2_planner/lib:/root/ros2_ws/src/install/plansys2_problem_expert/lib:/root/ros2_ws/src/install/plansys2_domain_expert/lib:/root/ros2_ws/src/install/plansys2_popf_plan_solver/lib:/root/ros2_ws/src/install/plansys2_core/lib:/root/ros2_ws/src/install/rclcpp_cascade_lifecycle/lib:/root/ros2_ws/src/install/plansys2_pddl_parser/lib:/root/ros2_ws/src/install/plansys2_msgs/lib:/root/ros2_ws/src/install/cascade_lifecycle_msgs/lib:${LD_LIBRARY_PATH} PYTHONPATH=/root/ros2_ws/src/install/plansys2_msgs/lib/python3.8/site-packages:/root/ros2_ws/src/install/cascade_lifecycle_msgs/lib/python3.8/site-packages:${PYTHONPATH} /usr/bin/cmake /root/ros2_ws/src/ros2_planning_system_examples/plansys2_simple_example -DAMENT_CMAKE_SYMLINK_INSTALL=1 -DCMAKE_INSTALL_PREFIX=/root/ros2_ws/src/install/plansys2_simple_example
[0.119s] -- The C compiler identification is GNU 9.4.0
[0.165s] -- The CXX compiler identification is GNU 9.4.0
[0.169s] -- Check for working C compiler: /usr/bin/cc
[0.240s] -- Check for working C compiler: /usr/bin/cc -- works
[0.241s] -- Detecting C compiler ABI info
[0.318s] -- Detecting C compiler ABI info - done
[0.325s] -- Detecting C compile features
[0.326s] -- Detecting C compile features - done
[0.328s] -- Check for working CXX compiler: /usr/bin/c++
[0.417s] -- Check for working CXX compiler: /usr/bin/c++ -- works
[0.418s] -- Detecting CXX compiler ABI info
[0.510s] -- Detecting CXX compiler ABI info - done
[0.518s] -- Detecting CXX compile features
[0.518s] -- Detecting CXX compile features - done
[0.523s] -- Found ament_cmake: 0.9.12 (/opt/ros/foxy/share/ament_cmake/cmake)
[0.561s] -- Found PythonInterp: /usr/bin/python3 (found suitable version "3.8.10", minimum required is "3") 
[0.561s] -- Using PYTHON_EXECUTABLE: /usr/bin/python3
[0.739s] -- Override CMake install command with custom implementation using symlinks instead of copying resources
[0.797s] -- Found rclcpp: 2.4.3 (/opt/ros/foxy/share/rclcpp/cmake)
[0.872s] -- Using all available rosidl_typesupport_c: rosidl_typesupport_fastrtps_c;rosidl_typesupport_introspection_c
[0.886s] -- Found rosidl_adapter: 1.3.1 (/opt/ros/foxy/share/rosidl_adapter/cmake)
[1.017s] -- Found OpenSSL: /usr/lib/x86_64-linux-gnu/libcrypto.so (found version "1.1.1f")  
[1.055s] -- Found FastRTPS: /opt/ros/foxy/include  
[1.173s] -- Using all available rosidl_typesupport_cpp: rosidl_typesupport_fastrtps_cpp;rosidl_typesupport_introspection_cpp
[1.241s] -- Found rmw_implementation_cmake: 1.0.4 (/opt/ros/foxy/share/rmw_implementation_cmake/cmake)
[1.243s] -- Using RMW implementation 'rmw_fastrtps_cpp' as default
[1.244s] -- Looking for pthread.h
[1.329s] -- Looking for pthread.h - found
[1.330s] -- Performing Test CMAKE_HAVE_LIBC_PTHREAD
[1.412s] -- Performing Test CMAKE_HAVE_LIBC_PTHREAD - Failed
[1.413s] -- Looking for pthread_create in pthreads
[1.484s] -- Looking for pthread_create in pthreads - not found
[1.484s] -- Looking for pthread_create in pthread
[1.562s] -- Looking for pthread_create in pthread - found
[1.563s] -- Found Threads: TRUE  
[1.723s] -- Found rclcpp_action: 2.4.3 (/opt/ros/foxy/share/rclcpp_action/cmake)
[1.808s] -- Found plansys2_msgs: 1.0.10 (/root/ros2_ws/src/install/plansys2_msgs/share/plansys2_msgs/cmake)
[1.898s] -- Found plansys2_executor: 1.0.10 (/root/ros2_ws/src/install/plansys2_executor/share/plansys2_executor/cmake)
[4.157s] -- Found ament_lint_auto: 0.9.8 (/opt/ros/foxy/share/ament_lint_auto/cmake)
[4.256s] -- Added test 'copyright' to check source files copyright and LICENSE
[4.271s] -- Added test 'cppcheck' to perform static code analysis on C / C++ code
[4.271s] -- Configured cppcheck include dirs: 
[4.271s] -- Configured cppcheck exclude dirs and/or files: 
[4.272s] -- Added test 'cpplint' to check C / C++ code against the Google style
[4.272s] -- Configured cpplint exclude dirs and/or files: 
[4.272s] -- Added test 'flake8' to check Python code syntax and style conventions
[4.273s] -- Added test 'lint_cmake' to check CMake code style
[4.273s] -- Added test 'pep257' to check Python code against some of the style conventions in PEP 257
[4.274s] -- Added test 'uncrustify' to check C / C++ code style
[4.274s] -- Configured uncrustify additional arguments: 
[4.275s] -- Added test 'xmllint' to check XML markup files
[4.278s] -- Configuring done
[4.325s] -- Generating done
[4.354s] -- Build files have been written to: /root/ros2_ws/src/build/plansys2_simple_example
[4.361s] Invoked command in '/root/ros2_ws/src/build/plansys2_simple_example' returned '0': AMENT_PREFIX_PATH=/root/ros2_ws/src/install/plansys2_executor:/root/ros2_ws/src/install/plansys2_planner:/root/ros2_ws/src/install/plansys2_problem_expert:/root/ros2_ws/src/install/plansys2_domain_expert:/root/ros2_ws/src/install/plansys2_popf_plan_solver:/root/ros2_ws/src/install/plansys2_core:/root/ros2_ws/src/install/rclcpp_cascade_lifecycle:/root/ros2_ws/src/install/plansys2_pddl_parser:/root/ros2_ws/src/install/plansys2_msgs:/root/ros2_ws/src/install/cascade_lifecycle_msgs:${AMENT_PREFIX_PATH} CMAKE_PREFIX_PATH=/root/ros2_ws/src/install/plansys2_executor:/root/ros2_ws/src/install/plansys2_planner:/root/ros2_ws/src/install/plansys2_problem_expert:/root/ros2_ws/src/install/plansys2_domain_expert:/root/ros2_ws/src/install/plansys2_popf_plan_solver:/root/ros2_ws/src/install/plansys2_core:/root/ros2_ws/src/install/rclcpp_cascade_lifecycle:/root/ros2_ws/src/install/plansys2_pddl_parser:/root/ros2_ws/src/install/plansys2_msgs:/root/ros2_ws/src/install/cascade_lifecycle_msgs:/root/ros2_ws/install/ros2_aruco_interfaces:/root/ros2_ws/install/robot_urdf:/root/ros2_ws/install/plansys2_planner:/root/ros2_ws/install/plansys2_problem_expert:/root/ros2_ws/install/plansys2_domain_expert:/root/ros2_ws/install/plansys2_popf_plan_solver:/root/ros2_ws/install/plansys2_core:/root/ros2_ws/install/plansys2_pddl_parser:/root/ros2_ws/install/plansys2_msgs:/root/ros2_ws/install/plansys2_lifecycle_manager:/root/ros2_ws/install/ros2_aruco:/opt/ros/foxy LD_LIBRARY_PATH=/root/ros2_ws/src/install/plansys2_executor/lib:/root/ros2_ws/src/install/plansys2_planner/lib:/root/ros2_ws/src/install/plansys2_problem_expert/lib:/root/ros2_ws/src/install/plansys2_domain_expert/lib:/root/ros2_ws/src/install/plansys2_popf_plan_solver/lib:/root/ros2_ws/src/install/plansys2_core/lib:/root/ros2_ws/src/install/rclcpp_cascade_lifecycle/lib:/root/ros2_ws/src/install/plansys2_pddl_parser/lib:/root/ros2_ws/src/install/plansys2_msgs/lib:/root/ros2_ws/src/install/cascade_lifecycle_msgs/lib:${LD_LIBRARY_PATH} PYTHONPATH=/root/ros2_ws/src/install/plansys2_msgs/lib/python3.8/site-packages:/root/ros2_ws/src/install/cascade_lifecycle_msgs/lib/python3.8/site-packages:${PYTHONPATH} /usr/bin/cmake /root/ros2_ws/src/ros2_planning_system_examples/plansys2_simple_example -DAMENT_CMAKE_SYMLINK_INSTALL=1 -DCMAKE_INSTALL_PREFIX=/root/ros2_ws/src/install/plansys2_simple_example
[4.364s] Invoking command in '/root/ros2_ws/src/build/plansys2_simple_example': AMENT_PREFIX_PATH=/root/ros2_ws/src/install/plansys2_executor:/root/ros2_ws/src/install/plansys2_planner:/root/ros2_ws/src/install/plansys2_problem_expert:/root/ros2_ws/src/install/plansys2_domain_expert:/root/ros2_ws/src/install/plansys2_popf_plan_solver:/root/ros2_ws/src/install/plansys2_core:/root/ros2_ws/src/install/rclcpp_cascade_lifecycle:/root/ros2_ws/src/install/plansys2_pddl_parser:/root/ros2_ws/src/install/plansys2_msgs:/root/ros2_ws/src/install/cascade_lifecycle_msgs:${AMENT_PREFIX_PATH} CMAKE_PREFIX_PATH=/root/ros2_ws/src/install/plansys2_executor:/root/ros2_ws/src/install/plansys2_planner:/root/ros2_ws/src/install/plansys2_problem_expert:/root/ros2_ws/src/install/plansys2_domain_expert:/root/ros2_ws/src/install/plansys2_popf_plan_solver:/root/ros2_ws/src/install/plansys2_core:/root/ros2_ws/src/install/rclcpp_cascade_lifecycle:/root/ros2_ws/src/install/plansys2_pddl_parser:/root/ros2_ws/src/install/plansys2_msgs:/root/ros2_ws/src/install/cascade_lifecycle_msgs:/root/ros2_ws/install/ros2_aruco_interfaces:/root/ros2_ws/install/robot_urdf:/root/ros2_ws/install/plansys2_planner:/root/ros2_ws/install/plansys2_problem_expert:/root/ros2_ws/install/plansys2_domain_expert:/root/ros2_ws/install/plansys2_popf_plan_solver:/root/ros2_ws/install/plansys2_core:/root/ros2_ws/install/plansys2_pddl_parser:/root/ros2_ws/install/plansys2_msgs:/root/ros2_ws/install/plansys2_lifecycle_manager:/root/ros2_ws/install/ros2_aruco:/opt/ros/foxy LD_LIBRARY_PATH=/root/ros2_ws/src/install/plansys2_executor/lib:/root/ros2_ws/src/install/plansys2_planner/lib:/root/ros2_ws/src/install/plansys2_problem_expert/lib:/root/ros2_ws/src/install/plansys2_domain_expert/lib:/root/ros2_ws/src/install/plansys2_popf_plan_solver/lib:/root/ros2_ws/src/install/plansys2_core/lib:/root/ros2_ws/src/install/rclcpp_cascade_lifecycle/lib:/root/ros2_ws/src/install/plansys2_pddl_parser/lib:/root/ros2_ws/src/install/plansys2_msgs/lib:/root/ros2_ws/src/install/cascade_lifecycle_msgs/lib:${LD_LIBRARY_PATH} PYTHONPATH=/root/ros2_ws/src/install/plansys2_msgs/lib/python3.8/site-packages:/root/ros2_ws/src/install/cascade_lifecycle_msgs/lib/python3.8/site-packages:${PYTHONPATH} /usr/bin/cmake --build /root/ros2_ws/src/build/plansys2_simple_example -- -j16 -l16
[4.412s] [35m[1mScanning dependencies of target charge_action_node[0m
[4.412s] [35m[1mScanning dependencies of target move_action_node[0m
[4.412s] [35m[1mScanning dependencies of target ask_charge_action_node[0m
[4.477s] [ 16%] [32mBuilding CXX object CMakeFiles/ask_charge_action_node.dir/src/ask_charge_action_node.cpp.o[0m
[4.484s] [ 33%] [32mBuilding CXX object CMakeFiles/move_action_node.dir/src/move_action_node.cpp.o[0m
[4.491s] [ 50%] [32mBuilding CXX object CMakeFiles/charge_action_node.dir/src/charge_action_node.cpp.o[0m
[7.489s] [ 66%] [32m[1mLinking CXX executable ask_charge_action_node[0m
[7.666s] [ 83%] [32m[1mLinking CXX executable move_action_node[0m
[8.323s] [100%] [32m[1mLinking CXX executable charge_action_node[0m
[8.357s] [100%] Built target ask_charge_action_node
[8.583s] [100%] Built target move_action_node
[9.275s] [100%] Built target charge_action_node
[9.293s] Invoked command in '/root/ros2_ws/src/build/plansys2_simple_example' returned '0': AMENT_PREFIX_PATH=/root/ros2_ws/src/install/plansys2_executor:/root/ros2_ws/src/install/plansys2_planner:/root/ros2_ws/src/install/plansys2_problem_expert:/root/ros2_ws/src/install/plansys2_domain_expert:/root/ros2_ws/src/install/plansys2_popf_plan_solver:/root/ros2_ws/src/install/plansys2_core:/root/ros2_ws/src/install/rclcpp_cascade_lifecycle:/root/ros2_ws/src/install/plansys2_pddl_parser:/root/ros2_ws/src/install/plansys2_msgs:/root/ros2_ws/src/install/cascade_lifecycle_msgs:${AMENT_PREFIX_PATH} CMAKE_PREFIX_PATH=/root/ros2_ws/src/install/plansys2_executor:/root/ros2_ws/src/install/plansys2_planner:/root/ros2_ws/src/install/plansys2_problem_expert:/root/ros2_ws/src/install/plansys2_domain_expert:/root/ros2_ws/src/install/plansys2_popf_plan_solver:/root/ros2_ws/src/install/plansys2_core:/root/ros2_ws/src/install/rclcpp_cascade_lifecycle:/root/ros2_ws/src/install/plansys2_pddl_parser:/root/ros2_ws/src/install/plansys2_msgs:/root/ros2_ws/src/install/cascade_lifecycle_msgs:/root/ros2_ws/install/ros2_aruco_interfaces:/root/ros2_ws/install/robot_urdf:/root/ros2_ws/install/plansys2_planner:/root/ros2_ws/install/plansys2_problem_expert:/root/ros2_ws/install/plansys2_domain_expert:/root/ros2_ws/install/plansys2_popf_plan_solver:/root/ros2_ws/install/plansys2_core:/root/ros2_ws/install/plansys2_pddl_parser:/root/ros2_ws/install/plansys2_msgs:/root/ros2_ws/install/plansys2_lifecycle_manager:/root/ros2_ws/install/ros2_aruco:/opt/ros/foxy LD_LIBRARY_PATH=/root/ros2_ws/src/install/plansys2_executor/lib:/root/ros2_ws/src/install/plansys2_planner/lib:/root/ros2_ws/src/install/plansys2_problem_expert/lib:/root/ros2_ws/src/install/plansys2_domain_expert/lib:/root/ros2_ws/src/install/plansys2_popf_plan_solver/lib:/root/ros2_ws/src/install/plansys2_core/lib:/root/ros2_ws/src/install/rclcpp_cascade_lifecycle/lib:/root/ros2_ws/src/install/plansys2_pddl_parser/lib:/root/ros2_ws/src/install/plansys2_msgs/lib:/root/ros2_ws/src/install/cascade_lifecycle_msgs/lib:${LD_LIBRARY_PATH} PYTHONPATH=/root/ros2_ws/src/install/plansys2_msgs/lib/python3.8/site-packages:/root/ros2_ws/src/install/cascade_lifecycle_msgs/lib/python3.8/site-packages:${PYTHONPATH} /usr/bin/cmake --build /root/ros2_ws/src/build/plansys2_simple_example -- -j16 -l16
[9.295s] Invoking command in '/root/ros2_ws/src/build/plansys2_simple_example': AMENT_PREFIX_PATH=/root/ros2_ws/src/install/plansys2_executor:/root/ros2_ws/src/install/plansys2_planner:/root/ros2_ws/src/install/plansys2_problem_expert:/root/ros2_ws/src/install/plansys2_domain_expert:/root/ros2_ws/src/install/plansys2_popf_plan_solver:/root/ros2_ws/src/install/plansys2_core:/root/ros2_ws/src/install/rclcpp_cascade_lifecycle:/root/ros2_ws/src/install/plansys2_pddl_parser:/root/ros2_ws/src/install/plansys2_msgs:/root/ros2_ws/src/install/cascade_lifecycle_msgs:${AMENT_PREFIX_PATH} CMAKE_PREFIX_PATH=/root/ros2_ws/src/install/plansys2_executor:/root/ros2_ws/src/install/plansys2_planner:/root/ros2_ws/src/install/plansys2_problem_expert:/root/ros2_ws/src/install/plansys2_domain_expert:/root/ros2_ws/src/install/plansys2_popf_plan_solver:/root/ros2_ws/src/install/plansys2_core:/root/ros2_ws/src/install/rclcpp_cascade_lifecycle:/root/ros2_ws/src/install/plansys2_pddl_parser:/root/ros2_ws/src/install/plansys2_msgs:/root/ros2_ws/src/install/cascade_lifecycle_msgs:/root/ros2_ws/install/ros2_aruco_interfaces:/root/ros2_ws/install/robot_urdf:/root/ros2_ws/install/plansys2_planner:/root/ros2_ws/install/plansys2_problem_expert:/root/ros2_ws/install/plansys2_domain_expert:/root/ros2_ws/install/plansys2_popf_plan_solver:/root/ros2_ws/install/plansys2_core:/root/ros2_ws/install/plansys2_pddl_parser:/root/ros2_ws/install/plansys2_msgs:/root/ros2_ws/install/plansys2_lifecycle_manager:/root/ros2_ws/install/ros2_aruco:/opt/ros/foxy LD_LIBRARY_PATH=/root/ros2_ws/src/install/plansys2_executor/lib:/root/ros2_ws/src/install/plansys2_planner/lib:/root/ros2_ws/src/install/plansys2_problem_expert/lib:/root/ros2_ws/src/install/plansys2_domain_expert/lib:/root/ros2_ws/src/install/plansys2_popf_plan_solver/lib:/root/ros2_ws/src/install/plansys2_core/lib:/root/ros2_ws/src/install/rclcpp_cascade_lifecycle/lib:/root/ros2_ws/src/install/plansys2_pddl_parser/lib:/root/ros2_ws/src/install/plansys2_msgs/lib:/root/ros2_ws/src/install/cascade_lifecycle_msgs/lib:${LD_LIBRARY_PATH} PYTHONPATH=/root/ros2_ws/src/install/plansys2_msgs/lib/python3.8/site-packages:/root/ros2_ws/src/install/cascade_lifecycle_msgs/lib/python3.8/site-packages:${PYTHONPATH} /usr/bin/cmake --install /root/ros2_ws/src/build/plansys2_simple_example
[9.364s] -- Install configuration: ""
[9.364s] -- Execute custom install script
[9.365s] -- Symlinking: /root/ros2_ws/src/install/plansys2_simple_example/share/plansys2_simple_example/launch/commands
[9.365s] -- Symlinking: /root/ros2_ws/src/install/plansys2_simple_example/share/plansys2_simple_example/launch/plansys2_simple_example_launch.py
[9.365s] -- Symlinking: /root/ros2_ws/src/install/plansys2_simple_example/share/plansys2_simple_example/pddl/simple_example.pddl
[9.381s] -- Symlinking: /root/ros2_ws/src/install/plansys2_simple_example/lib/plansys2_simple_example/move_action_node
[9.396s] -- Symlinking: /root/ros2_ws/src/install/plansys2_simple_example/lib/plansys2_simple_example/charge_action_node
[9.409s] -- Symlinking: /root/ros2_ws/src/install/plansys2_simple_example/lib/plansys2_simple_example/ask_charge_action_node
[9.422s] -- Symlinking: /root/ros2_ws/src/install/plansys2_simple_example/share/ament_index/resource_index/package_run_dependencies/plansys2_simple_example
[9.437s] -- Symlinking: /root/ros2_ws/src/install/plansys2_simple_example/share/ament_index/resource_index/parent_prefix_path/plansys2_simple_example
[9.455s] -- Symlinking: /root/ros2_ws/src/install/plansys2_simple_example/share/plansys2_simple_example/environment/ament_prefix_path.sh
[9.472s] -- Symlinking: /root/ros2_ws/src/install/plansys2_simple_example/share/plansys2_simple_example/environment/ament_prefix_path.dsv
[9.484s] -- Symlinking: /root/ros2_ws/src/install/plansys2_simple_example/share/plansys2_simple_example/environment/path.sh
[9.501s] -- Symlinking: /root/ros2_ws/src/install/plansys2_simple_example/share/plansys2_simple_example/environment/path.dsv
[9.513s] -- Symlinking: /root/ros2_ws/src/install/plansys2_simple_example/share/plansys2_simple_example/local_setup.bash
[9.525s] -- Symlinking: /root/ros2_ws/src/install/plansys2_simple_example/share/plansys2_simple_example/local_setup.sh
[9.537s] -- Symlinking: /root/ros2_ws/src/install/plansys2_simple_example/share/plansys2_simple_example/local_setup.zsh
[9.549s] -- Symlinking: /root/ros2_ws/src/install/plansys2_simple_example/share/plansys2_simple_example/local_setup.dsv
[9.559s] -- Symlinking: /root/ros2_ws/src/install/plansys2_simple_example/share/plansys2_simple_example/package.dsv
[9.572s] -- Symlinking: /root/ros2_ws/src/install/plansys2_simple_example/share/ament_index/resource_index/packages/plansys2_simple_example
[9.585s] -- Symlinking: /root/ros2_ws/src/install/plansys2_simple_example/share/plansys2_simple_example/cmake/ament_cmake_export_dependencies-extras.cmake
[9.600s] -- Symlinking: /root/ros2_ws/src/install/plansys2_simple_example/share/plansys2_simple_example/cmake/plansys2_simple_exampleConfig.cmake
[9.613s] -- Symlinking: /root/ros2_ws/src/install/plansys2_simple_example/share/plansys2_simple_example/cmake/plansys2_simple_exampleConfig-version.cmake
[9.625s] -- Symlinking: /root/ros2_ws/src/install/plansys2_simple_example/share/plansys2_simple_example/package.xml
[9.640s] Invoked command in '/root/ros2_ws/src/build/plansys2_simple_example' returned '0': AMENT_PREFIX_PATH=/root/ros2_ws/src/install/plansys2_executor:/root/ros2_ws/src/install/plansys2_planner:/root/ros2_ws/src/install/plansys2_problem_expert:/root/ros2_ws/src/install/plansys2_domain_expert:/root/ros2_ws/src/install/plansys2_popf_plan_solver:/root/ros2_ws/src/install/plansys2_core:/root/ros2_ws/src/install/rclcpp_cascade_lifecycle:/root/ros2_ws/src/install/plansys2_pddl_parser:/root/ros2_ws/src/install/plansys2_msgs:/root/ros2_ws/src/install/cascade_lifecycle_msgs:${AMENT_PREFIX_PATH} CMAKE_PREFIX_PATH=/root/ros2_ws/src/install/plansys2_executor:/root/ros2_ws/src/install/plansys2_planner:/root/ros2_ws/src/install/plansys2_problem_expert:/root/ros2_ws/src/install/plansys2_domain_expert:/root/ros2_ws/src/install/plansys2_popf_plan_solver:/root/ros2_ws/src/install/plansys2_core:/root/ros2_ws/src/install/rclcpp_cascade_lifecycle:/root/ros2_ws/src/install/plansys2_pddl_parser:/root/ros2_ws/src/install/plansys2_msgs:/root/ros2_ws/src/install/cascade_lifecycle_msgs:/root/ros2_ws/install/ros2_aruco_interfaces:/root/ros2_ws/install/robot_urdf:/root/ros2_ws/install/plansys2_planner:/root/ros2_ws/install/plansys2_problem_expert:/root/ros2_ws/install/plansys2_domain_expert:/root/ros2_ws/install/plansys2_popf_plan_solver:/root/ros2_ws/install/plansys2_core:/root/ros2_ws/install/plansys2_pddl_parser:/root/ros2_ws/install/plansys2_msgs:/root/ros2_ws/install/plansys2_lifecycle_manager:/root/ros2_ws/install/ros2_aruco:/opt/ros/foxy LD_LIBRARY_PATH=/root/ros2_ws/src/install/plansys2_executor/lib:/root/ros2_ws/src/install/plansys2_planner/lib:/root/ros2_ws/src/install/plansys2_problem_expert/lib:/root/ros2_ws/src/install/plansys2_domain_expert/lib:/root/ros2_ws/src/install/plansys2_popf_plan_solver/lib:/root/ros2_ws/src/install/plansys2_core/lib:/root/ros2_ws/src/install/rclcpp_cascade_lifecycle/lib:/root/ros2_ws/src/install/plansys2_pddl_parser/lib:/root/ros2_ws/src/install/plansys2_msgs/lib:/root/ros2_ws/src/install/cascade_lifecycle_msgs/lib:${LD_LIBRARY_PATH} PYTHONPATH=/root/ros2_ws/src/install/plansys2_msgs/lib/python3.8/site-packages:/root/ros2_ws/src/install/cascade_lifecycle_msgs/lib/python3.8/site-packages:${PYTHONPATH} /usr/bin/cmake --install /root/ros2_ws/src/build/plansys2_simple_example
