[0.690s] Invoking command in '/root/ros2_ws/src/build/ros2_aruco': PYTHONPATH=/root/ros2_ws/src/build/ros2_aruco/prefix_override:/usr/lib/python3/dist-packages/colcon_core/task/python/colcon_distutils_commands:/root/ros2_ws/src/install/ros2_aruco/lib/python3.8/site-packages:${PYTHONPATH} /usr/bin/python3 -W ignore:setup.py install is deprecated -W ignore:easy_install command is deprecated setup.py develop --editable --build-directory /root/ros2_ws/src/build/ros2_aruco/build --no-deps symlink_data
[0.870s] running develop
[0.968s] running egg_info
[0.968s] creating ros2_aruco.egg-info
[0.969s] writing ros2_aruco.egg-info/PKG-INFO
[0.969s] writing dependency_links to ros2_aruco.egg-info/dependency_links.txt
[0.969s] writing entry points to ros2_aruco.egg-info/entry_points.txt
[0.970s] writing requirements to ros2_aruco.egg-info/requires.txt
[0.970s] writing top-level names to ros2_aruco.egg-info/top_level.txt
[0.972s] writing manifest file 'ros2_aruco.egg-info/SOURCES.txt'
[0.999s] reading manifest file 'ros2_aruco.egg-info/SOURCES.txt'
[0.999s] writing manifest file 'ros2_aruco.egg-info/SOURCES.txt'
[1.028s] running build_ext
[1.028s] Creating /root/ros2_ws/src/install/ros2_aruco/lib/python3.8/site-packages/site.py
[1.030s] Creating /root/ros2_ws/src/install/ros2_aruco/lib/python3.8/site-packages/ros2-aruco.egg-link (link to .)
[1.031s] Installing aruco_generate_marker = ros2_aruco.aruco_generate_marker:mainaruco_node_explaination script to /root/ros2_ws/src/install/ros2_aruco/lib/ros2_aruco
[1.031s] Installing aruco_node script to /root/ros2_ws/src/install/ros2_aruco/lib/ros2_aruco
[1.031s] Installing aruco_node_camera script to /root/ros2_ws/src/install/ros2_aruco/lib/ros2_aruco
[1.031s] Installing aruco_node_original script to /root/ros2_ws/src/install/ros2_aruco/lib/ros2_aruco
[1.032s] 
[1.032s] Installed /root/ros2_ws/src/build/ros2_aruco
[1.032s] running symlink_data
[1.032s] creating /root/ros2_ws/src/install/ros2_aruco/share/ament_index
[1.032s] creating /root/ros2_ws/src/install/ros2_aruco/share/ament_index/resource_index
[1.032s] creating /root/ros2_ws/src/install/ros2_aruco/share/ament_index/resource_index/packages
[1.032s] symbolically linking /root/ros2_ws/src/build/ros2_aruco/resource/ros2_aruco -> /root/ros2_ws/src/install/ros2_aruco/share/ament_index/resource_index/packages
[1.032s] symbolically linking /root/ros2_ws/src/build/ros2_aruco/package.xml -> /root/ros2_ws/src/install/ros2_aruco/share/ros2_aruco
[1.053s] Invoked command in '/root/ros2_ws/src/build/ros2_aruco' returned '0': PYTHONPATH=/root/ros2_ws/src/build/ros2_aruco/prefix_override:/usr/lib/python3/dist-packages/colcon_core/task/python/colcon_distutils_commands:/root/ros2_ws/src/install/ros2_aruco/lib/python3.8/site-packages:${PYTHONPATH} /usr/bin/python3 -W ignore:setup.py install is deprecated -W ignore:easy_install command is deprecated setup.py develop --editable --build-directory /root/ros2_ws/src/build/ros2_aruco/build --no-deps symlink_data
