[0.213s] Invoking command in '/root/ros2_ws/src/build/ros2_aruco_interfaces': CMAKE_PREFIX_PATH=${CMAKE_PREFIX_PATH}:/root/ros2_ws/install/ros2_aruco:/opt/ros/foxy /usr/bin/cmake /root/ros2_ws/src/ros2_aruco/ros2_aruco_interfaces -DAMENT_CMAKE_SYMLINK_INSTALL=1 -DCMAKE_INSTALL_PREFIX=/root/ros2_ws/src/install/ros2_aruco_interfaces
[0.251s] -- The C compiler identification is GNU 9.4.0
[0.329s] -- The CXX compiler identification is GNU 9.4.0
[0.337s] -- Check for working C compiler: /usr/bin/cc
[0.398s] -- Check for working C compiler: /usr/bin/cc -- works
[0.400s] -- Detecting C compiler ABI info
[0.466s] -- Detecting C compiler ABI info - done
[0.473s] -- Detecting C compile features
[0.473s] -- Detecting C compile features - done
[0.475s] -- Check for working CXX compiler: /usr/bin/c++
[0.542s] -- Check for working CXX compiler: /usr/bin/c++ -- works
[0.543s] -- Detecting CXX compiler ABI info
[0.613s] -- Detecting CXX compiler ABI info - done
[0.620s] -- Detecting CXX compile features
[0.620s] -- Detecting CXX compile features - done
[0.627s] -- Found ament_cmake: 0.9.12 (/opt/ros/foxy/share/ament_cmake/cmake)
[0.659s] -- Found PythonInterp: /usr/bin/python3 (found suitable version "3.8.10", minimum required is "3") 
[0.660s] -- Using PYTHON_EXECUTABLE: /usr/bin/python3
[0.801s] -- Override CMake install command with custom implementation using symlinks instead of copying resources
[0.863s] -- Found geometry_msgs: 2.0.5 (/opt/ros/foxy/share/geometry_msgs/cmake)
[0.930s] -- Using all available rosidl_typesupport_c: rosidl_typesupport_fastrtps_c;rosidl_typesupport_introspection_c
[0.944s] -- Found rosidl_adapter: 1.3.1 (/opt/ros/foxy/share/rosidl_adapter/cmake)
[1.067s] -- Found OpenSSL: /usr/lib/x86_64-linux-gnu/libcrypto.so (found version "1.1.1f")  
[1.101s] -- Found FastRTPS: /opt/ros/foxy/include  
[1.198s] -- Using all available rosidl_typesupport_cpp: rosidl_typesupport_fastrtps_cpp;rosidl_typesupport_introspection_cpp
[1.279s] -- Found rosidl_default_generators: 1.0.1 (/opt/ros/foxy/share/rosidl_default_generators/cmake)
[1.309s] -- Found PythonInterp: /usr/bin/python3 (found version "3.8.10") 
[1.438s] -- Found ament_cmake_ros: 0.9.2 (/opt/ros/foxy/share/ament_cmake_ros/cmake)
[1.641s] -- Using all available rosidl_typesupport_c: rosidl_typesupport_fastrtps_c;rosidl_typesupport_introspection_c
[1.709s] -- Using all available rosidl_typesupport_cpp: rosidl_typesupport_fastrtps_cpp;rosidl_typesupport_introspection_cpp
[1.734s] -- Found PythonInterp: /usr/bin/python3 (found suitable version "3.8.10", minimum required is "3.5") 
[1.737s] -- Found python_cmake_module: 0.8.1 (/opt/ros/foxy/share/python_cmake_module/cmake)
[1.762s] -- Found PythonLibs: /usr/lib/x86_64-linux-gnu/libpython3.8.so (found suitable version "3.8.10", minimum required is "3.5") 
[1.762s] -- Using PYTHON_EXECUTABLE: /usr/bin/python3
[1.762s] -- Using PYTHON_INCLUDE_DIRS: /usr/include/python3.8
[1.762s] -- Using PYTHON_LIBRARIES: /usr/lib/x86_64-linux-gnu/libpython3.8.so
[1.785s] -- Found PythonExtra: .so  
[1.853s] -- Found ament_lint_auto: 0.9.8 (/opt/ros/foxy/share/ament_lint_auto/cmake)
[1.881s] -- Added test 'copyright' to check source files copyright and LICENSE
[1.883s] -- Added test 'lint_cmake' to check CMake code style
[1.884s] -- Added test 'xmllint' to check XML markup files
[1.889s] -- Configuring done
[1.939s] -- Generating done
[1.953s] -- Build files have been written to: /root/ros2_ws/src/build/ros2_aruco_interfaces
[1.962s] Invoked command in '/root/ros2_ws/src/build/ros2_aruco_interfaces' returned '0': CMAKE_PREFIX_PATH=${CMAKE_PREFIX_PATH}:/root/ros2_ws/install/ros2_aruco:/opt/ros/foxy /usr/bin/cmake /root/ros2_ws/src/ros2_aruco/ros2_aruco_interfaces -DAMENT_CMAKE_SYMLINK_INSTALL=1 -DCMAKE_INSTALL_PREFIX=/root/ros2_ws/src/install/ros2_aruco_interfaces
[1.965s] Invoking command in '/root/ros2_ws/src/build/ros2_aruco_interfaces': CMAKE_PREFIX_PATH=${CMAKE_PREFIX_PATH}:/root/ros2_ws/install/ros2_aruco:/opt/ros/foxy /usr/bin/cmake --build /root/ros2_ws/src/build/ros2_aruco_interfaces -- -j16 -l16
[2.011s] [35m[1mScanning dependencies of target ros2_aruco_interfaces__cpp[0m
[2.025s] [  3%] [34m[1mGenerating C code for ROS interfaces[0m
[2.029s] [  6%] [34m[1mGenerating C++ code for ROS interfaces[0m
[2.248s] [  6%] Built target ros2_aruco_interfaces__cpp
[2.260s] [  9%] [34m[1mGenerating C++ type support dispatch for ROS interfaces[0m
[2.262s] [ 12%] [34m[1mGenerating C++ introspection for ROS interfaces[0m
[2.267s] [ 16%] [34m[1mGenerating C++ type support for eProsima Fast-RTPS[0m
[2.270s] [35m[1mScanning dependencies of target ros2_aruco_interfaces__rosidl_generator_c[0m
[2.306s] [ 19%] [32mBuilding C object CMakeFiles/ros2_aruco_interfaces__rosidl_generator_c.dir/rosidl_generator_c/ros2_aruco_interfaces/msg/detail/aruco_markers__functions.c.o[0m
[2.399s] [ 22%] [32m[1mLinking C shared library libros2_aruco_interfaces__rosidl_generator_c.so[0m
[2.488s] [ 22%] Built target ros2_aruco_interfaces__rosidl_generator_c
[2.516s] [ 25%] [34m[1mGenerating C type support dispatch for ROS interfaces[0m
[2.519s] [ 29%] [34m[1mGenerating C introspection for ROS interfaces[0m
[2.553s] [35m[1mScanning dependencies of target ros2_aruco_interfaces__rosidl_typesupport_fastrtps_cpp[0m
[2.564s] [35m[1mScanning dependencies of target ros2_aruco_interfaces__rosidl_typesupport_introspection_cpp[0m
[2.565s] [35m[1mScanning dependencies of target ros2_aruco_interfaces__rosidl_typesupport_cpp[0m
[2.590s] [ 32%] [32mBuilding CXX object CMakeFiles/ros2_aruco_interfaces__rosidl_typesupport_cpp.dir/rosidl_typesupport_cpp/ros2_aruco_interfaces/msg/aruco_markers__type_support.cpp.o[0m
[2.593s] [ 35%] [32mBuilding CXX object CMakeFiles/ros2_aruco_interfaces__rosidl_typesupport_fastrtps_cpp.dir/rosidl_typesupport_fastrtps_cpp/ros2_aruco_interfaces/msg/detail/dds_fastrtps/aruco_markers__type_support.cpp.o[0m
[2.594s] [ 38%] [32mBuilding CXX object CMakeFiles/ros2_aruco_interfaces__rosidl_typesupport_introspection_cpp.dir/rosidl_typesupport_introspection_cpp/ros2_aruco_interfaces/msg/detail/aruco_markers__type_support.cpp.o[0m
[2.737s] [35m[1mScanning dependencies of target ros2_aruco_interfaces__rosidl_typesupport_c[0m
[2.749s] [35m[1mScanning dependencies of target ros2_aruco_interfaces__rosidl_typesupport_introspection_c[0m
[2.752s] [ 41%] [32mBuilding CXX object CMakeFiles/ros2_aruco_interfaces__rosidl_typesupport_c.dir/rosidl_typesupport_c/ros2_aruco_interfaces/msg/aruco_markers__type_support.cpp.o[0m
[2.770s] [ 45%] [32mBuilding C object CMakeFiles/ros2_aruco_interfaces__rosidl_typesupport_introspection_c.dir/rosidl_typesupport_introspection_c/ros2_aruco_interfaces/msg/detail/aruco_markers__type_support.c.o[0m
[2.779s] [ 48%] [32m[1mLinking CXX shared library libros2_aruco_interfaces__rosidl_typesupport_c.so[0m
[2.807s] [ 51%] [32m[1mLinking C shared library libros2_aruco_interfaces__rosidl_typesupport_introspection_c.so[0m
[2.815s] [ 51%] Built target ros2_aruco_interfaces__rosidl_typesupport_c
[2.834s] [ 51%] Built target ros2_aruco_interfaces__rosidl_typesupport_introspection_c
[2.835s] [ 54%] [32m[1mLinking CXX shared library libros2_aruco_interfaces__rosidl_typesupport_cpp.so[0m
[2.874s] [ 54%] Built target ros2_aruco_interfaces__rosidl_typesupport_cpp
[2.905s] [ 58%] [32m[1mLinking CXX shared library libros2_aruco_interfaces__rosidl_typesupport_introspection_cpp.so[0m
[2.955s] [ 58%] Built target ros2_aruco_interfaces__rosidl_typesupport_introspection_cpp
[2.963s] [ 61%] [32m[1mLinking CXX shared library libros2_aruco_interfaces__rosidl_typesupport_fastrtps_cpp.so[0m
[3.024s] [ 61%] Built target ros2_aruco_interfaces__rosidl_typesupport_fastrtps_cpp
[3.034s] [ 64%] [34m[1mGenerating C type support for eProsima Fast-RTPS[0m
[3.235s] [35m[1mScanning dependencies of target ros2_aruco_interfaces__rosidl_typesupport_fastrtps_c[0m
[3.251s] [ 67%] [32mBuilding CXX object CMakeFiles/ros2_aruco_interfaces__rosidl_typesupport_fastrtps_c.dir/rosidl_typesupport_fastrtps_c/ros2_aruco_interfaces/msg/detail/aruco_markers__type_support_c.cpp.o[0m
[3.460s] [ 70%] [32m[1mLinking CXX shared library libros2_aruco_interfaces__rosidl_typesupport_fastrtps_c.so[0m
[3.526s] [ 70%] Built target ros2_aruco_interfaces__rosidl_typesupport_fastrtps_c
[3.535s] [35m[1mScanning dependencies of target ros2_aruco_interfaces[0m
[3.547s] [ 70%] Built target ros2_aruco_interfaces
[3.560s] [35m[1mScanning dependencies of target ros2_aruco_interfaces__py[0m
[3.571s] [ 74%] [34m[1mGenerating Python code for ROS interfaces[0m
[3.972s] [ 74%] Built target ros2_aruco_interfaces__py
[3.985s] [35m[1mScanning dependencies of target ros2_aruco_interfaces__python[0m
[4.008s] [ 77%] [32mBuilding C object CMakeFiles/ros2_aruco_interfaces__python.dir/rosidl_generator_py/ros2_aruco_interfaces/msg/_aruco_markers_s.c.o[0m
[4.080s] [ 80%] [32m[1mLinking C shared library rosidl_generator_py/ros2_aruco_interfaces/libros2_aruco_interfaces__python.so[0m
[4.129s] [ 80%] Built target ros2_aruco_interfaces__python
[4.137s] [35m[1mScanning dependencies of target ros2_aruco_interfaces__rosidl_typesupport_fastrtps_c__pyext[0m
[4.138s] [35m[1mScanning dependencies of target ros2_aruco_interfaces__rosidl_typesupport_introspection_c__pyext[0m
[4.143s] [35m[1mScanning dependencies of target ros2_aruco_interfaces__rosidl_typesupport_c__pyext[0m
[4.156s] [ 83%] [32mBuilding C object CMakeFiles/ros2_aruco_interfaces__rosidl_typesupport_introspection_c__pyext.dir/rosidl_generator_py/ros2_aruco_interfaces/_ros2_aruco_interfaces_s.ep.rosidl_typesupport_introspection_c.c.o[0m
[4.157s] [ 87%] [32mBuilding C object CMakeFiles/ros2_aruco_interfaces__rosidl_typesupport_fastrtps_c__pyext.dir/rosidl_generator_py/ros2_aruco_interfaces/_ros2_aruco_interfaces_s.ep.rosidl_typesupport_fastrtps_c.c.o[0m
[4.164s] [ 90%] [32mBuilding C object CMakeFiles/ros2_aruco_interfaces__rosidl_typesupport_c__pyext.dir/rosidl_generator_py/ros2_aruco_interfaces/_ros2_aruco_interfaces_s.ep.rosidl_typesupport_c.c.o[0m
[4.226s] [ 93%] [32m[1mLinking C shared library rosidl_generator_py/ros2_aruco_interfaces/ros2_aruco_interfaces_s__rosidl_typesupport_c.cpython-38-x86_64-linux-gnu.so[0m
[4.233s] [ 96%] [32m[1mLinking C shared library rosidl_generator_py/ros2_aruco_interfaces/ros2_aruco_interfaces_s__rosidl_typesupport_introspection_c.cpython-38-x86_64-linux-gnu.so[0m
[4.239s] [100%] [32m[1mLinking CXX shared library rosidl_generator_py/ros2_aruco_interfaces/ros2_aruco_interfaces_s__rosidl_typesupport_fastrtps_c.cpython-38-x86_64-linux-gnu.so[0m
[4.257s] [100%] Built target ros2_aruco_interfaces__rosidl_typesupport_c__pyext
[4.265s] [100%] Built target ros2_aruco_interfaces__rosidl_typesupport_introspection_c__pyext
[4.296s] [100%] Built target ros2_aruco_interfaces__rosidl_typesupport_fastrtps_c__pyext
[4.308s] Invoked command in '/root/ros2_ws/src/build/ros2_aruco_interfaces' returned '0': CMAKE_PREFIX_PATH=${CMAKE_PREFIX_PATH}:/root/ros2_ws/install/ros2_aruco:/opt/ros/foxy /usr/bin/cmake --build /root/ros2_ws/src/build/ros2_aruco_interfaces -- -j16 -l16
[4.310s] Invoking command in '/root/ros2_ws/src/build/ros2_aruco_interfaces': CMAKE_PREFIX_PATH=${CMAKE_PREFIX_PATH}:/root/ros2_ws/install/ros2_aruco:/opt/ros/foxy /usr/bin/cmake --install /root/ros2_ws/src/build/ros2_aruco_interfaces
[4.318s] -- Install configuration: ""
[4.318s] -- Execute custom install script
[4.320s] -- Symlinking: /root/ros2_ws/src/install/ros2_aruco_interfaces/share/ament_index/resource_index/rosidl_interfaces/ros2_aruco_interfaces
[4.327s] -- Symlinking: /root/ros2_ws/src/install/ros2_aruco_interfaces/include/ros2_aruco_interfaces/msg/aruco_markers.h
[4.335s] -- Symlinking: /root/ros2_ws/src/install/ros2_aruco_interfaces/include/ros2_aruco_interfaces/msg/detail/aruco_markers__functions.h
[4.342s] -- Symlinking: /root/ros2_ws/src/install/ros2_aruco_interfaces/include/ros2_aruco_interfaces/msg/detail/aruco_markers__struct.h
[4.349s] -- Symlinking: /root/ros2_ws/src/install/ros2_aruco_interfaces/include/ros2_aruco_interfaces/msg/detail/aruco_markers__type_support.h
[4.356s] -- Symlinking: /root/ros2_ws/src/install/ros2_aruco_interfaces/include/ros2_aruco_interfaces/msg/rosidl_generator_c__visibility_control.h
[4.363s] -- Symlinking: /root/ros2_ws/src/install/ros2_aruco_interfaces/share/ros2_aruco_interfaces/environment/library_path.sh
[4.369s] -- Symlinking: /root/ros2_ws/src/install/ros2_aruco_interfaces/share/ros2_aruco_interfaces/environment/library_path.dsv
[4.379s] -- Symlinking: /root/ros2_ws/src/install/ros2_aruco_interfaces/include/ros2_aruco_interfaces/msg/detail/aruco_markers__rosidl_typesupport_fastrtps_c.h
[4.386s] -- Symlinking: /root/ros2_ws/src/install/ros2_aruco_interfaces/include/ros2_aruco_interfaces/msg/rosidl_typesupport_fastrtps_c__visibility_control.h
[4.393s] -- Symlinking: /root/ros2_ws/src/install/ros2_aruco_interfaces/lib/libros2_aruco_interfaces__rosidl_typesupport_fastrtps_c.so
[4.400s] -- Symlinking: /root/ros2_ws/src/install/ros2_aruco_interfaces/include/ros2_aruco_interfaces/msg/detail/aruco_markers__rosidl_typesupport_fastrtps_cpp.hpp
[4.408s] -- Symlinking: /root/ros2_ws/src/install/ros2_aruco_interfaces/include/ros2_aruco_interfaces/msg/rosidl_typesupport_fastrtps_cpp__visibility_control.h
[4.416s] -- Symlinking: /root/ros2_ws/src/install/ros2_aruco_interfaces/lib/libros2_aruco_interfaces__rosidl_typesupport_fastrtps_cpp.so
[4.422s] -- Symlinking: /root/ros2_ws/src/install/ros2_aruco_interfaces/include/ros2_aruco_interfaces/msg/detail/aruco_markers__rosidl_typesupport_introspection_c.h
[4.429s] -- Symlinking: /root/ros2_ws/src/install/ros2_aruco_interfaces/include/ros2_aruco_interfaces/msg/rosidl_typesupport_introspection_c__visibility_control.h
[4.435s] -- Symlinking: /root/ros2_ws/src/install/ros2_aruco_interfaces/include/ros2_aruco_interfaces/msg/aruco_markers.hpp
[4.443s] -- Symlinking: /root/ros2_ws/src/install/ros2_aruco_interfaces/include/ros2_aruco_interfaces/msg/detail/aruco_markers__builder.hpp
[4.449s] -- Symlinking: /root/ros2_ws/src/install/ros2_aruco_interfaces/include/ros2_aruco_interfaces/msg/detail/aruco_markers__struct.hpp
[4.457s] -- Symlinking: /root/ros2_ws/src/install/ros2_aruco_interfaces/include/ros2_aruco_interfaces/msg/detail/aruco_markers__traits.hpp
[4.465s] -- Symlinking: /root/ros2_ws/src/install/ros2_aruco_interfaces/include/ros2_aruco_interfaces/msg/detail/aruco_markers__type_support.hpp
[4.471s] -- Symlinking: /root/ros2_ws/src/install/ros2_aruco_interfaces/include/ros2_aruco_interfaces/msg/rosidl_generator_cpp__visibility_control.hpp
[4.477s] -- Symlinking: /root/ros2_ws/src/install/ros2_aruco_interfaces/include/ros2_aruco_interfaces/msg/detail/aruco_markers__rosidl_typesupport_introspection_cpp.hpp
[4.484s] -- Symlinking: /root/ros2_ws/src/install/ros2_aruco_interfaces/share/ros2_aruco_interfaces/environment/pythonpath.sh
[4.490s] -- Symlinking: /root/ros2_ws/src/install/ros2_aruco_interfaces/share/ros2_aruco_interfaces/environment/pythonpath.dsv
[4.497s] -- Symlinking: /root/ros2_ws/src/install/ros2_aruco_interfaces/lib/python3.8/site-packages/ros2_aruco_interfaces/__init__.py
[4.503s] -- Symlinking: /root/ros2_ws/src/install/ros2_aruco_interfaces/lib/python3.8/site-packages/ros2_aruco_interfaces/msg/__init__.py
[4.511s] -- Symlinking: /root/ros2_ws/src/install/ros2_aruco_interfaces/lib/python3.8/site-packages/ros2_aruco_interfaces/msg/_aruco_markers.py
[4.517s] -- Symlinking: /root/ros2_ws/src/install/ros2_aruco_interfaces/lib/python3.8/site-packages/ros2_aruco_interfaces/ros2_aruco_interfaces_s__rosidl_typesupport_fastrtps_c.cpython-38-x86_64-linux-gnu.so
[4.524s] -- Symlinking: /root/ros2_ws/src/install/ros2_aruco_interfaces/lib/python3.8/site-packages/ros2_aruco_interfaces/ros2_aruco_interfaces_s__rosidl_typesupport_introspection_c.cpython-38-x86_64-linux-gnu.so
[4.533s] -- Symlinking: /root/ros2_ws/src/install/ros2_aruco_interfaces/lib/python3.8/site-packages/ros2_aruco_interfaces/ros2_aruco_interfaces_s__rosidl_typesupport_c.cpython-38-x86_64-linux-gnu.so
[4.542s] -- Symlinking: /root/ros2_ws/src/install/ros2_aruco_interfaces/lib/libros2_aruco_interfaces__python.so
[4.550s] -- Symlinking: /root/ros2_ws/src/install/ros2_aruco_interfaces/share/ros2_aruco_interfaces/msg/ArucoMarkers.idl
[4.556s] -- Symlinking: /root/ros2_ws/src/install/ros2_aruco_interfaces/share/ros2_aruco_interfaces/msg/ArucoMarkers.msg
[4.563s] -- Symlinking: /root/ros2_ws/src/install/ros2_aruco_interfaces/share/ament_index/resource_index/package_run_dependencies/ros2_aruco_interfaces
[4.569s] -- Symlinking: /root/ros2_ws/src/install/ros2_aruco_interfaces/share/ament_index/resource_index/parent_prefix_path/ros2_aruco_interfaces
[4.577s] -- Symlinking: /root/ros2_ws/src/install/ros2_aruco_interfaces/share/ros2_aruco_interfaces/environment/ament_prefix_path.sh
[4.584s] -- Symlinking: /root/ros2_ws/src/install/ros2_aruco_interfaces/share/ros2_aruco_interfaces/environment/ament_prefix_path.dsv
[4.592s] -- Symlinking: /root/ros2_ws/src/install/ros2_aruco_interfaces/share/ros2_aruco_interfaces/environment/path.sh
[4.603s] -- Symlinking: /root/ros2_ws/src/install/ros2_aruco_interfaces/share/ros2_aruco_interfaces/environment/path.dsv
[4.610s] -- Symlinking: /root/ros2_ws/src/install/ros2_aruco_interfaces/share/ros2_aruco_interfaces/local_setup.bash
[4.621s] -- Symlinking: /root/ros2_ws/src/install/ros2_aruco_interfaces/share/ros2_aruco_interfaces/local_setup.sh
[4.632s] -- Symlinking: /root/ros2_ws/src/install/ros2_aruco_interfaces/share/ros2_aruco_interfaces/local_setup.zsh
[4.646s] -- Symlinking: /root/ros2_ws/src/install/ros2_aruco_interfaces/share/ros2_aruco_interfaces/local_setup.dsv
[4.662s] -- Symlinking: /root/ros2_ws/src/install/ros2_aruco_interfaces/share/ros2_aruco_interfaces/package.dsv
[4.675s] -- Symlinking: /root/ros2_ws/src/install/ros2_aruco_interfaces/share/ament_index/resource_index/packages/ros2_aruco_interfaces
[4.686s] -- Symlinking: /root/ros2_ws/src/install/ros2_aruco_interfaces/share/ros2_aruco_interfaces/cmake/rosidl_cmake-extras.cmake
[4.697s] -- Symlinking: /root/ros2_ws/src/install/ros2_aruco_interfaces/share/ros2_aruco_interfaces/cmake/ament_cmake_export_dependencies-extras.cmake
[4.710s] -- Symlinking: /root/ros2_ws/src/install/ros2_aruco_interfaces/share/ros2_aruco_interfaces/cmake/ament_cmake_export_libraries-extras.cmake
[4.723s] -- Symlinking: /root/ros2_ws/src/install/ros2_aruco_interfaces/share/ros2_aruco_interfaces/cmake/ament_cmake_export_targets-extras.cmake
[4.738s] -- Symlinking: /root/ros2_ws/src/install/ros2_aruco_interfaces/share/ros2_aruco_interfaces/cmake/ament_cmake_export_include_directories-extras.cmake
[4.754s] -- Symlinking: /root/ros2_ws/src/install/ros2_aruco_interfaces/share/ros2_aruco_interfaces/cmake/rosidl_cmake_export_typesupport_libraries-extras.cmake
[4.767s] -- Symlinking: /root/ros2_ws/src/install/ros2_aruco_interfaces/share/ros2_aruco_interfaces/cmake/rosidl_cmake_export_typesupport_targets-extras.cmake
[4.780s] -- Symlinking: /root/ros2_ws/src/install/ros2_aruco_interfaces/share/ros2_aruco_interfaces/cmake/ros2_aruco_interfacesConfig.cmake
[4.789s] -- Symlinking: /root/ros2_ws/src/install/ros2_aruco_interfaces/share/ros2_aruco_interfaces/cmake/ros2_aruco_interfacesConfig-version.cmake
[4.796s] -- Symlinking: /root/ros2_ws/src/install/ros2_aruco_interfaces/share/ros2_aruco_interfaces/package.xml
[4.803s] -- Installing: /root/ros2_ws/src/install/ros2_aruco_interfaces/lib/libros2_aruco_interfaces__rosidl_generator_c.so
[4.804s] -- Set runtime path of "/root/ros2_ws/src/install/ros2_aruco_interfaces/lib/libros2_aruco_interfaces__rosidl_generator_c.so" to ""
[4.804s] -- Installing: /root/ros2_ws/src/install/ros2_aruco_interfaces/lib/libros2_aruco_interfaces__rosidl_typesupport_introspection_c.so
[4.804s] -- Set runtime path of "/root/ros2_ws/src/install/ros2_aruco_interfaces/lib/libros2_aruco_interfaces__rosidl_typesupport_introspection_c.so" to ""
[4.805s] -- Installing: /root/ros2_ws/src/install/ros2_aruco_interfaces/lib/libros2_aruco_interfaces__rosidl_typesupport_c.so
[4.805s] -- Set runtime path of "/root/ros2_ws/src/install/ros2_aruco_interfaces/lib/libros2_aruco_interfaces__rosidl_typesupport_c.so" to ""
[4.806s] -- Installing: /root/ros2_ws/src/install/ros2_aruco_interfaces/lib/libros2_aruco_interfaces__rosidl_typesupport_introspection_cpp.so
[4.806s] -- Set runtime path of "/root/ros2_ws/src/install/ros2_aruco_interfaces/lib/libros2_aruco_interfaces__rosidl_typesupport_introspection_cpp.so" to ""
[4.806s] -- Installing: /root/ros2_ws/src/install/ros2_aruco_interfaces/lib/libros2_aruco_interfaces__rosidl_typesupport_cpp.so
[4.806s] -- Set runtime path of "/root/ros2_ws/src/install/ros2_aruco_interfaces/lib/libros2_aruco_interfaces__rosidl_typesupport_cpp.so" to ""
[4.834s] Compiling '/root/ros2_ws/src/install/ros2_aruco_interfaces/lib/python3.8/site-packages/ros2_aruco_interfaces/__init__.py'...
[4.837s] -- Installing: /root/ros2_ws/src/install/ros2_aruco_interfaces/share/ros2_aruco_interfaces/cmake/ros2_aruco_interfaces__rosidl_generator_cExport.cmake
[4.837s] -- Installing: /root/ros2_ws/src/install/ros2_aruco_interfaces/share/ros2_aruco_interfaces/cmake/ros2_aruco_interfaces__rosidl_generator_cExport-noconfig.cmake
[4.837s] -- Installing: /root/ros2_ws/src/install/ros2_aruco_interfaces/share/ros2_aruco_interfaces/cmake/ros2_aruco_interfaces__rosidl_typesupport_introspection_cExport.cmake
[4.838s] -- Installing: /root/ros2_ws/src/install/ros2_aruco_interfaces/share/ros2_aruco_interfaces/cmake/ros2_aruco_interfaces__rosidl_typesupport_introspection_cExport-noconfig.cmake
[4.838s] -- Installing: /root/ros2_ws/src/install/ros2_aruco_interfaces/share/ros2_aruco_interfaces/cmake/ros2_aruco_interfaces__rosidl_typesupport_cExport.cmake
[4.838s] -- Installing: /root/ros2_ws/src/install/ros2_aruco_interfaces/share/ros2_aruco_interfaces/cmake/ros2_aruco_interfaces__rosidl_typesupport_cExport-noconfig.cmake
[4.839s] -- Installing: /root/ros2_ws/src/install/ros2_aruco_interfaces/share/ros2_aruco_interfaces/cmake/ros2_aruco_interfaces__rosidl_generator_cppExport.cmake
[4.839s] -- Installing: /root/ros2_ws/src/install/ros2_aruco_interfaces/share/ros2_aruco_interfaces/cmake/ros2_aruco_interfaces__rosidl_typesupport_introspection_cppExport.cmake
[4.839s] -- Installing: /root/ros2_ws/src/install/ros2_aruco_interfaces/share/ros2_aruco_interfaces/cmake/ros2_aruco_interfaces__rosidl_typesupport_introspection_cppExport-noconfig.cmake
[4.840s] -- Installing: /root/ros2_ws/src/install/ros2_aruco_interfaces/share/ros2_aruco_interfaces/cmake/ros2_aruco_interfaces__rosidl_typesupport_cppExport.cmake
[4.840s] -- Installing: /root/ros2_ws/src/install/ros2_aruco_interfaces/share/ros2_aruco_interfaces/cmake/ros2_aruco_interfaces__rosidl_typesupport_cppExport-noconfig.cmake
[4.843s] Invoked command in '/root/ros2_ws/src/build/ros2_aruco_interfaces' returned '0': CMAKE_PREFIX_PATH=${CMAKE_PREFIX_PATH}:/root/ros2_ws/install/ros2_aruco:/opt/ros/foxy /usr/bin/cmake --install /root/ros2_ws/src/build/ros2_aruco_interfaces
